<?xml version="1.0" encoding="UTF-8"?>
<coverage generated="1737266825113" clover="3.2.0">
  <project timestamp="1737266825113" name="All files">
    <metrics statements="644" coveredstatements="596" conditionals="390" coveredconditionals="310" methods="151" coveredmethods="122" elements="1185" coveredelements="1028" complexity="0" loc="644" ncloc="644" packages="12" files="30" classes="30"/>
    <package name="src">
      <metrics statements="125" coveredstatements="117" conditionals="22" coveredconditionals="14" methods="46" coveredmethods="29"/>
      <file name="errors.ts" path="/Users/saadahmad/Projects/Arvo/core/src/errors.ts">
        <metrics statements="7" coveredstatements="7" conditionals="6" coveredconditionals="4" methods="2" coveredmethods="2"/>
        <line num="25" count="6" type="stmt"/>
        <line num="38" count="1" type="stmt"/>
        <line num="39" count="1" type="cond" truecount="1" falsecount="1"/>
        <line num="40" count="1" type="stmt"/>
        <line num="41" count="1" type="stmt"/>
        <line num="42" count="1" type="cond" truecount="3" falsecount="1"/>
        <line num="44" count="6" type="stmt"/>
      </file>
      <file name="index.ts" path="/Users/saadahmad/Projects/Arvo/core/src/index.ts">
        <metrics statements="63" coveredstatements="63" conditionals="0" coveredconditionals="0" methods="30" coveredmethods="13"/>
        <line num="1" count="6" type="stmt"/>
        <line num="2" count="6" type="stmt"/>
        <line num="10" count="6" type="stmt"/>
        <line num="19" count="6" type="stmt"/>
        <line num="27" count="6" type="stmt"/>
        <line num="34" count="6" type="stmt"/>
        <line num="35" count="6" type="stmt"/>
        <line num="37" count="6" type="stmt"/>
        <line num="44" count="6" type="stmt"/>
        <line num="45" count="6" type="stmt"/>
        <line num="49" count="6" type="stmt"/>
        <line num="54" count="6" type="stmt"/>
        <line num="55" count="6" type="stmt"/>
        <line num="56" count="6" type="stmt"/>
        <line num="57" count="6" type="stmt"/>
        <line num="58" count="6" type="stmt"/>
        <line num="59" count="6" type="stmt"/>
        <line num="67" count="6" type="stmt"/>
        <line num="72" count="6" type="stmt"/>
        <line num="73" count="6" type="stmt"/>
        <line num="74" count="6" type="stmt"/>
        <line num="75" count="6" type="stmt"/>
        <line num="79" count="6" type="stmt"/>
        <line num="81" count="6" type="stmt"/>
        <line num="82" count="6" type="stmt"/>
        <line num="93" count="6" type="stmt"/>
        <line num="103" count="6" type="stmt"/>
        <line num="104" count="15" type="stmt"/>
        <line num="105" count="7" type="stmt"/>
        <line num="108" count="6" type="stmt"/>
        <line num="113" count="6" type="stmt"/>
        <line num="114" count="6" type="stmt"/>
        <line num="117" count="6" type="stmt"/>
        <line num="118" count="6" type="stmt"/>
        <line num="119" count="8" type="stmt"/>
        <line num="120" count="6" type="stmt"/>
        <line num="121" count="16" type="stmt"/>
        <line num="122" count="6" type="stmt"/>
        <line num="126" count="6" type="stmt"/>
        <line num="127" count="13" type="stmt"/>
        <line num="128" count="6" type="stmt"/>
        <line num="129" count="6" type="stmt"/>
        <line num="130" count="6" type="stmt"/>
        <line num="131" count="6" type="stmt"/>
        <line num="132" count="6" type="stmt"/>
        <line num="134" count="6" type="stmt"/>
        <line num="138" count="10" type="stmt"/>
        <line num="140" count="8" type="stmt"/>
        <line num="141" count="8" type="stmt"/>
        <line num="142" count="6" type="stmt"/>
        <line num="143" count="6" type="stmt"/>
        <line num="144" count="6" type="stmt"/>
        <line num="146" count="6" type="stmt"/>
        <line num="147" count="6" type="stmt"/>
        <line num="148" count="8" type="stmt"/>
        <line num="150" count="6" type="stmt"/>
        <line num="152" count="6" type="stmt"/>
        <line num="153" count="8" type="stmt"/>
        <line num="154" count="6" type="stmt"/>
        <line num="156" count="6" type="stmt"/>
        <line num="157" count="13" type="stmt"/>
        <line num="158" count="9" type="stmt"/>
        <line num="159" count="7" type="stmt"/>
      </file>
      <file name="schema.ts" path="/Users/saadahmad/Projects/Arvo/core/src/schema.ts">
        <metrics statements="5" coveredstatements="5" conditionals="0" coveredconditionals="0" methods="1" coveredmethods="1"/>
        <line num="1" count="6" type="stmt"/>
        <line num="9" count="6" type="stmt"/>
        <line num="16" count="6" type="stmt"/>
        <line num="22" count="6" type="stmt"/>
        <line num="23" count="18" type="stmt"/>
      </file>
      <file name="utils.ts" path="/Users/saadahmad/Projects/Arvo/core/src/utils.ts">
        <metrics statements="50" coveredstatements="42" conditionals="16" coveredconditionals="10" methods="13" coveredmethods="13"/>
        <line num="2" count="6" type="stmt"/>
        <line num="4" count="6" type="stmt"/>
        <line num="5" count="6" type="stmt"/>
        <line num="20" count="6" type="stmt"/>
        <line num="21" count="119" type="stmt"/>
        <line num="23" count="866" type="stmt"/>
        <line num="24" count="866" type="stmt"/>
        <line num="42" count="6" type="stmt"/>
        <line num="43" count="74" type="stmt"/>
        <line num="44" count="74" type="stmt"/>
        <line num="46" count="0" type="stmt"/>
        <line num="71" count="32" type="cond" truecount="1" falsecount="0"/>
        <line num="72" count="16" type="stmt"/>
        <line num="73" count="16" type="stmt"/>
        <line num="74" count="16" type="stmt"/>
        <line num="75" count="16" type="stmt"/>
        <line num="96" count="6" type="stmt"/>
        <line num="99" count="4" type="stmt"/>
        <line num="100" count="12" type="stmt"/>
        <line num="101" count="12" type="cond" truecount="0" falsecount="1"/>
        <line num="102" count="0" type="stmt"/>
        <line num="104" count="12" type="stmt"/>
        <line num="106" count="4" type="cond" truecount="3" falsecount="1"/>
        <line num="107" count="0" type="stmt"/>
        <line num="109" count="4" type="stmt"/>
        <line num="119" count="6" type="stmt"/>
        <line num="123" count="2" type="stmt"/>
        <line num="124" count="2" type="stmt"/>
        <line num="125" count="2" type="cond" truecount="1" falsecount="0"/>
        <line num="126" count="2" type="stmt"/>
        <line num="128" count="0" type="cond" truecount="0" falsecount="1"/>
        <line num="129" count="0" type="stmt"/>
        <line num="131" count="0" type="stmt"/>
        <line num="138" count="6" type="stmt"/>
        <line num="139" count="6" type="stmt"/>
        <line num="143" count="13" type="stmt"/>
        <line num="159" count="6" type="stmt"/>
        <line num="160" count="7" type="stmt"/>
        <line num="171" count="6" type="stmt"/>
        <line num="174" count="1" type="stmt"/>
        <line num="195" count="6" type="stmt"/>
        <line num="199" count="2" type="stmt"/>
        <line num="201" count="2" type="cond" truecount="4" falsecount="2"/>
        <line num="202" count="2" type="stmt"/>
        <line num="203" count="2" type="stmt"/>
        <line num="206" count="2" type="stmt"/>
        <line num="207" count="2" type="stmt"/>
        <line num="209" count="0" type="stmt"/>
        <line num="213" count="0" type="stmt"/>
        <line num="216" count="6" type="stmt"/>
      </file>
    </package>
    <package name="src.ArvoContract">
      <metrics statements="79" coveredstatements="67" conditionals="30" coveredconditionals="26" methods="17" coveredmethods="13"/>
      <file name="WildCardArvoSemanticVersion.ts" path="/Users/saadahmad/Projects/Arvo/core/src/ArvoContract/WildCardArvoSemanticVersion.ts">
        <metrics statements="4" coveredstatements="4" conditionals="2" coveredconditionals="2" methods="1" coveredmethods="1"/>
        <line num="1" count="6" type="stmt"/>
        <line num="8" count="6" type="stmt"/>
        <line num="18" count="6" type="stmt"/>
        <line num="19" count="18" type="cond" truecount="2" falsecount="0"/>
      </file>
      <file name="helpers.ts" path="/Users/saadahmad/Projects/Arvo/core/src/ArvoContract/helpers.ts">
        <metrics statements="14" coveredstatements="14" conditionals="12" coveredconditionals="12" methods="2" coveredmethods="2"/>
        <line num="1" count="6" type="stmt"/>
        <line num="2" count="6" type="stmt"/>
        <line num="3" count="6" type="stmt"/>
        <line num="38" count="6" type="stmt"/>
        <line num="56" count="12" type="stmt"/>
        <line num="61" count="2" type="cond" truecount="2" falsecount="0"/>
        <line num="62" count="2" type="stmt"/>
        <line num="69" count="12" type="cond" truecount="1" falsecount="0"/>
        <line num="70" count="1" type="stmt"/>
        <line num="73" count="17" type="stmt"/>
        <line num="74" count="19" type="stmt"/>
        <line num="75" count="19" type="cond" truecount="1" falsecount="0"/>
        <line num="76" count="1" type="stmt"/>
        <line num="80" count="10" type="stmt"/>
      </file>
      <file name="index.ts" path="/Users/saadahmad/Projects/Arvo/core/src/ArvoContract/index.ts">
        <metrics statements="58" coveredstatements="46" conditionals="16" coveredconditionals="12" methods="14" coveredmethods="10"/>
        <line num="7" count="6" type="stmt"/>
        <line num="9" count="6" type="stmt"/>
        <line num="10" count="6" type="stmt"/>
        <line num="11" count="6" type="stmt"/>
        <line num="12" count="6" type="stmt"/>
        <line num="16" count="6" type="stmt"/>
        <line num="49" count="6" type="stmt"/>
        <line num="73" count="6" type="stmt"/>
        <line num="74" count="30" type="stmt"/>
        <line num="76" count="6" type="stmt"/>
        <line num="77" count="52" type="stmt"/>
        <line num="79" count="6" type="stmt"/>
        <line num="80" count="100" type="stmt"/>
        <line num="82" count="6" type="stmt"/>
        <line num="83" count="0" type="stmt"/>
        <line num="85" count="6" type="stmt"/>
        <line num="86" count="17" type="stmt"/>
        <line num="102" count="13" type="stmt"/>
        <line num="103" count="13" type="stmt"/>
        <line num="104" count="13" type="stmt"/>
        <line num="105" count="13" type="cond" truecount="4" falsecount="0"/>
        <line num="106" count="13" type="stmt"/>
        <line num="108" count="13" type="stmt"/>
        <line num="109" count="12" type="stmt"/>
        <line num="111" count="19" type="stmt"/>
        <line num="112" count="19" type="stmt"/>
        <line num="113" count="18" type="cond" truecount="0" falsecount="1"/>
        <line num="114" count="0" type="stmt"/>
        <line num="118" count="21" type="stmt"/>
        <line num="119" count="21" type="stmt"/>
        <line num="123" count="11" type="cond" truecount="0" falsecount="1"/>
        <line num="124" count="0" type="stmt"/>
        <line num="146" count="6" type="stmt"/>
        <line num="150" count="5" type="stmt"/>
        <line num="168" count="6" type="stmt"/>
        <line num="181" count="45" type="cond" truecount="4" falsecount="0"/>
        <line num="182" count="2" type="stmt"/>
        <line num="183" count="43" type="cond" truecount="1" falsecount="1"/>
        <line num="184" count="0" type="stmt"/>
        <line num="186" count="43" type="cond" truecount="2" falsecount="0"/>
        <line num="187" count="1" type="stmt"/>
        <line num="191" count="42" type="stmt"/>
        <line num="194" count="44" type="stmt"/>
        <line num="204" count="6" type="stmt"/>
        <line num="205" count="2" type="stmt"/>
        <line num="206" count="2" type="stmt"/>
        <line num="208" count="2" type="cond" truecount="1" falsecount="1"/>
        <line num="215" count="6" type="stmt"/>
        <line num="216" count="0" type="stmt"/>
        <line num="230" count="6" type="stmt"/>
        <line num="231" count="0" type="stmt"/>
        <line num="232" count="0" type="stmt"/>
        <line num="237" count="0" type="stmt"/>
        <line num="240" count="0" type="stmt"/>
        <line num="250" count="0" type="stmt"/>
        <line num="251" count="0" type="stmt"/>
        <line num="255" count="0" type="stmt"/>
        <line num="258" count="6" type="stmt"/>
      </file>
      <file name="validators.ts" path="/Users/saadahmad/Projects/Arvo/core/src/ArvoContract/validators.ts">
        <metrics statements="3" coveredstatements="3" conditionals="0" coveredconditionals="0" methods="0" coveredmethods="0"/>
        <line num="1" count="6" type="stmt"/>
        <line num="2" count="6" type="stmt"/>
        <line num="4" count="6" type="stmt"/>
      </file>
    </package>
    <package name="src.ArvoContract.SimpleArvoContract">
      <metrics statements="6" coveredstatements="6" conditionals="4" coveredconditionals="4" methods="2" coveredmethods="2"/>
      <file name="index.ts" path="/Users/saadahmad/Projects/Arvo/core/src/ArvoContract/SimpleArvoContract/index.ts">
        <metrics statements="6" coveredstatements="6" conditionals="4" coveredconditionals="4" methods="2" coveredmethods="2"/>
        <line num="4" count="6" type="stmt"/>
        <line num="49" count="6" type="stmt"/>
        <line num="67" count="2" type="stmt"/>
        <line num="73" count="2" type="stmt"/>
        <line num="75" count="2" type="stmt"/>
        <line num="81" count="3" type="stmt"/>
      </file>
    </package>
    <package name="src.ArvoContract.VersionedArvoContract">
      <metrics statements="39" coveredstatements="32" conditionals="0" coveredconditionals="0" methods="15" coveredmethods="12"/>
      <file name="index.ts" path="/Users/saadahmad/Projects/Arvo/core/src/ArvoContract/VersionedArvoContract/index.ts">
        <metrics statements="37" coveredstatements="30" conditionals="0" coveredconditionals="0" methods="13" coveredmethods="10"/>
        <line num="1" count="6" type="stmt"/>
        <line num="9" count="6" type="stmt"/>
        <line num="10" count="6" type="stmt"/>
        <line num="11" count="6" type="stmt"/>
        <line num="12" count="6" type="stmt"/>
        <line num="18" count="6" type="stmt"/>
        <line num="33" count="6" type="stmt"/>
        <line num="34" count="26" type="stmt"/>
        <line num="36" count="6" type="stmt"/>
        <line num="37" count="27" type="stmt"/>
        <line num="39" count="6" type="stmt"/>
        <line num="40" count="0" type="stmt"/>
        <line num="42" count="6" type="stmt"/>
        <line num="43" count="14" type="stmt"/>
        <line num="45" count="6" type="stmt"/>
        <line num="53" count="3" type="stmt"/>
        <line num="61" count="6" type="stmt"/>
        <line num="62" count="27" type="stmt"/>
        <line num="64" count="6" type="stmt"/>
        <line num="65" count="57" type="stmt"/>
        <line num="67" count="6" type="stmt"/>
        <line num="68" count="2" type="stmt"/>
        <line num="70" count="6" type="stmt"/>
        <line num="71" count="2" type="stmt"/>
        <line num="78" count="44" type="stmt"/>
        <line num="79" count="44" type="stmt"/>
        <line num="80" count="44" type="stmt"/>
        <line num="84" count="44" type="stmt"/>
        <line num="85" count="44" type="stmt"/>
        <line num="92" count="6" type="stmt"/>
        <line num="93" count="0" type="stmt"/>
        <line num="94" count="0" type="stmt"/>
        <line num="107" count="0" type="stmt"/>
        <line num="113" count="0" type="stmt"/>
        <line num="114" count="0" type="stmt"/>
        <line num="118" count="0" type="stmt"/>
        <line num="121" count="6" type="stmt"/>
      </file>
      <file name="utils.ts" path="/Users/saadahmad/Projects/Arvo/core/src/ArvoContract/VersionedArvoContract/utils.ts">
        <metrics statements="2" coveredstatements="2" conditionals="0" coveredconditionals="0" methods="2" coveredmethods="2"/>
        <line num="5" count="6" type="stmt"/>
        <line num="11" count="83" type="stmt"/>
      </file>
    </package>
    <package name="src.ArvoEvent">
      <metrics statements="88" coveredstatements="84" conditionals="102" coveredconditionals="89" methods="19" coveredmethods="17"/>
      <file name="helpers.ts" path="/Users/saadahmad/Projects/Arvo/core/src/ArvoEvent/helpers.ts">
        <metrics statements="17" coveredstatements="17" conditionals="54" coveredconditionals="53" methods="3" coveredmethods="3"/>
        <line num="1" count="6" type="stmt"/>
        <line num="2" count="6" type="stmt"/>
        <line num="7" count="6" type="stmt"/>
        <line num="8" count="6" type="stmt"/>
        <line num="10" count="6" type="stmt"/>
        <line num="15" count="6" type="stmt"/>
        <line num="20" count="17" type="cond" truecount="3" falsecount="0"/>
        <line num="21" count="1" type="stmt"/>
        <line num="26" count="1" type="stmt"/>
        <line num="32" count="17" type="stmt"/>
        <line num="89" count="6" type="stmt"/>
        <line num="100" count="17" type="cond" truecount="5" falsecount="0"/>
        <line num="101" count="8" type="stmt"/>
        <line num="107" count="9" type="stmt"/>
        <line num="110" count="9" type="stmt"/>
        <line num="115" count="8" type="stmt"/>
        <line num="116" count="8" type="stmt"/>
      </file>
      <file name="index.ts" path="/Users/saadahmad/Projects/Arvo/core/src/ArvoEvent/index.ts">
        <metrics statements="52" coveredstatements="49" conditionals="35" coveredconditionals="25" methods="13" coveredmethods="11"/>
        <line num="8" count="6" type="stmt"/>
        <line num="16" count="6" type="stmt"/>
        <line num="22" count="6" type="stmt"/>
        <line num="54" count="17" type="stmt"/>
        <line num="55" count="17" type="stmt"/>
        <line num="56" count="17" type="stmt"/>
        <line num="57" count="17" type="stmt"/>
        <line num="58" count="17" type="stmt"/>
        <line num="59" count="17" type="stmt"/>
        <line num="60" count="17" type="stmt"/>
        <line num="61" count="17" type="stmt"/>
        <line num="62" count="17" type="stmt"/>
        <line num="63" count="17" type="stmt"/>
        <line num="65" count="16" type="stmt"/>
        <line num="66" count="16" type="stmt"/>
        <line num="68" count="16" type="stmt"/>
        <line num="80" count="16" type="cond" truecount="1" falsecount="0"/>
        <line num="81" count="15" type="cond" truecount="0" falsecount="1"/>
        <line num="82" count="0" type="stmt"/>
        <line num="85" count="16" type="stmt"/>
        <line num="86" count="16" type="stmt"/>
        <line num="98" count="6" type="stmt"/>
        <line num="99" count="1" type="stmt"/>
        <line num="128" count="6" type="stmt"/>
        <line num="129" count="0" type="stmt"/>
        <line num="140" count="6" type="cond" truecount="0" falsecount="1"/>
        <line num="141" count="0" type="stmt"/>
        <line num="152" count="6" type="stmt"/>
        <line num="153" count="16" type="stmt"/>
        <line num="170" count="6" type="stmt"/>
        <line num="171" count="5" type="stmt"/>
        <line num="174" count="6" type="stmt"/>
        <line num="175" count="2" type="stmt"/>
        <line num="178" count="6" type="stmt"/>
        <line num="179" count="5" type="stmt"/>
        <line num="182" count="6" type="stmt"/>
        <line num="183" count="2" type="stmt"/>
        <line num="186" count="6" type="stmt"/>
        <line num="187" count="1" type="stmt"/>
        <line num="190" count="6" type="stmt"/>
        <line num="191" count="1" type="stmt"/>
        <line num="204" count="6" type="stmt"/>
        <line num="206" count="1" type="stmt"/>
        <line num="207" count="1" type="stmt"/>
        <line num="208" count="1" type="stmt"/>
        <line num="209" count="1" type="stmt"/>
        <line num="210" count="1" type="stmt"/>
        <line num="211" count="1" type="stmt"/>
        <line num="212" count="1" type="stmt"/>
        <line num="213" count="1" type="stmt"/>
        <line num="214" count="1" type="stmt"/>
        <line num="216" count="6" type="stmt"/>
      </file>
      <file name="schema.ts" path="/Users/saadahmad/Projects/Arvo/core/src/ArvoEvent/schema.ts">
        <metrics statements="11" coveredstatements="11" conditionals="10" coveredconditionals="8" methods="2" coveredmethods="2"/>
        <line num="1" count="6" type="stmt"/>
        <line num="2" count="6" type="stmt"/>
        <line num="3" count="6" type="stmt"/>
        <line num="9" count="6" type="stmt"/>
        <line num="17" count="6" type="stmt"/>
        <line num="46" count="17" type="stmt"/>
        <line num="83" count="17" type="cond" truecount="5" falsecount="1"/>
        <line num="114" count="6" type="stmt"/>
        <line num="137" count="6" type="stmt"/>
        <line num="150" count="6" type="stmt"/>
        <line num="225" count="6" type="stmt"/>
      </file>
      <file name="utils.ts" path="/Users/saadahmad/Projects/Arvo/core/src/ArvoEvent/utils.ts">
        <metrics statements="8" coveredstatements="7" conditionals="3" coveredconditionals="3" methods="1" coveredmethods="1"/>
        <line num="8" count="6" type="stmt"/>
        <line num="9" count="17" type="stmt"/>
        <line num="10" count="17" type="stmt"/>
        <line num="11" count="17" type="cond" truecount="3" falsecount="0"/>
        <line num="12" count="1" type="stmt"/>
        <line num="14" count="16" type="stmt"/>
        <line num="15" count="16" type="stmt"/>
        <line num="17" count="0" type="stmt"/>
      </file>
    </package>
    <package name="src.ArvoEventFactory">
      <metrics statements="85" coveredstatements="85" conditionals="151" coveredconditionals="114" methods="18" coveredmethods="18"/>
      <file name="Orchestrator.ts" path="/Users/saadahmad/Projects/Arvo/core/src/ArvoEventFactory/Orchestrator.ts">
        <metrics statements="37" coveredstatements="37" conditionals="73" coveredconditionals="53" methods="7" coveredmethods="7"/>
        <line num="1" count="6" type="stmt"/>
        <line num="4" count="6" type="stmt"/>
        <line num="6" count="6" type="stmt"/>
        <line num="7" count="6" type="stmt"/>
        <line num="12" count="6" type="stmt"/>
        <line num="13" count="6" type="stmt"/>
        <line num="14" count="6" type="stmt"/>
        <line num="27" count="6" type="stmt"/>
        <line num="29" count="6" type="stmt"/>
        <line num="30" count="6" type="stmt"/>
        <line num="32" count="7" type="stmt"/>
        <line num="33" count="7" type="cond" truecount="1" falsecount="0"/>
        <line num="37" count="1" type="stmt"/>
        <line num="41" count="6" type="cond" truecount="2" falsecount="0"/>
        <line num="55" count="6" type="stmt"/>
        <line num="65" count="4" type="stmt"/>
        <line num="69" count="4" type="stmt"/>
        <line num="70" count="4" type="stmt"/>
        <line num="73" count="4" type="cond" truecount="1" falsecount="0"/>
        <line num="74" count="1" type="stmt"/>
        <line num="79" count="3" type="stmt"/>
        <line num="80" count="3" type="cond" truecount="2" falsecount="0"/>
        <line num="91" count="1" type="stmt"/>
        <line num="104" count="3" type="stmt"/>
        <line num="123" count="3" type="stmt"/>
        <line num="124" count="3" type="stmt"/>
        <line num="139" count="6" type="stmt"/>
        <line num="149" count="2" type="stmt"/>
        <line num="153" count="2" type="stmt"/>
        <line num="154" count="2" type="cond" truecount="6" falsecount="2"/>
        <line num="157" count="2" type="cond" truecount="4" falsecount="1"/>
        <line num="159" count="1" type="cond" truecount="9" falsecount="3"/>
        <line num="161" count="1" type="stmt"/>
        <line num="163" count="1" type="stmt"/>
        <line num="183" count="1" type="stmt"/>
        <line num="184" count="1" type="stmt"/>
        <line num="188" count="6" type="stmt"/>
      </file>
      <file name="helpers.ts" path="/Users/saadahmad/Projects/Arvo/core/src/ArvoEventFactory/helpers.ts">
        <metrics statements="6" coveredstatements="6" conditionals="0" coveredconditionals="0" methods="2" coveredmethods="2"/>
        <line num="1" count="6" type="stmt"/>
        <line num="4" count="6" type="stmt"/>
        <line num="19" count="6" type="stmt"/>
        <line num="23" count="7" type="stmt"/>
        <line num="42" count="6" type="stmt"/>
        <line num="46" count="7" type="stmt"/>
      </file>
      <file name="index.ts" path="/Users/saadahmad/Projects/Arvo/core/src/ArvoEventFactory/index.ts">
        <metrics statements="35" coveredstatements="35" conditionals="78" coveredconditionals="61" methods="8" coveredmethods="8"/>
        <line num="2" count="6" type="stmt"/>
        <line num="4" count="6" type="stmt"/>
        <line num="6" count="6" type="stmt"/>
        <line num="11" count="6" type="stmt"/>
        <line num="12" count="6" type="stmt"/>
        <line num="30" count="6" type="stmt"/>
        <line num="33" count="13" type="stmt"/>
        <line num="42" count="13" type="stmt"/>
        <line num="63" count="6" type="stmt"/>
        <line num="73" count="2" type="stmt"/>
        <line num="77" count="2" type="stmt"/>
        <line num="78" count="2" type="stmt"/>
        <line num="81" count="2" type="cond" truecount="1" falsecount="0"/>
        <line num="82" count="1" type="stmt"/>
        <line num="86" count="1" type="stmt"/>
        <line num="104" count="1" type="stmt"/>
        <line num="105" count="1" type="stmt"/>
        <line num="129" count="6" type="stmt"/>
        <line num="139" count="4" type="stmt"/>
        <line num="143" count="4" type="stmt"/>
        <line num="144" count="4" type="cond" truecount="7" falsecount="1"/>
        <line num="147" count="4" type="cond" truecount="5" falsecount="0"/>
        <line num="149" count="2" type="cond" truecount="12" falsecount="0"/>
        <line num="151" count="2" type="stmt"/>
        <line num="153" count="2" type="stmt"/>
        <line num="170" count="2" type="stmt"/>
        <line num="171" count="2" type="stmt"/>
        <line num="195" count="6" type="stmt"/>
        <line num="204" count="1" type="stmt"/>
        <line num="208" count="1" type="stmt"/>
        <line num="209" count="1" type="stmt"/>
        <line num="210" count="1" type="stmt"/>
        <line num="234" count="1" type="stmt"/>
        <line num="235" count="1" type="stmt"/>
        <line num="239" count="6" type="stmt"/>
      </file>
      <file name="utils.ts" path="/Users/saadahmad/Projects/Arvo/core/src/ArvoEventFactory/utils.ts">
        <metrics statements="7" coveredstatements="7" conditionals="0" coveredconditionals="0" methods="1" coveredmethods="1"/>
        <line num="1" count="6" type="stmt"/>
        <line num="3" count="6" type="stmt"/>
        <line num="4" count="6" type="stmt"/>
        <line num="5" count="6" type="stmt"/>
        <line num="6" count="6" type="stmt"/>
        <line num="8" count="6" type="stmt"/>
        <line num="10" count="13" type="stmt"/>
      </file>
    </package>
    <package name="src.ArvoOrchestrationSubject">
      <metrics statements="38" coveredstatements="38" conditionals="22" coveredconditionals="20" methods="8" coveredmethods="8"/>
      <file name="index.ts" path="/Users/saadahmad/Projects/Arvo/core/src/ArvoOrchestrationSubject/index.ts">
        <metrics statements="31" coveredstatements="31" conditionals="22" coveredconditionals="20" methods="5" coveredmethods="5"/>
        <line num="3" count="6" type="stmt"/>
        <line num="4" count="6" type="stmt"/>
        <line num="5" count="6" type="stmt"/>
        <line num="6" count="6" type="stmt"/>
        <line num="7" count="6" type="stmt"/>
        <line num="12" count="6" type="stmt"/>
        <line num="45" count="6" type="stmt"/>
        <line num="51" count="14" type="stmt"/>
        <line num="97" count="6" type="stmt"/>
        <line num="103" count="6" type="stmt"/>
        <line num="104" count="5" type="stmt"/>
        <line num="137" count="6" type="stmt"/>
        <line num="138" count="17" type="stmt"/>
        <line num="140" count="17" type="stmt"/>
        <line num="141" count="17" type="cond" truecount="1" falsecount="0"/>
        <line num="142" count="3" type="stmt"/>
        <line num="146" count="14" type="stmt"/>
        <line num="147" count="14" type="stmt"/>
        <line num="148" count="14" type="stmt"/>
        <line num="150" count="3" type="stmt"/>
        <line num="175" count="6" type="stmt"/>
        <line num="176" count="17" type="stmt"/>
        <line num="177" count="17" type="stmt"/>
        <line num="178" count="17" type="stmt"/>
        <line num="179" count="15" type="stmt"/>
        <line num="181" count="15" type="stmt"/>
        <line num="182" count="15" type="cond" truecount="1" falsecount="0"/>
        <line num="183" count="1" type="stmt"/>
        <line num="187" count="14" type="stmt"/>
        <line num="189" count="3" type="stmt"/>
        <line num="198" count="6" type="stmt"/>
      </file>
      <file name="schema.ts" path="/Users/saadahmad/Projects/Arvo/core/src/ArvoOrchestrationSubject/schema.ts">
        <metrics statements="7" coveredstatements="7" conditionals="0" coveredconditionals="0" methods="3" coveredmethods="3"/>
        <line num="1" count="6" type="stmt"/>
        <line num="2" count="6" type="stmt"/>
        <line num="3" count="6" type="stmt"/>
        <line num="6" count="6" type="stmt"/>
        <line num="17" count="31" type="stmt"/>
        <line num="30" count="31" type="stmt"/>
        <line num="41" count="31" type="stmt"/>
      </file>
    </package>
    <package name="src.ArvoOrchestratorContract">
      <metrics statements="25" coveredstatements="24" conditionals="9" coveredconditionals="8" methods="8" coveredmethods="7"/>
      <file name="index.ts" path="/Users/saadahmad/Projects/Arvo/core/src/ArvoOrchestratorContract/index.ts">
        <metrics statements="11" coveredstatements="11" conditionals="9" coveredconditionals="8" methods="3" coveredmethods="3"/>
        <line num="6" count="6" type="stmt"/>
        <line num="7" count="6" type="stmt"/>
        <line num="9" count="6" type="stmt"/>
        <line num="25" count="4" type="stmt"/>
        <line num="26" count="4" type="stmt"/>
        <line num="87" count="6" type="stmt"/>
        <line num="101" count="4" type="cond" truecount="1" falsecount="0"/>
        <line num="102" count="1" type="stmt"/>
        <line num="107" count="3" type="stmt"/>
        <line num="115" count="3" type="stmt"/>
        <line num="121" count="5" type="stmt"/>
      </file>
      <file name="schema.ts" path="/Users/saadahmad/Projects/Arvo/core/src/ArvoOrchestratorContract/schema.ts">
        <metrics statements="3" coveredstatements="3" conditionals="0" coveredconditionals="0" methods="0" coveredmethods="0"/>
        <line num="1" count="6" type="stmt"/>
        <line num="2" count="6" type="stmt"/>
        <line num="9" count="6" type="stmt"/>
      </file>
      <file name="typegen.ts" path="/Users/saadahmad/Projects/Arvo/core/src/ArvoOrchestratorContract/typegen.ts">
        <metrics statements="11" coveredstatements="10" conditionals="0" coveredconditionals="0" methods="5" coveredmethods="4"/>
        <line num="14" count="6" type="stmt"/>
        <line num="19" count="6" type="stmt"/>
        <line num="28" count="6" type="stmt"/>
        <line num="29" count="31" type="stmt"/>
        <line num="44" count="6" type="stmt"/>
        <line num="47" count="16" type="stmt"/>
        <line num="63" count="6" type="stmt"/>
        <line num="66" count="9" type="stmt"/>
        <line num="82" count="6" type="stmt"/>
        <line num="85" count="0" type="stmt"/>
        <line num="87" count="6" type="stmt"/>
      </file>
    </package>
    <package name="src.OpenTelemetry">
      <metrics statements="62" coveredstatements="47" conditionals="44" coveredconditionals="29" methods="11" coveredmethods="9"/>
      <file name="index.ts" path="/Users/saadahmad/Projects/Arvo/core/src/OpenTelemetry/index.ts">
        <metrics statements="62" coveredstatements="47" conditionals="44" coveredconditionals="29" methods="11" coveredmethods="9"/>
        <line num="1" count="6" type="stmt"/>
        <line num="13" count="6" type="stmt"/>
        <line num="14" count="6" type="stmt"/>
        <line num="15" count="6" type="stmt"/>
        <line num="20" count="6" type="stmt"/>
        <line num="24" count="6" type="stmt"/>
        <line num="27" count="4" type="cond" truecount="4" falsecount="0"/>
        <line num="53" count="6" type="stmt"/>
        <line num="54" count="25" type="cond" truecount="1" falsecount="0"/>
        <line num="55" count="4" type="cond" truecount="4" falsecount="0"/>
        <line num="57" count="25" type="stmt"/>
        <line num="76" count="6" type="stmt"/>
        <line num="80" count="0" type="cond" truecount="0" falsecount="1"/>
        <line num="81" count="0" type="stmt"/>
        <line num="87" count="0" type="cond" truecount="0" falsecount="1"/>
        <line num="88" count="0" type="stmt"/>
        <line num="89" count="0" type="cond" truecount="0" falsecount="1"/>
        <line num="90" count="0" type="stmt"/>
        <line num="98" count="0" type="stmt"/>
        <line num="118" count="6" type="stmt"/>
        <line num="134" count="22" type="cond" truecount="0" falsecount="1"/>
        <line num="135" count="0" type="cond" truecount="0" falsecount="2"/>
        <line num="139" count="0" type="stmt"/>
        <line num="143" count="0" type="cond" truecount="0" falsecount="1"/>
        <line num="144" count="0" type="stmt"/>
        <line num="147" count="22" type="stmt"/>
        <line num="158" count="22" type="stmt"/>
        <line num="159" count="22" type="cond" truecount="0" falsecount="1"/>
        <line num="160" count="0" type="stmt"/>
        <line num="162" count="22" type="stmt"/>
        <line num="163" count="22" type="stmt"/>
        <line num="164" count="22" type="stmt"/>
        <line num="166" count="6" type="stmt"/>
        <line num="167" count="6" type="stmt"/>
        <line num="171" count="6" type="stmt"/>
        <line num="173" count="22" type="stmt"/>
        <line num="177" count="6" type="stmt"/>
        <line num="185" count="6" type="stmt"/>
        <line num="191" count="2" type="cond" truecount="1" falsecount="0"/>
        <line num="193" count="2" type="stmt"/>
        <line num="194" count="1" type="stmt"/>
        <line num="200" count="1" type="cond" truecount="1" falsecount="1"/>
        <line num="201" count="1" type="stmt"/>
        <line num="203" count="0" type="stmt"/>
        <line num="213" count="6" type="stmt"/>
        <line num="215" count="12" type="cond" truecount="1" falsecount="0"/>
        <line num="217" count="6" type="cond" truecount="2" falsecount="0"/>
        <line num="218" count="4" type="stmt"/>
        <line num="222" count="4" type="stmt"/>
        <line num="224" count="2" type="stmt"/>
        <line num="231" count="6" type="stmt"/>
        <line num="237" count="6" type="stmt"/>
        <line num="238" count="22" type="stmt"/>
        <line num="239" count="22" type="stmt"/>
        <line num="244" count="22" type="stmt"/>
        <line num="246" count="16" type="cond" truecount="3" falsecount="0"/>
        <line num="247" count="16" type="stmt"/>
        <line num="252" count="22" type="stmt"/>
        <line num="254" count="22" type="stmt"/>
        <line num="261" count="6" type="stmt"/>
        <line num="265" count="0" type="stmt"/>
        <line num="269" count="0" type="stmt"/>
      </file>
    </package>
    <package name="src.OpenTelemetry.ArvoExecution">
      <metrics statements="7" coveredstatements="7" conditionals="2" coveredconditionals="2" methods="2" coveredmethods="2"/>
      <file name="index.ts" path="/Users/saadahmad/Projects/Arvo/core/src/OpenTelemetry/ArvoExecution/index.ts">
        <metrics statements="3" coveredstatements="3" conditionals="0" coveredconditionals="0" methods="1" coveredmethods="1"/>
        <line num="4" count="6" type="stmt"/>
        <line num="5" count="6" type="stmt"/>
        <line num="6" count="6" type="stmt"/>
      </file>
      <file name="types.ts" path="/Users/saadahmad/Projects/Arvo/core/src/OpenTelemetry/ArvoExecution/types.ts">
        <metrics statements="4" coveredstatements="4" conditionals="2" coveredconditionals="2" methods="1" coveredmethods="1"/>
        <line num="1" count="6" type="cond" truecount="2" falsecount="0"/>
        <line num="2" count="6" type="stmt"/>
        <line num="3" count="6" type="stmt"/>
        <line num="4" count="6" type="stmt"/>
      </file>
    </package>
    <package name="src.OpenTelemetry.OpenInference">
      <metrics statements="67" coveredstatements="67" conditionals="2" coveredconditionals="2" methods="2" coveredmethods="2"/>
      <file name="index.ts" path="/Users/saadahmad/Projects/Arvo/core/src/OpenTelemetry/OpenInference/index.ts">
        <metrics statements="57" coveredstatements="57" conditionals="0" coveredconditionals="0" methods="1" coveredmethods="1"/>
        <line num="6" count="6" type="stmt"/>
        <line num="7" count="6" type="stmt"/>
        <line num="10" count="6" type="stmt"/>
        <line num="11" count="6" type="stmt"/>
        <line num="12" count="6" type="stmt"/>
        <line num="13" count="6" type="stmt"/>
        <line num="16" count="6" type="stmt"/>
        <line num="17" count="6" type="stmt"/>
        <line num="18" count="6" type="stmt"/>
        <line num="19" count="6" type="stmt"/>
        <line num="22" count="6" type="stmt"/>
        <line num="23" count="6" type="stmt"/>
        <line num="24" count="6" type="stmt"/>
        <line num="25" count="6" type="stmt"/>
        <line num="28" count="6" type="stmt"/>
        <line num="31" count="6" type="stmt"/>
        <line num="32" count="6" type="stmt"/>
        <line num="35" count="6" type="stmt"/>
        <line num="36" count="6" type="stmt"/>
        <line num="37" count="6" type="stmt"/>
        <line num="38" count="6" type="stmt"/>
        <line num="39" count="6" type="stmt"/>
        <line num="40" count="6" type="stmt"/>
        <line num="42" count="6" type="stmt"/>
        <line num="44" count="6" type="stmt"/>
        <line num="46" count="6" type="stmt"/>
        <line num="48" count="6" type="stmt"/>
        <line num="49" count="6" type="stmt"/>
        <line num="50" count="6" type="stmt"/>
        <line num="53" count="6" type="stmt"/>
        <line num="54" count="6" type="stmt"/>
        <line num="55" count="6" type="stmt"/>
        <line num="57" count="6" type="stmt"/>
        <line num="59" count="6" type="stmt"/>
        <line num="60" count="6" type="stmt"/>
        <line num="63" count="6" type="stmt"/>
        <line num="64" count="6" type="stmt"/>
        <line num="65" count="6" type="stmt"/>
        <line num="68" count="6" type="stmt"/>
        <line num="71" count="6" type="stmt"/>
        <line num="72" count="6" type="stmt"/>
        <line num="75" count="6" type="stmt"/>
        <line num="76" count="6" type="stmt"/>
        <line num="77" count="6" type="stmt"/>
        <line num="78" count="6" type="stmt"/>
        <line num="79" count="6" type="stmt"/>
        <line num="82" count="6" type="stmt"/>
        <line num="85" count="6" type="stmt"/>
        <line num="88" count="6" type="stmt"/>
        <line num="91" count="6" type="stmt"/>
        <line num="92" count="6" type="stmt"/>
        <line num="93" count="6" type="stmt"/>
        <line num="94" count="6" type="stmt"/>
        <line num="97" count="6" type="stmt"/>
        <line num="99" count="6" type="stmt"/>
        <line num="102" count="6" type="stmt"/>
        <line num="103" count="6" type="stmt"/>
      </file>
      <file name="types.ts" path="/Users/saadahmad/Projects/Arvo/core/src/OpenTelemetry/OpenInference/types.ts">
        <metrics statements="10" coveredstatements="10" conditionals="2" coveredconditionals="2" methods="1" coveredmethods="1"/>
        <line num="5" count="6" type="cond" truecount="2" falsecount="0"/>
        <line num="6" count="6" type="stmt"/>
        <line num="7" count="6" type="stmt"/>
        <line num="8" count="6" type="stmt"/>
        <line num="9" count="6" type="stmt"/>
        <line num="10" count="6" type="stmt"/>
        <line num="11" count="6" type="stmt"/>
        <line num="12" count="6" type="stmt"/>
        <line num="13" count="6" type="stmt"/>
        <line num="14" count="6" type="stmt"/>
      </file>
    </package>
    <package name="tests">
      <metrics statements="23" coveredstatements="22" conditionals="2" coveredconditionals="2" methods="3" coveredmethods="3"/>
      <file name="utils.ts" path="/Users/saadahmad/Projects/Arvo/core/tests/utils.ts">
        <metrics statements="23" coveredstatements="22" conditionals="2" coveredconditionals="2" methods="3" coveredmethods="3"/>
        <line num="1" count="3" type="stmt"/>
        <line num="2" count="3" type="stmt"/>
        <line num="3" count="3" type="stmt"/>
        <line num="4" count="3" type="stmt"/>
        <line num="5" count="3" type="stmt"/>
        <line num="6" count="3" type="stmt"/>
        <line num="7" count="3" type="stmt"/>
        <line num="13" count="3" type="stmt"/>
        <line num="14" count="3" type="stmt"/>
        <line num="15" count="3" type="stmt"/>
        <line num="17" count="3" type="stmt"/>
        <line num="19" count="3" type="stmt"/>
        <line num="22" count="3" type="stmt"/>
        <line num="23" count="3" type="stmt"/>
        <line num="26" count="3" type="cond" truecount="1" falsecount="0"/>
        <line num="27" count="3" type="stmt"/>
        <line num="33" count="0" type="stmt"/>
        <line num="41" count="3" type="stmt"/>
        <line num="43" count="3" type="stmt"/>
        <line num="44" count="3" type="cond" truecount="1" falsecount="0"/>
        <line num="45" count="3" type="stmt"/>
        <line num="49" count="3" type="stmt"/>
        <line num="50" count="3" type="stmt"/>
      </file>
    </package>
  </project>
</coverage>
