{"/Users/saadahmad/Projects/Arvo/core/src/errors.ts": {"path":"/Users/saadahmad/Projects/Arvo/core/src/errors.ts","statementMap":{"0":{"start":{"line":25,"column":0},"end":{"line":25,"column":null}},"1":{"start":{"line":25,"column":63},"end":{"line":25,"column":68}},"2":{"start":{"line":38,"column":20},"end":{"line":38,"column":22}},"3":{"start":{"line":38,"column":29},"end":{"line":38,"column":31}},"4":{"start":{"line":38,"column":39},"end":{"line":38,"column":65}},"5":{"start":{"line":39,"column":4},"end":{"line":39,"column":48}},"6":{"start":{"line":40,"column":4},"end":{"line":40,"column":21}},"7":{"start":{"line":41,"column":4},"end":{"line":41,"column":47}},"8":{"start":{"line":42,"column":4},"end":{"line":42,"column":37}},"9":{"start":{"line":44,"column":0},"end":{"line":44,"column":null}},"10":{"start":{"line":25,"column":13},"end":{"line":25,"column":27}}},"fnMap":{"0":{"name":"(anonymous_6)","decl":{"start":{"line":25,"column":0},"end":{"line":25,"column":13}},"loc":{"start":{"line":25,"column":0},"end":{"line":44,"column":null}}},"1":{"name":"ViolationError","decl":{"start":{"line":38,"column":2},"end":{"line":38,"column":14}},"loc":{"start":{"line":38,"column":65},"end":{"line":43,"column":3}}}},"branchMap":{"0":{"loc":{"start":{"line":39,"column":4},"end":{"line":39,"column":48}},"type":"binary-expr","locations":[{"start":{"line":39,"column":4},"end":{"line":39,"column":47}},{"start":{"line":39,"column":47},"end":{"line":39,"column":48}}]},"1":{"loc":{"start":{"line":42,"column":20},"end":{"line":42,"column":36}},"type":"cond-expr","locations":[{"start":{"line":42,"column":20},"end":{"line":42,"column":28}},{"start":{"line":42,"column":32},"end":{"line":42,"column":36}}]},"2":{"loc":{"start":{"line":42,"column":20},"end":{"line":42,"column":32}},"type":"binary-expr","locations":[{"start":{"line":42,"column":20},"end":{"line":42,"column":32}},{"start":{"line":42,"column":20},"end":{"line":42,"column":32}}]}},"s":{"0":6,"1":6,"2":1,"3":1,"4":1,"5":1,"6":1,"7":1,"8":1,"9":6,"10":6},"f":{"0":6,"1":1},"b":{"0":[1,0],"1":[0,1],"2":[1,1]}}
,"/Users/saadahmad/Projects/Arvo/core/src/index.ts": {"path":"/Users/saadahmad/Projects/Arvo/core/src/index.ts","statementMap":{"0":{"start":{"line":1,"column":0},"end":{"line":1,"column":7}},"1":{"start":{"line":97,"column":2},"end":{"line":1,"column":42}},"2":{"start":{"line":2,"column":0},"end":{"line":2,"column":9}},"3":{"start":{"line":98,"column":2},"end":{"line":2,"column":60}},"4":{"start":{"line":3,"column":0},"end":{"line":3,"column":7}},"5":{"start":{"line":80,"column":2},"end":{"line":3,"column":36}},"6":{"start":{"line":4,"column":0},"end":{"line":4,"column":9}},"7":{"start":{"line":81,"column":2},"end":{"line":4,"column":54}},"8":{"start":{"line":5,"column":0},"end":{"line":5,"column":null}},"9":{"start":{"line":82,"column":2},"end":{"line":6,"column":null}},"10":{"start":{"line":21,"column":0},"end":{"line":21,"column":9}},"11":{"start":{"line":135,"column":2},"end":{"line":21,"column":28}},"12":{"start":{"line":94,"column":2},"end":{"line":21,"column":38}},"13":{"start":{"line":105,"column":2},"end":{"line":21,"column":67}},"14":{"start":{"line":90,"column":2},"end":{"line":21,"column":84}},"15":{"start":{"line":91,"column":2},"end":{"line":21,"column":119}},"16":{"start":{"line":23,"column":0},"end":{"line":23,"column":null}},"17":{"start":{"line":118,"column":2},"end":{"line":24,"column":null}},"18":{"start":{"line":96,"column":2},"end":{"line":25,"column":null}},"19":{"start":{"line":123,"column":2},"end":{"line":26,"column":null}},"20":{"start":{"line":138,"column":2},"end":{"line":27,"column":null}},"21":{"start":{"line":124,"column":2},"end":{"line":28,"column":null}},"22":{"start":{"line":95,"column":2},"end":{"line":29,"column":null}},"23":{"start":{"line":32,"column":0},"end":{"line":32,"column":9}},"24":{"start":{"line":125,"column":2},"end":{"line":32,"column":77}},"25":{"start":{"line":34,"column":0},"end":{"line":34,"column":9}},"26":{"start":{"line":127,"column":2},"end":{"line":34,"column":77}},"27":{"start":{"line":35,"column":0},"end":{"line":35,"column":9}},"28":{"start":{"line":130,"column":2},"end":{"line":35,"column":38}},"29":{"start":{"line":129,"column":2},"end":{"line":35,"column":119}},"30":{"start":{"line":42,"column":0},"end":{"line":42,"column":9}},"31":{"start":{"line":99,"column":2},"end":{"line":42,"column":67}},"32":{"start":{"line":43,"column":0},"end":{"line":43,"column":7}},"33":{"start":{"line":103,"column":2},"end":{"line":43,"column":50}},"34":{"start":{"line":44,"column":0},"end":{"line":44,"column":9}},"35":{"start":{"line":133,"column":2},"end":{"line":44,"column":79}},"36":{"start":{"line":45,"column":0},"end":{"line":45,"column":9}},"37":{"start":{"line":104,"column":2},"end":{"line":45,"column":33}},"38":{"start":{"line":134,"column":2},"end":{"line":45,"column":104}},"39":{"start":{"line":46,"column":0},"end":{"line":46,"column":7}},"40":{"start":{"line":111,"column":2},"end":{"line":46,"column":66}},"41":{"start":{"line":47,"column":0},"end":{"line":47,"column":9}},"42":{"start":{"line":119,"column":2},"end":{"line":47,"column":90}},"43":{"start":{"line":49,"column":0},"end":{"line":49,"column":9}},"44":{"start":{"line":115,"column":2},"end":{"line":49,"column":76}},"45":{"start":{"line":50,"column":0},"end":{"line":50,"column":85}},"46":{"start":{"line":51,"column":0},"end":{"line":51,"column":9}},"47":{"start":{"line":117,"column":2},"end":{"line":51,"column":82}},"48":{"start":{"line":53,"column":0},"end":{"line":53,"column":7}},"49":{"start":{"line":108,"column":2},"end":{"line":53,"column":58}},"50":{"start":{"line":54,"column":0},"end":{"line":54,"column":9}},"51":{"start":{"line":109,"column":2},"end":{"line":54,"column":76}},"52":{"start":{"line":55,"column":0},"end":{"line":55,"column":7}},"53":{"start":{"line":106,"column":2},"end":{"line":55,"column":58}},"54":{"start":{"line":56,"column":0},"end":{"line":56,"column":9}},"55":{"start":{"line":107,"column":2},"end":{"line":56,"column":76}},"56":{"start":{"line":57,"column":0},"end":{"line":57,"column":9}},"57":{"start":{"line":136,"column":2},"end":{"line":57,"column":63}},"58":{"start":{"line":58,"column":0},"end":{"line":58,"column":9}},"59":{"start":{"line":121,"column":2},"end":{"line":58,"column":26}},"60":{"start":{"line":120,"column":2},"end":{"line":58,"column":53}},"61":{"start":{"line":131,"column":2},"end":{"line":58,"column":98}},"62":{"start":{"line":70,"column":24},"end":{"line":77,"column":2}},"63":{"start":{"line":85,"column":2},"end":{"line":85,"column":17}}},"fnMap":{"0":{"name":"(anonymous_1)","decl":{"start":{"line":98,"column":2},"end":{"line":98,"column":20}},"loc":{"start":{"line":98,"column":2},"end":{"line":2,"column":60}}},"1":{"name":"(anonymous_2)","decl":{"start":{"line":81,"column":2},"end":{"line":81,"column":17}},"loc":{"start":{"line":81,"column":2},"end":{"line":4,"column":54}}},"2":{"name":"(anonymous_3)","decl":{"start":{"line":82,"column":2},"end":{"line":82,"column":21}},"loc":{"start":{"line":82,"column":2},"end":{"line":6,"column":null}}},"3":{"name":"(anonymous_4)","decl":{"start":{"line":135,"column":2},"end":{"line":135,"column":19}},"loc":{"start":{"line":135,"column":2},"end":{"line":21,"column":28}}},"4":{"name":"(anonymous_5)","decl":{"start":{"line":94,"column":2},"end":{"line":94,"column":10}},"loc":{"start":{"line":94,"column":2},"end":{"line":21,"column":38}}},"5":{"name":"(anonymous_6)","decl":{"start":{"line":105,"column":2},"end":{"line":105,"column":29}},"loc":{"start":{"line":105,"column":2},"end":{"line":21,"column":67}}},"6":{"name":"(anonymous_7)","decl":{"start":{"line":90,"column":2},"end":{"line":90,"column":17}},"loc":{"start":{"line":90,"column":2},"end":{"line":21,"column":84}}},"7":{"name":"(anonymous_8)","decl":{"start":{"line":91,"column":2},"end":{"line":91,"column":11}},"loc":{"start":{"line":91,"column":2},"end":{"line":21,"column":119}}},"8":{"name":"(anonymous_9)","decl":{"start":{"line":118,"column":2},"end":{"line":118,"column":21}},"loc":{"start":{"line":118,"column":2},"end":{"line":24,"column":null}}},"9":{"name":"(anonymous_10)","decl":{"start":{"line":96,"column":2},"end":{"line":96,"column":13}},"loc":{"start":{"line":96,"column":2},"end":{"line":25,"column":null}}},"10":{"name":"(anonymous_11)","decl":{"start":{"line":123,"column":2},"end":{"line":123,"column":25}},"loc":{"start":{"line":123,"column":2},"end":{"line":26,"column":null}}},"11":{"name":"(anonymous_12)","decl":{"start":{"line":138,"column":2},"end":{"line":138,"column":17}},"loc":{"start":{"line":138,"column":2},"end":{"line":27,"column":null}}},"12":{"name":"(anonymous_13)","decl":{"start":{"line":124,"column":2},"end":{"line":124,"column":22}},"loc":{"start":{"line":124,"column":2},"end":{"line":28,"column":null}}},"13":{"name":"(anonymous_14)","decl":{"start":{"line":95,"column":2},"end":{"line":95,"column":13}},"loc":{"start":{"line":95,"column":2},"end":{"line":29,"column":null}}},"14":{"name":"(anonymous_15)","decl":{"start":{"line":125,"column":2},"end":{"line":125,"column":26}},"loc":{"start":{"line":125,"column":2},"end":{"line":32,"column":77}}},"15":{"name":"(anonymous_16)","decl":{"start":{"line":127,"column":2},"end":{"line":127,"column":23}},"loc":{"start":{"line":127,"column":2},"end":{"line":34,"column":77}}},"16":{"name":"(anonymous_17)","decl":{"start":{"line":130,"column":2},"end":{"line":130,"column":29}},"loc":{"start":{"line":130,"column":2},"end":{"line":35,"column":38}}},"17":{"name":"(anonymous_18)","decl":{"start":{"line":129,"column":2},"end":{"line":129,"column":30}},"loc":{"start":{"line":129,"column":2},"end":{"line":35,"column":119}}},"18":{"name":"(anonymous_19)","decl":{"start":{"line":99,"column":2},"end":{"line":99,"column":24}},"loc":{"start":{"line":99,"column":2},"end":{"line":42,"column":67}}},"19":{"name":"(anonymous_20)","decl":{"start":{"line":133,"column":2},"end":{"line":133,"column":30}},"loc":{"start":{"line":133,"column":2},"end":{"line":44,"column":79}}},"20":{"name":"(anonymous_21)","decl":{"start":{"line":104,"column":2},"end":{"line":104,"column":24}},"loc":{"start":{"line":104,"column":2},"end":{"line":45,"column":33}}},"21":{"name":"(anonymous_22)","decl":{"start":{"line":134,"column":2},"end":{"line":134,"column":36}},"loc":{"start":{"line":134,"column":2},"end":{"line":45,"column":104}}},"22":{"name":"(anonymous_23)","decl":{"start":{"line":119,"column":2},"end":{"line":119,"column":39}},"loc":{"start":{"line":119,"column":2},"end":{"line":47,"column":90}}},"23":{"name":"(anonymous_24)","decl":{"start":{"line":115,"column":2},"end":{"line":115,"column":32}},"loc":{"start":{"line":115,"column":2},"end":{"line":49,"column":76}}},"24":{"name":"(anonymous_25)","decl":{"start":{"line":117,"column":2},"end":{"line":117,"column":30}},"loc":{"start":{"line":117,"column":2},"end":{"line":51,"column":82}}},"25":{"name":"(anonymous_26)","decl":{"start":{"line":109,"column":2},"end":{"line":109,"column":23}},"loc":{"start":{"line":109,"column":2},"end":{"line":54,"column":76}}},"26":{"name":"(anonymous_27)","decl":{"start":{"line":107,"column":2},"end":{"line":107,"column":23}},"loc":{"start":{"line":107,"column":2},"end":{"line":56,"column":76}}},"27":{"name":"(anonymous_28)","decl":{"start":{"line":136,"column":2},"end":{"line":136,"column":16}},"loc":{"start":{"line":136,"column":2},"end":{"line":57,"column":63}}},"28":{"name":"(anonymous_29)","decl":{"start":{"line":121,"column":2},"end":{"line":121,"column":17}},"loc":{"start":{"line":121,"column":2},"end":{"line":58,"column":26}}},"29":{"name":"(anonymous_30)","decl":{"start":{"line":120,"column":2},"end":{"line":120,"column":27}},"loc":{"start":{"line":120,"column":2},"end":{"line":58,"column":53}}},"30":{"name":"(anonymous_31)","decl":{"start":{"line":131,"column":2},"end":{"line":131,"column":28}},"loc":{"start":{"line":131,"column":2},"end":{"line":58,"column":98}}}},"branchMap":{},"s":{"0":6,"1":6,"2":6,"3":17,"4":6,"5":6,"6":6,"7":24,"8":6,"9":7,"10":6,"11":9,"12":7,"13":6,"14":6,"15":6,"16":6,"17":8,"18":8,"19":6,"20":6,"21":6,"22":6,"23":6,"24":8,"25":6,"26":6,"27":6,"28":8,"29":6,"30":6,"31":6,"32":6,"33":6,"34":6,"35":6,"36":6,"37":31,"38":21,"39":6,"40":6,"41":6,"42":6,"43":6,"44":11,"45":6,"46":6,"47":8,"48":6,"49":6,"50":6,"51":6,"52":6,"53":6,"54":6,"55":6,"56":6,"57":7,"58":6,"59":6,"60":6,"61":6,"62":6,"63":6},"f":{"0":11,"1":18,"2":1,"3":3,"4":1,"5":0,"6":0,"7":0,"8":2,"9":2,"10":0,"11":0,"12":0,"13":0,"14":2,"15":0,"16":2,"17":0,"18":0,"19":0,"20":25,"21":15,"22":0,"23":5,"24":2,"25":0,"26":0,"27":1,"28":0,"29":0,"30":0},"b":{}}
,"/Users/saadahmad/Projects/Arvo/core/src/schema.ts": {"path":"/Users/saadahmad/Projects/Arvo/core/src/schema.ts","statementMap":{"0":{"start":{"line":1,"column":0},"end":{"line":1,"column":24}},"1":{"start":{"line":9,"column":13},"end":{"line":13,"column":3}},"2":{"start":{"line":16,"column":13},"end":{"line":19,"column":74}},"3":{"start":{"line":22,"column":42},"end":{"line":22,"column":88}},"4":{"start":{"line":22,"column":63},"end":{"line":22,"column":116}},"5":{"start":{"line":22,"column":13},"end":{"line":22,"column":42}}},"fnMap":{"0":{"name":"(anonymous_0)","decl":{"start":{"line":22,"column":42},"end":{"line":22,"column":43}},"loc":{"start":{"line":22,"column":58},"end":{"line":22,"column":88}}}},"branchMap":{},"s":{"0":6,"1":6,"2":6,"3":6,"4":22,"5":6},"f":{"0":22},"b":{}}
,"/Users/saadahmad/Projects/Arvo/core/src/utils.ts": {"path":"/Users/saadahmad/Projects/Arvo/core/src/utils.ts","statementMap":{"0":{"start":{"line":20,"column":0},"end":{"line":20,"column":16}},"1":{"start":{"line":96,"column":0},"end":{"line":96,"column":16}},"2":{"start":{"line":117,"column":0},"end":{"line":117,"column":16}},"3":{"start":{"line":2,"column":0},"end":{"line":2,"column":89}},"4":{"start":{"line":4,"column":0},"end":{"line":4,"column":44}},"5":{"start":{"line":5,"column":0},"end":{"line":5,"column":53}},"6":{"start":{"line":21,"column":2},"end":{"line":25,"column":16}},"7":{"start":{"line":23,"column":19},"end":{"line":23,"column":31}},"8":{"start":{"line":24,"column":22},"end":{"line":24,"column":36}},"9":{"start":{"line":42,"column":27},"end":{"line":48,"column":1}},"10":{"start":{"line":43,"column":2},"end":{"line":47,"column":3}},"11":{"start":{"line":44,"column":4},"end":{"line":44,"column":49}},"12":{"start":{"line":46,"column":4},"end":{"line":46,"column":17}},"13":{"start":{"line":42,"column":13},"end":{"line":42,"column":27}},"14":{"start":{"line":71,"column":31},"end":{"line":83,"column":1}},"15":{"start":{"line":71,"column":32},"end":{"line":71,"column":null}},"16":{"start":{"line":72,"column":14},"end":{"line":72,"column":24}},"17":{"start":{"line":73,"column":24},"end":{"line":73,"column":40}},"18":{"start":{"line":74,"column":2},"end":{"line":74,"column":77}},"19":{"start":{"line":75,"column":2},"end":{"line":82,"column":6}},"20":{"start":{"line":71,"column":13},"end":{"line":71,"column":31}},"21":{"start":{"line":97,"column":32},"end":{"line":103,"column":4}},"22":{"start":{"line":98,"column":16},"end":{"line":98,"column":41}},"23":{"start":{"line":99,"column":4},"end":{"line":101,"column":5}},"24":{"start":{"line":100,"column":6},"end":{"line":100,"column":62}},"25":{"start":{"line":102,"column":4},"end":{"line":102,"column":15}},"26":{"start":{"line":97,"column":14},"end":{"line":97,"column":16}},"27":{"start":{"line":97,"column":21},"end":{"line":97,"column":23}},"28":{"start":{"line":97,"column":28},"end":{"line":97,"column":32}},"29":{"start":{"line":104,"column":2},"end":{"line":106,"column":3}},"30":{"start":{"line":105,"column":4},"end":{"line":105,"column":67}},"31":{"start":{"line":107,"column":2},"end":{"line":107,"column":33}},"32":{"start":{"line":118,"column":13},"end":{"line":118,"column":43}},"33":{"start":{"line":119,"column":13},"end":{"line":119,"column":43}},"34":{"start":{"line":120,"column":2},"end":{"line":122,"column":3}},"35":{"start":{"line":121,"column":4},"end":{"line":121,"column":31}},"36":{"start":{"line":123,"column":2},"end":{"line":125,"column":3}},"37":{"start":{"line":124,"column":4},"end":{"line":124,"column":31}},"38":{"start":{"line":126,"column":2},"end":{"line":126,"column":29}},"39":{"start":{"line":134,"column":0},"end":{"line":134,"column":13}},"40":{"start":{"line":135,"column":9},"end":{"line":137,"column":null}},"41":{"start":{"line":136,"column":4},"end":{"line":136,"column":40}},"42":{"start":{"line":152,"column":9},"end":{"line":154,"column":null}},"43":{"start":{"line":153,"column":4},"end":{"line":153,"column":93}},"44":{"start":{"line":161,"column":9},"end":{"line":166,"column":null}},"45":{"start":{"line":162,"column":4},"end":{"line":165,"column":6}},"46":{"start":{"line":183,"column":9},"end":{"line":200,"column":null}},"47":{"start":{"line":187,"column":4},"end":{"line":199,"column":5}},"48":{"start":{"line":188,"column":33},"end":{"line":188,"column":90}},"49":{"start":{"line":189,"column":30},"end":{"line":189,"column":51}},"50":{"start":{"line":190,"column":43},"end":{"line":190,"column":110}},"51":{"start":{"line":191,"column":26},"end":{"line":191,"column":41}},"52":{"start":{"line":192,"column":6},"end":{"line":192,"column":30}},"53":{"start":{"line":194,"column":6},"end":{"line":197,"column":9}},"54":{"start":{"line":198,"column":6},"end":{"line":198,"column":18}},"55":{"start":{"line":212,"column":9},"end":{"line":214,"column":null}},"56":{"start":{"line":213,"column":4},"end":{"line":213,"column":52}},"57":{"start":{"line":215,"column":0},"end":{"line":215,"column":null}},"58":{"start":{"line":134,"column":13},"end":{"line":134,"column":32}},"59":{"start":{"line":225,"column":31},"end":{"line":229,"column":3}},"60":{"start":{"line":225,"column":64},"end":{"line":229,"column":3}},"61":{"start":{"line":225,"column":13},"end":{"line":225,"column":31}}},"fnMap":{"0":{"name":"cleanString","decl":{"start":{"line":20,"column":16},"end":{"line":20,"column":27}},"loc":{"start":{"line":20,"column":37},"end":{"line":26,"column":1}}},"1":{"name":"(anonymous_1)","decl":{"start":{"line":23,"column":9},"end":{"line":23,"column":10}},"loc":{"start":{"line":23,"column":14},"end":{"line":23,"column":23}}},"2":{"name":"(anonymous_2)","decl":{"start":{"line":24,"column":12},"end":{"line":24,"column":13}},"loc":{"start":{"line":24,"column":17},"end":{"line":24,"column":29}}},"3":{"name":"(anonymous_3)","decl":{"start":{"line":42,"column":27},"end":{"line":42,"column":28}},"loc":{"start":{"line":42,"column":41},"end":{"line":48,"column":1}}},"4":{"name":"(anonymous_4)","decl":{"start":{"line":71,"column":31},"end":{"line":71,"column":32}},"loc":{"start":{"line":71,"column":47},"end":{"line":83,"column":1}}},"5":{"name":"parseSemanticVersion","decl":{"start":{"line":96,"column":16},"end":{"line":96,"column":36}},"loc":{"start":{"line":96,"column":65},"end":{"line":108,"column":1}}},"6":{"name":"(anonymous_6)","decl":{"start":{"line":97,"column":55},"end":{"line":97,"column":56}},"loc":{"start":{"line":97,"column":60},"end":{"line":103,"column":3}}},"7":{"name":"compareSemanticVersions","decl":{"start":{"line":117,"column":16},"end":{"line":117,"column":39}},"loc":{"start":{"line":117,"column":100},"end":{"line":127,"column":1}}},"8":{"name":"(anonymous_8)","decl":{"start":{"line":134,"column":0},"end":{"line":134,"column":13}},"loc":{"start":{"line":134,"column":0},"end":{"line":215,"column":null}}},"9":{"name":"(anonymous_10)","decl":{"start":{"line":135,"column":2},"end":{"line":135,"column":9}},"loc":{"start":{"line":135,"column":102},"end":{"line":137,"column":3}}},"10":{"name":"(anonymous_11)","decl":{"start":{"line":152,"column":2},"end":{"line":152,"column":9}},"loc":{"start":{"line":152,"column":70},"end":{"line":154,"column":3}}},"11":{"name":"(anonymous_12)","decl":{"start":{"line":161,"column":2},"end":{"line":161,"column":9}},"loc":{"start":{"line":161,"column":89},"end":{"line":166,"column":3}}},"12":{"name":"(anonymous_13)","decl":{"start":{"line":183,"column":2},"end":{"line":183,"column":9}},"loc":{"start":{"line":183,"column":39},"end":{"line":200,"column":3}}},"13":{"name":"(anonymous_14)","decl":{"start":{"line":212,"column":2},"end":{"line":212,"column":9}},"loc":{"start":{"line":212,"column":41},"end":{"line":214,"column":3}}},"14":{"name":"(anonymous_15)","decl":{"start":{"line":225,"column":31},"end":{"line":225,"column":32}},"loc":{"start":{"line":225,"column":44},"end":{"line":229,"column":3}}}},"branchMap":{"0":{"loc":{"start":{"line":71,"column":32},"end":{"line":71,"column":null}},"type":"if","locations":[{"start":{"line":71,"column":32},"end":{"line":71,"column":null}}]},"1":{"loc":{"start":{"line":79,"column":6},"end":{"line":81,"column":65}},"type":"cond-expr","locations":[{"start":{"line":80,"column":10},"end":{"line":80,"column":55}},{"start":{"line":81,"column":10},"end":{"line":81,"column":65}}]},"2":{"loc":{"start":{"line":99,"column":4},"end":{"line":101,"column":5}},"type":"if","locations":[{"start":{"line":99,"column":4},"end":{"line":101,"column":5}}]},"3":{"loc":{"start":{"line":104,"column":2},"end":{"line":106,"column":3}},"type":"if","locations":[{"start":{"line":104,"column":2},"end":{"line":106,"column":3}}]},"4":{"loc":{"start":{"line":104,"column":6},"end":{"line":104,"column":71}},"type":"binary-expr","locations":[{"start":{"line":104,"column":6},"end":{"line":104,"column":25}},{"start":{"line":104,"column":29},"end":{"line":104,"column":48}},{"start":{"line":104,"column":52},"end":{"line":104,"column":71}}]},"5":{"loc":{"start":{"line":120,"column":2},"end":{"line":122,"column":3}},"type":"if","locations":[{"start":{"line":120,"column":2},"end":{"line":122,"column":3}}]},"6":{"loc":{"start":{"line":123,"column":2},"end":{"line":125,"column":3}},"type":"if","locations":[{"start":{"line":123,"column":2},"end":{"line":125,"column":3}}]},"7":{"loc":{"start":{"line":188,"column":33},"end":{"line":188,"column":90}},"type":"cond-expr","locations":[{"start":{"line":188,"column":60},"end":{"line":188,"column":64}},{"start":{"line":188,"column":68},"end":{"line":188,"column":89}}]},"8":{"loc":{"start":{"line":188,"column":68},"end":{"line":188,"column":89}},"type":"cond-expr","locations":[{"start":{"line":188,"column":83},"end":{"line":188,"column":87}},{"start":{"line":188,"column":87},"end":{"line":188,"column":89}}]},"9":{"loc":{"start":{"line":188,"column":68},"end":{"line":188,"column":87}},"type":"binary-expr","locations":[{"start":{"line":188,"column":68},"end":{"line":188,"column":87}},{"start":{"line":188,"column":83},"end":{"line":188,"column":87}}]},"10":{"loc":{"start":{"line":228,"column":14},"end":{"line":228,"column":33}},"type":"cond-expr","locations":[{"start":{"line":228,"column":25},"end":{"line":228,"column":29}},{"start":{"line":228,"column":29},"end":{"line":228,"column":33}}]},"11":{"loc":{"start":{"line":228,"column":14},"end":{"line":228,"column":29}},"type":"binary-expr","locations":[{"start":{"line":228,"column":14},"end":{"line":228,"column":29}},{"start":{"line":228,"column":25},"end":{"line":228,"column":29}}]}},"s":{"0":6,"1":6,"2":6,"3":6,"4":6,"5":6,"6":131,"7":965,"8":965,"9":6,"10":210,"11":210,"12":0,"13":6,"14":6,"15":102,"16":51,"17":51,"18":51,"19":51,"20":6,"21":6,"22":18,"23":18,"24":0,"25":18,"26":6,"27":6,"28":6,"29":6,"30":0,"31":6,"32":3,"33":3,"34":3,"35":2,"36":1,"37":0,"38":1,"39":6,"40":6,"41":44,"42":6,"43":28,"44":6,"45":6,"46":6,"47":2,"48":2,"49":2,"50":2,"51":2,"52":2,"53":0,"54":0,"55":6,"56":0,"57":6,"58":6,"59":6,"60":6,"61":6},"f":{"0":131,"1":965,"2":965,"3":210,"4":51,"5":6,"6":18,"7":3,"8":6,"9":44,"10":28,"11":6,"12":2,"13":0,"14":6},"b":{"0":[51],"1":[51,0],"2":[0],"3":[0],"4":[6,6,6],"5":[2],"6":[0],"7":[0,2],"8":[2,0],"9":[2,2],"10":[6,0],"11":[6,6]}}
,"/Users/saadahmad/Projects/Arvo/core/src/ArvoContract/WildCardArvoSemanticVersion.ts": {"path":"/Users/saadahmad/Projects/Arvo/core/src/ArvoContract/WildCardArvoSemanticVersion.ts","statementMap":{"0":{"start":{"line":1,"column":0},"end":{"line":1,"column":55}},"1":{"start":{"line":8,"column":13},"end":{"line":8,"column":82}},"2":{"start":{"line":17,"column":44},"end":{"line":18,"column":28}},"3":{"start":{"line":18,"column":2},"end":{"line":18,"column":81}},"4":{"start":{"line":17,"column":13},"end":{"line":17,"column":44}}},"fnMap":{"0":{"name":"(anonymous_0)","decl":{"start":{"line":17,"column":44},"end":{"line":17,"column":45}},"loc":{"start":{"line":17,"column":73},"end":{"line":18,"column":28}}}},"branchMap":{"0":{"loc":{"start":{"line":18,"column":2},"end":{"line":18,"column":80}},"type":"binary-expr","locations":[{"start":{"line":18,"column":2},"end":{"line":18,"column":37}},{"start":{"line":18,"column":41},"end":{"line":18,"column":80}}]}},"s":{"0":6,"1":6,"2":6,"3":22,"4":6},"f":{"0":22},"b":{"0":[22,22]}}
,"/Users/saadahmad/Projects/Arvo/core/src/ArvoContract/helpers.ts": {"path":"/Users/saadahmad/Projects/Arvo/core/src/ArvoContract/helpers.ts","statementMap":{"0":{"start":{"line":2,"column":0},"end":{"line":2,"column":29}},"1":{"start":{"line":3,"column":0},"end":{"line":3,"column":83}},"2":{"start":{"line":5,"column":0},"end":{"line":5,"column":39}},"3":{"start":{"line":38,"column":34},"end":{"line":85,"column":1}},"4":{"start":{"line":57,"column":29},"end":{"line":64,"column":3}},"5":{"start":{"line":58,"column":26},"end":{"line":58,"column":63}},"6":{"start":{"line":59,"column":4},"end":{"line":63,"column":7}},"7":{"start":{"line":66,"column":2},"end":{"line":68,"column":3}},"8":{"start":{"line":67,"column":4},"end":{"line":67,"column":72}},"9":{"start":{"line":70,"column":2},"end":{"line":75,"column":3}},"10":{"start":{"line":70,"column":43},"end":{"line":70,"column":49}},"11":{"start":{"line":70,"column":43},"end":{"line":70,"column":76}},"12":{"start":{"line":70,"column":13},"end":{"line":70,"column":14}},"13":{"start":{"line":70,"column":21},"end":{"line":70,"column":23}},"14":{"start":{"line":70,"column":38},"end":{"line":70,"column":39}},"15":{"start":{"line":71,"column":4},"end":{"line":74,"column":null}},"16":{"start":{"line":71,"column":27},"end":{"line":71,"column":33}},"17":{"start":{"line":71,"column":27},"end":{"line":71,"column":73}},"18":{"start":{"line":71,"column":23},"end":{"line":71,"column":27}},"19":{"start":{"line":72,"column":6},"end":{"line":74,"column":7}},"20":{"start":{"line":73,"column":8},"end":{"line":73,"column":72}},"21":{"start":{"line":77,"column":2},"end":{"line":84,"column":5}},"22":{"start":{"line":38,"column":13},"end":{"line":38,"column":34}}},"fnMap":{"0":{"name":"(anonymous_1)","decl":{"start":{"line":38,"column":34},"end":{"line":38,"column":null}},"loc":{"start":{"line":56,"column":1},"end":{"line":85,"column":1}}},"1":{"name":"(anonymous_2)","decl":{"start":{"line":57,"column":29},"end":{"line":57,"column":30}},"loc":{"start":{"line":57,"column":95},"end":{"line":64,"column":3}}}},"branchMap":{"0":{"loc":{"start":{"line":58,"column":26},"end":{"line":58,"column":63}},"type":"cond-expr","locations":[{"start":{"line":58,"column":36},"end":{"line":58,"column":58}},{"start":{"line":58,"column":61},"end":{"line":58,"column":63}}]},"1":{"loc":{"start":{"line":66,"column":2},"end":{"line":68,"column":3}},"type":"if","locations":[{"start":{"line":66,"column":2},"end":{"line":68,"column":3}}]},"2":{"loc":{"start":{"line":72,"column":6},"end":{"line":74,"column":7}},"type":"if","locations":[{"start":{"line":72,"column":6},"end":{"line":74,"column":7}}]},"3":{"loc":{"start":{"line":80,"column":12},"end":{"line":80,"column":36}},"type":"cond-expr","locations":[{"start":{"line":80,"column":28},"end":{"line":80,"column":32}},{"start":{"line":80,"column":32},"end":{"line":80,"column":36}}]},"4":{"loc":{"start":{"line":80,"column":12},"end":{"line":80,"column":32}},"type":"binary-expr","locations":[{"start":{"line":80,"column":12},"end":{"line":80,"column":32}},{"start":{"line":80,"column":28},"end":{"line":80,"column":32}}]},"5":{"loc":{"start":{"line":80,"column":12},"end":{"line":80,"column":28}},"type":"cond-expr","locations":[{"start":{"line":80,"column":20},"end":{"line":80,"column":22}},{"start":{"line":80,"column":12},"end":{"line":80,"column":28}}]},"6":{"loc":{"start":{"line":80,"column":12},"end":{"line":80,"column":22}},"type":"binary-expr","locations":[{"start":{"line":80,"column":12},"end":{"line":80,"column":22}},{"start":{"line":80,"column":12},"end":{"line":80,"column":22}}]},"7":{"loc":{"start":{"line":81,"column":17},"end":{"line":81,"column":45}},"type":"cond-expr","locations":[{"start":{"line":81,"column":37},"end":{"line":81,"column":41}},{"start":{"line":81,"column":41},"end":{"line":81,"column":45}}]},"8":{"loc":{"start":{"line":81,"column":17},"end":{"line":81,"column":41}},"type":"binary-expr","locations":[{"start":{"line":81,"column":17},"end":{"line":81,"column":41}},{"start":{"line":81,"column":37},"end":{"line":81,"column":41}}]},"9":{"loc":{"start":{"line":82,"column":14},"end":{"line":82,"column":52}},"type":"cond-expr","locations":[{"start":{"line":82,"column":31},"end":{"line":82,"column":36}},{"start":{"line":82,"column":36},"end":{"line":82,"column":52}}]},"10":{"loc":{"start":{"line":82,"column":14},"end":{"line":82,"column":36}},"type":"binary-expr","locations":[{"start":{"line":82,"column":14},"end":{"line":82,"column":36}},{"start":{"line":82,"column":31},"end":{"line":82,"column":36}}]}},"s":{"0":6,"1":6,"2":6,"3":6,"4":13,"5":2,"6":2,"7":13,"8":1,"9":12,"10":12,"11":12,"12":19,"13":19,"14":19,"15":19,"16":19,"17":19,"18":23,"19":23,"20":1,"21":11,"22":6},"f":{"0":13,"1":2},"b":{"0":[1,1],"1":[1],"2":[1],"3":[2,9],"4":[11,11],"5":[0,11],"6":[11,11],"7":[1,10],"8":[11,11],"9":[2,9],"10":[11,11]}}
,"/Users/saadahmad/Projects/Arvo/core/src/ArvoContract/index.ts": {"path":"/Users/saadahmad/Projects/Arvo/core/src/ArvoContract/index.ts","statementMap":{"0":{"start":{"line":2,"column":0},"end":{"line":2,"column":45}},"1":{"start":{"line":3,"column":0},"end":{"line":3,"column":71}},"2":{"start":{"line":5,"column":0},"end":{"line":5,"column":51}},"3":{"start":{"line":6,"column":0},"end":{"line":6,"column":64}},"4":{"start":{"line":7,"column":0},"end":{"line":7,"column":106}},"5":{"start":{"line":9,"column":0},"end":{"line":9,"column":54}},"6":{"start":{"line":42,"column":0},"end":{"line":42,"column":null}},"7":{"start":{"line":100,"column":4},"end":{"line":100,"column":58}},"8":{"start":{"line":101,"column":4},"end":{"line":101,"column":58}},"9":{"start":{"line":102,"column":4},"end":{"line":102,"column":64}},"10":{"start":{"line":104,"column":4},"end":{"line":104,"column":27}},"11":{"start":{"line":105,"column":4},"end":{"line":105,"column":29}},"12":{"start":{"line":106,"column":4},"end":{"line":106,"column":37}},"13":{"start":{"line":107,"column":4},"end":{"line":107,"column":51}},"14":{"start":{"line":108,"column":4},"end":{"line":108,"column":37}},"15":{"start":{"line":109,"column":4},"end":{"line":109,"column":33}},"16":{"start":{"line":111,"column":4},"end":{"line":121,"column":5}},"17":{"start":{"line":111,"column":45},"end":{"line":111,"column":51}},"18":{"start":{"line":111,"column":45},"end":{"line":111,"column":76}},"19":{"start":{"line":111,"column":15},"end":{"line":111,"column":16}},"20":{"start":{"line":111,"column":23},"end":{"line":111,"column":25}},"21":{"start":{"line":111,"column":40},"end":{"line":111,"column":41}},"22":{"start":{"line":112,"column":6},"end":{"line":112,"column":47}},"23":{"start":{"line":113,"column":6},"end":{"line":117,"column":7}},"24":{"start":{"line":114,"column":8},"end":{"line":116,"column":10}},"25":{"start":{"line":118,"column":6},"end":{"line":120,"column":7}},"26":{"start":{"line":118,"column":29},"end":{"line":118,"column":35}},"27":{"start":{"line":118,"column":29},"end":{"line":118,"column":63}},"28":{"start":{"line":118,"column":25},"end":{"line":118,"column":29}},"29":{"start":{"line":119,"column":8},"end":{"line":119,"column":59}},"30":{"start":{"line":123,"column":4},"end":{"line":125,"column":5}},"31":{"start":{"line":124,"column":6},"end":{"line":124,"column":91}},"32":{"start":{"line":67,"column":2},"end":{"line":69,"column":null}},"33":{"start":{"line":68,"column":4},"end":{"line":68,"column":21}},"34":{"start":{"line":70,"column":2},"end":{"line":72,"column":null}},"35":{"start":{"line":71,"column":4},"end":{"line":71,"column":22}},"36":{"start":{"line":73,"column":2},"end":{"line":75,"column":null}},"37":{"start":{"line":74,"column":4},"end":{"line":74,"column":26}},"38":{"start":{"line":76,"column":2},"end":{"line":78,"column":null}},"39":{"start":{"line":77,"column":4},"end":{"line":77,"column":29}},"40":{"start":{"line":79,"column":2},"end":{"line":81,"column":null}},"41":{"start":{"line":80,"column":4},"end":{"line":80,"column":26}},"42":{"start":{"line":82,"column":2},"end":{"line":84,"column":null}},"43":{"start":{"line":83,"column":4},"end":{"line":83,"column":24}},"44":{"start":{"line":144,"column":2},"end":{"line":149,"column":null}},"45":{"start":{"line":145,"column":4},"end":{"line":148,"column":6}},"46":{"start":{"line":163,"column":9},"end":{"line":185,"column":null}},"47":{"start":{"line":170,"column":4},"end":{"line":179,"column":5}},"48":{"start":{"line":171,"column":6},"end":{"line":171,"column":64}},"49":{"start":{"line":172,"column":11},"end":{"line":179,"column":5}},"50":{"start":{"line":173,"column":6},"end":{"line":173,"column":63}},"51":{"start":{"line":175,"column":11},"end":{"line":179,"column":5}},"52":{"start":{"line":176,"column":6},"end":{"line":176,"column":89}},"53":{"start":{"line":178,"column":6},"end":{"line":178,"column":72}},"54":{"start":{"line":181,"column":4},"end":{"line":184,"column":14}},"55":{"start":{"line":191,"column":9},"end":{"line":194,"column":null}},"56":{"start":{"line":192,"column":20},"end":{"line":192,"column":119}},"57":{"start":{"line":192,"column":89},"end":{"line":192,"column":119}},"58":{"start":{"line":193,"column":4},"end":{"line":193,"column":59}},"59":{"start":{"line":200,"column":9},"end":{"line":209,"column":null}},"60":{"start":{"line":201,"column":4},"end":{"line":208,"column":6}},"61":{"start":{"line":216,"column":9},"end":{"line":243,"column":null}},"62":{"start":{"line":216,"column":2},"end":{"line":216,"column":9}},"63":{"start":{"line":217,"column":4},"end":{"line":242,"column":5}},"64":{"start":{"line":218,"column":6},"end":{"line":234,"column":8}},"65":{"start":{"line":224,"column":29},"end":{"line":224,"column":88}},"66":{"start":{"line":225,"column":10},"end":{"line":232,"column":12}},"67":{"start":{"line":236,"column":27},"end":{"line":236,"column":86}},"68":{"start":{"line":237,"column":6},"end":{"line":240,"column":9}},"69":{"start":{"line":241,"column":6},"end":{"line":241,"column":36}},"70":{"start":{"line":244,"column":0},"end":{"line":244,"column":null}}},"fnMap":{"0":{"name":"(anonymous_0)","decl":{"start":{"line":42,"column":0},"end":{"line":42,"column":null}},"loc":{"start":{"line":42,"column":0},"end":{"line":244,"column":null}}},"1":{"name":"ArvoContract","decl":{"start":{"line":99,"column":2},"end":{"line":99,"column":14}},"loc":{"start":{"line":99,"column":70},"end":{"line":126,"column":3}}},"2":{"name":"(anonymous_2)","decl":{"start":{"line":67,"column":2},"end":{"line":67,"column":13}},"loc":{"start":{"line":67,"column":2},"end":{"line":69,"column":3}}},"3":{"name":"(anonymous_3)","decl":{"start":{"line":70,"column":2},"end":{"line":70,"column":13}},"loc":{"start":{"line":70,"column":2},"end":{"line":72,"column":3}}},"4":{"name":"(anonymous_4)","decl":{"start":{"line":73,"column":2},"end":{"line":73,"column":13}},"loc":{"start":{"line":73,"column":2},"end":{"line":75,"column":3}}},"5":{"name":"(anonymous_5)","decl":{"start":{"line":76,"column":2},"end":{"line":76,"column":13}},"loc":{"start":{"line":76,"column":2},"end":{"line":78,"column":3}}},"6":{"name":"(anonymous_6)","decl":{"start":{"line":79,"column":2},"end":{"line":79,"column":13}},"loc":{"start":{"line":79,"column":2},"end":{"line":81,"column":3}}},"7":{"name":"(anonymous_7)","decl":{"start":{"line":82,"column":2},"end":{"line":82,"column":13}},"loc":{"start":{"line":82,"column":2},"end":{"line":84,"column":3}}},"8":{"name":"(anonymous_8)","decl":{"start":{"line":144,"column":2},"end":{"line":144,"column":13}},"loc":{"start":{"line":144,"column":2},"end":{"line":149,"column":3}}},"9":{"name":"(anonymous_9)","decl":{"start":{"line":163,"column":2},"end":{"line":163,"column":9}},"loc":{"start":{"line":164,"column":13},"end":{"line":185,"column":3}}},"10":{"name":"(anonymous_10)","decl":{"start":{"line":191,"column":2},"end":{"line":191,"column":9}},"loc":{"start":{"line":191,"column":57},"end":{"line":194,"column":3}}},"11":{"name":"(anonymous_11)","decl":{"start":{"line":192,"column":79},"end":{"line":192,"column":80}},"loc":{"start":{"line":192,"column":84},"end":{"line":192,"column":112}}},"12":{"name":"(anonymous_12)","decl":{"start":{"line":200,"column":2},"end":{"line":200,"column":9}},"loc":{"start":{"line":200,"column":2},"end":{"line":209,"column":3}}},"13":{"name":"(anonymous_13)","decl":{"start":{"line":216,"column":2},"end":{"line":216,"column":9}},"loc":{"start":{"line":216,"column":2},"end":{"line":243,"column":3}}},"14":{"name":"(anonymous_14)","decl":{"start":{"line":223,"column":50},"end":{"line":223,"column":51}},"loc":{"start":{"line":223,"column":58},"end":{"line":233,"column":9}}}},"branchMap":{"0":{"loc":{"start":{"line":107,"column":24},"end":{"line":107,"column":50}},"type":"cond-expr","locations":[{"start":{"line":107,"column":42},"end":{"line":107,"column":46}},{"start":{"line":107,"column":46},"end":{"line":107,"column":50}}]},"1":{"loc":{"start":{"line":107,"column":24},"end":{"line":107,"column":46}},"type":"binary-expr","locations":[{"start":{"line":107,"column":24},"end":{"line":107,"column":46}},{"start":{"line":107,"column":42},"end":{"line":107,"column":46}}]},"2":{"loc":{"start":{"line":113,"column":6},"end":{"line":117,"column":7}},"type":"if","locations":[{"start":{"line":113,"column":6},"end":{"line":117,"column":7}}]},"3":{"loc":{"start":{"line":123,"column":4},"end":{"line":125,"column":5}},"type":"if","locations":[{"start":{"line":123,"column":4},"end":{"line":125,"column":5}}]},"4":{"loc":{"start":{"line":170,"column":4},"end":{"line":179,"column":5}},"type":"if","locations":[{"start":{"line":170,"column":4},"end":{"line":179,"column":5}},{"start":{"line":172,"column":11},"end":{"line":179,"column":5}}]},"5":{"loc":{"start":{"line":170,"column":8},"end":{"line":170,"column":47}},"type":"binary-expr","locations":[{"start":{"line":170,"column":8},"end":{"line":170,"column":24}},{"start":{"line":170,"column":28},"end":{"line":170,"column":47}}]},"6":{"loc":{"start":{"line":172,"column":11},"end":{"line":179,"column":5}},"type":"if","locations":[{"start":{"line":172,"column":11},"end":{"line":179,"column":5}},{"start":{"line":175,"column":11},"end":{"line":179,"column":5}}]},"7":{"loc":{"start":{"line":175,"column":11},"end":{"line":179,"column":5}},"type":"if","locations":[{"start":{"line":175,"column":11},"end":{"line":179,"column":5}},{"start":{"line":177,"column":11},"end":{"line":179,"column":5}}]},"8":{"loc":{"start":{"line":193,"column":11},"end":{"line":193,"column":58}},"type":"cond-expr","locations":[{"start":{"line":193,"column":33},"end":{"line":193,"column":39}},{"start":{"line":193,"column":42},"end":{"line":193,"column":58}}]}},"s":{"0":6,"1":6,"2":6,"3":6,"4":6,"5":6,"6":6,"7":15,"8":14,"9":14,"10":14,"11":14,"12":14,"13":14,"14":14,"15":14,"16":14,"17":14,"18":14,"19":23,"20":23,"21":23,"22":23,"23":22,"24":0,"25":22,"26":22,"27":22,"28":27,"29":27,"30":13,"31":0,"32":6,"33":87,"34":6,"35":91,"36":6,"37":176,"38":6,"39":0,"40":6,"41":35,"42":6,"43":39,"44":6,"45":11,"46":6,"47":83,"48":3,"49":80,"50":0,"51":80,"52":1,"53":79,"54":82,"55":6,"56":3,"57":3,"58":3,"59":6,"60":0,"61":6,"62":0,"63":0,"64":0,"65":0,"66":0,"67":0,"68":0,"69":0,"70":6},"f":{"0":6,"1":15,"2":87,"3":91,"4":176,"5":0,"6":35,"7":39,"8":11,"9":83,"10":3,"11":3,"12":0,"13":0,"14":0},"b":{"0":[1,13],"1":[14,1],"2":[0],"3":[0],"4":[3,80],"5":[83,82],"6":[0,80],"7":[1,79],"8":[3,0]}}
,"/Users/saadahmad/Projects/Arvo/core/src/ArvoContract/validators.ts": {"path":"/Users/saadahmad/Projects/Arvo/core/src/ArvoContract/validators.ts","statementMap":{"0":{"start":{"line":1,"column":0},"end":{"line":1,"column":24}},"1":{"start":{"line":2,"column":0},"end":{"line":2,"column":52}},"2":{"start":{"line":4,"column":13},"end":{"line":36,"column":2}}},"fnMap":{},"branchMap":{},"s":{"0":6,"1":6,"2":6},"f":{},"b":{}}
,"/Users/saadahmad/Projects/Arvo/core/src/ArvoContract/SimpleArvoContract/index.ts": {"path":"/Users/saadahmad/Projects/Arvo/core/src/ArvoContract/SimpleArvoContract/index.ts","statementMap":{"0":{"start":{"line":3,"column":0},"end":{"line":3,"column":48}},"1":{"start":{"line":48,"column":40},"end":{"line":93,"column":1}},"2":{"start":{"line":67,"column":22},"end":{"line":70,"column":null}},"3":{"start":{"line":73,"column":54},"end":{"line":73,"column":81}},"4":{"start":{"line":75,"column":2},"end":{"line":92,"column":62}},"5":{"start":{"line":82,"column":50},"end":{"line":82,"column":52}},"6":{"start":{"line":82,"column":60},"end":{"line":82,"column":61}},"7":{"start":{"line":82,"column":66},"end":{"line":90,"column":8}},"8":{"start":{"line":48,"column":13},"end":{"line":48,"column":40}}},"fnMap":{"0":{"name":"(anonymous_2)","decl":{"start":{"line":48,"column":40},"end":{"line":48,"column":null}},"loc":{"start":{"line":66,"column":1},"end":{"line":93,"column":1}}},"1":{"name":"(anonymous_3)","decl":{"start":{"line":82,"column":41},"end":{"line":82,"column":42}},"loc":{"start":{"line":82,"column":61},"end":{"line":82,"column":null}}}},"branchMap":{"0":{"loc":{"start":{"line":68,"column":8},"end":{"line":68,"column":28}},"type":"cond-expr","locations":[{"start":{"line":68,"column":22},"end":{"line":68,"column":26}},{"start":{"line":68,"column":26},"end":{"line":68,"column":28}}]},"1":{"loc":{"start":{"line":68,"column":8},"end":{"line":68,"column":26}},"type":"binary-expr","locations":[{"start":{"line":68,"column":8},"end":{"line":68,"column":26}},{"start":{"line":68,"column":22},"end":{"line":68,"column":26}}]}},"s":{"0":6,"1":6,"2":2,"3":2,"4":2,"5":3,"6":3,"7":3,"8":6},"f":{"0":2,"1":3},"b":{"0":[1,1],"1":[2,2]}}
,"/Users/saadahmad/Projects/Arvo/core/src/ArvoContract/VersionedArvoContract/index.ts": {"path":"/Users/saadahmad/Projects/Arvo/core/src/ArvoContract/VersionedArvoContract/index.ts","statementMap":{"0":{"start":{"line":1,"column":0},"end":{"line":1,"column":49}},"1":{"start":{"line":3,"column":0},"end":{"line":3,"column":48}},"2":{"start":{"line":5,"column":0},"end":{"line":5,"column":50}},"3":{"start":{"line":6,"column":0},"end":{"line":6,"column":77}},"4":{"start":{"line":9,"column":0},"end":{"line":9,"column":48}},"5":{"start":{"line":15,"column":0},"end":{"line":15,"column":13}},"6":{"start":{"line":62,"column":4},"end":{"line":62,"column":34}},"7":{"start":{"line":63,"column":4},"end":{"line":63,"column":36}},"8":{"start":{"line":64,"column":4},"end":{"line":67,"column":6}},"9":{"start":{"line":68,"column":4},"end":{"line":68,"column":63}},"10":{"start":{"line":69,"column":4},"end":{"line":69,"column":55}},"11":{"start":{"line":25,"column":2},"end":{"line":27,"column":null}},"12":{"start":{"line":26,"column":4},"end":{"line":26,"column":30}},"13":{"start":{"line":28,"column":2},"end":{"line":30,"column":null}},"14":{"start":{"line":29,"column":4},"end":{"line":29,"column":25}},"15":{"start":{"line":31,"column":2},"end":{"line":33,"column":null}},"16":{"start":{"line":32,"column":4},"end":{"line":32,"column":38}},"17":{"start":{"line":34,"column":2},"end":{"line":36,"column":null}},"18":{"start":{"line":35,"column":4},"end":{"line":35,"column":35}},"19":{"start":{"line":37,"column":2},"end":{"line":44,"column":null}},"20":{"start":{"line":40,"column":4},"end":{"line":42,"column":null}},"21":{"start":{"line":45,"column":2},"end":{"line":47,"column":null}},"22":{"start":{"line":46,"column":4},"end":{"line":46,"column":25}},"23":{"start":{"line":48,"column":2},"end":{"line":50,"column":null}},"24":{"start":{"line":49,"column":4},"end":{"line":49,"column":23}},"25":{"start":{"line":51,"column":2},"end":{"line":53,"column":null}},"26":{"start":{"line":52,"column":4},"end":{"line":52,"column":26}},"27":{"start":{"line":54,"column":2},"end":{"line":56,"column":null}},"28":{"start":{"line":55,"column":4},"end":{"line":55,"column":89}},"29":{"start":{"line":57,"column":2},"end":{"line":59,"column":null}},"30":{"start":{"line":58,"column":4},"end":{"line":58,"column":33}},"31":{"start":{"line":76,"column":9},"end":{"line":105,"column":null}},"32":{"start":{"line":77,"column":4},"end":{"line":104,"column":5}},"33":{"start":{"line":78,"column":6},"end":{"line":96,"column":8}},"34":{"start":{"line":92,"column":52},"end":{"line":92,"column":54}},"35":{"start":{"line":92,"column":59},"end":{"line":92,"column":60}},"36":{"start":{"line":92,"column":65},"end":{"line":95,"column":11}},"37":{"start":{"line":98,"column":27},"end":{"line":98,"column":95}},"38":{"start":{"line":99,"column":6},"end":{"line":102,"column":9}},"39":{"start":{"line":103,"column":6},"end":{"line":103,"column":36}},"40":{"start":{"line":106,"column":0},"end":{"line":106,"column":null}},"41":{"start":{"line":15,"column":13},"end":{"line":15,"column":34}}},"fnMap":{"0":{"name":"(anonymous_3)","decl":{"start":{"line":15,"column":0},"end":{"line":15,"column":13}},"loc":{"start":{"line":15,"column":0},"end":{"line":106,"column":null}}},"1":{"name":"VersionedArvoContract","decl":{"start":{"line":61,"column":2},"end":{"line":61,"column":14}},"loc":{"start":{"line":61,"column":64},"end":{"line":70,"column":3}}},"2":{"name":"(anonymous_5)","decl":{"start":{"line":25,"column":2},"end":{"line":25,"column":13}},"loc":{"start":{"line":25,"column":2},"end":{"line":27,"column":3}}},"3":{"name":"(anonymous_6)","decl":{"start":{"line":28,"column":2},"end":{"line":28,"column":13}},"loc":{"start":{"line":28,"column":2},"end":{"line":30,"column":3}}},"4":{"name":"(anonymous_7)","decl":{"start":{"line":31,"column":2},"end":{"line":31,"column":13}},"loc":{"start":{"line":31,"column":2},"end":{"line":33,"column":3}}},"5":{"name":"(anonymous_8)","decl":{"start":{"line":34,"column":2},"end":{"line":34,"column":13}},"loc":{"start":{"line":34,"column":2},"end":{"line":36,"column":3}}},"6":{"name":"(anonymous_9)","decl":{"start":{"line":37,"column":2},"end":{"line":37,"column":13}},"loc":{"start":{"line":37,"column":2},"end":{"line":44,"column":3}}},"7":{"name":"(anonymous_10)","decl":{"start":{"line":45,"column":2},"end":{"line":45,"column":13}},"loc":{"start":{"line":45,"column":2},"end":{"line":47,"column":3}}},"8":{"name":"(anonymous_11)","decl":{"start":{"line":48,"column":2},"end":{"line":48,"column":13}},"loc":{"start":{"line":48,"column":2},"end":{"line":50,"column":3}}},"9":{"name":"(anonymous_12)","decl":{"start":{"line":51,"column":2},"end":{"line":51,"column":13}},"loc":{"start":{"line":51,"column":2},"end":{"line":53,"column":3}}},"10":{"name":"(anonymous_13)","decl":{"start":{"line":54,"column":2},"end":{"line":54,"column":13}},"loc":{"start":{"line":54,"column":2},"end":{"line":56,"column":3}}},"11":{"name":"(anonymous_14)","decl":{"start":{"line":57,"column":2},"end":{"line":57,"column":13}},"loc":{"start":{"line":57,"column":2},"end":{"line":59,"column":3}}},"12":{"name":"(anonymous_15)","decl":{"start":{"line":76,"column":2},"end":{"line":76,"column":9}},"loc":{"start":{"line":76,"column":2},"end":{"line":105,"column":3}}},"13":{"name":"(anonymous_16)","decl":{"start":{"line":92,"column":47},"end":{"line":92,"column":48}},"loc":{"start":{"line":92,"column":60},"end":{"line":92,"column":66}}}},"branchMap":{},"s":{"0":6,"1":6,"2":6,"3":6,"4":6,"5":6,"6":82,"7":82,"8":82,"9":82,"10":82,"11":6,"12":83,"13":6,"14":104,"15":6,"16":0,"17":6,"18":32,"19":6,"20":8,"21":6,"22":60,"23":6,"24":105,"25":6,"26":2,"27":6,"28":2,"29":6,"30":36,"31":6,"32":0,"33":0,"34":0,"35":0,"36":0,"37":0,"38":0,"39":0,"40":6,"41":6},"f":{"0":6,"1":82,"2":83,"3":104,"4":0,"5":32,"6":8,"7":60,"8":105,"9":2,"10":2,"11":36,"12":0,"13":0},"b":{}}
,"/Users/saadahmad/Projects/Arvo/core/src/ArvoContract/VersionedArvoContract/utils.ts": {"path":"/Users/saadahmad/Projects/Arvo/core/src/ArvoContract/VersionedArvoContract/utils.ts","statementMap":{"0":{"start":{"line":5,"column":37},"end":{"line":16,"column":1}},"1":{"start":{"line":8,"column":2},"end":{"line":15,"column":4}},"2":{"start":{"line":8,"column":43},"end":{"line":8,"column":45}},"3":{"start":{"line":8,"column":51},"end":{"line":8,"column":52}},"4":{"start":{"line":8,"column":57},"end":{"line":11,"column":null}},"5":{"start":{"line":5,"column":13},"end":{"line":5,"column":37}}},"fnMap":{"0":{"name":"(anonymous_0)","decl":{"start":{"line":5,"column":37},"end":{"line":5,"column":null}},"loc":{"start":{"line":6,"column":36},"end":{"line":16,"column":1}}},"1":{"name":"(anonymous_1)","decl":{"start":{"line":8,"column":37},"end":{"line":8,"column":38}},"loc":{"start":{"line":8,"column":52},"end":{"line":8,"column":58}}}},"branchMap":{},"s":{"0":6,"1":82,"2":145,"3":145,"4":145,"5":6},"f":{"0":82,"1":145},"b":{}}
,"/Users/saadahmad/Projects/Arvo/core/src/ArvoEvent/helpers.ts": {"path":"/Users/saadahmad/Projects/Arvo/core/src/ArvoEvent/helpers.ts","statementMap":{"0":{"start":{"line":1,"column":0},"end":{"line":1,"column":35}},"1":{"start":{"line":2,"column":0},"end":{"line":2,"column":26}},"2":{"start":{"line":3,"column":0},"end":{"line":3,"column":93}},"3":{"start":{"line":4,"column":0},"end":{"line":4,"column":56}},"4":{"start":{"line":5,"column":0},"end":{"line":5,"column":47}},"5":{"start":{"line":11,"column":18},"end":{"line":50,"column":1}},"6":{"start":{"line":16,"column":2},"end":{"line":26,"column":3}},"7":{"start":{"line":17,"column":20},"end":{"line":21,"column":4}},"8":{"start":{"line":22,"column":4},"end":{"line":25,"column":7}},"9":{"start":{"line":28,"column":2},"end":{"line":49,"column":4}},"10":{"start":{"line":87,"column":31},"end":{"line":113,"column":1}},"11":{"start":{"line":98,"column":2},"end":{"line":103,"column":3}},"12":{"start":{"line":99,"column":4},"end":{"line":102,"column":7}},"13":{"start":{"line":105,"column":2},"end":{"line":112,"column":5}},"14":{"start":{"line":108,"column":29},"end":{"line":108,"column":88}},"15":{"start":{"line":109,"column":6},"end":{"line":109,"column":56}},"16":{"start":{"line":110,"column":6},"end":{"line":110,"column":28}},"17":{"start":{"line":87,"column":13},"end":{"line":87,"column":31}}},"fnMap":{"0":{"name":"(anonymous_1)","decl":{"start":{"line":11,"column":18},"end":{"line":11,"column":null}},"loc":{"start":{"line":14,"column":61},"end":{"line":50,"column":1}}},"1":{"name":"(anonymous_2)","decl":{"start":{"line":87,"column":31},"end":{"line":87,"column":null}},"loc":{"start":{"line":96,"column":3},"end":{"line":113,"column":1}}},"2":{"name":"(anonymous_3)","decl":{"start":{"line":107,"column":8},"end":{"line":107,"column":9}},"loc":{"start":{"line":107,"column":13},"end":{"line":111,"column":5}}}},"branchMap":{"0":{"loc":{"start":{"line":16,"column":2},"end":{"line":26,"column":3}},"type":"if","locations":[{"start":{"line":16,"column":2},"end":{"line":26,"column":3}}]},"1":{"loc":{"start":{"line":16,"column":6},"end":{"line":16,"column":76}},"type":"binary-expr","locations":[{"start":{"line":16,"column":6},"end":{"line":16,"column":27}},{"start":{"line":16,"column":31},"end":{"line":16,"column":76}}]},"2":{"loc":{"start":{"line":30,"column":10},"end":{"line":30,"column":29}},"type":"cond-expr","locations":[{"start":{"line":30,"column":18},"end":{"line":30,"column":22}},{"start":{"line":30,"column":22},"end":{"line":30,"column":29}}]},"3":{"loc":{"start":{"line":30,"column":10},"end":{"line":30,"column":22}},"type":"binary-expr","locations":[{"start":{"line":30,"column":10},"end":{"line":30,"column":22}},{"start":{"line":30,"column":18},"end":{"line":30,"column":22}}]},"4":{"loc":{"start":{"line":32,"column":21},"end":{"line":32,"column":48}},"type":"cond-expr","locations":[{"start":{"line":32,"column":40},"end":{"line":32,"column":44}},{"start":{"line":32,"column":44},"end":{"line":32,"column":48}}]},"5":{"loc":{"start":{"line":32,"column":21},"end":{"line":32,"column":44}},"type":"binary-expr","locations":[{"start":{"line":32,"column":21},"end":{"line":32,"column":44}},{"start":{"line":32,"column":40},"end":{"line":32,"column":44}}]},"6":{"loc":{"start":{"line":33,"column":22},"end":{"line":33,"column":50}},"type":"cond-expr","locations":[{"start":{"line":33,"column":42},"end":{"line":33,"column":46}},{"start":{"line":33,"column":46},"end":{"line":33,"column":50}}]},"7":{"loc":{"start":{"line":33,"column":22},"end":{"line":33,"column":46}},"type":"binary-expr","locations":[{"start":{"line":33,"column":22},"end":{"line":33,"column":46}},{"start":{"line":33,"column":42},"end":{"line":33,"column":46}}]},"8":{"loc":{"start":{"line":34,"column":19},"end":{"line":34,"column":71}},"type":"cond-expr","locations":[{"start":{"line":34,"column":63},"end":{"line":34,"column":67}},{"start":{"line":34,"column":67},"end":{"line":34,"column":71}}]},"9":{"loc":{"start":{"line":34,"column":19},"end":{"line":34,"column":67}},"type":"binary-expr","locations":[{"start":{"line":34,"column":19},"end":{"line":34,"column":67}},{"start":{"line":34,"column":63},"end":{"line":34,"column":67}}]},"10":{"loc":{"start":{"line":34,"column":19},"end":{"line":34,"column":63}},"type":"cond-expr","locations":[{"start":{"line":34,"column":36},"end":{"line":34,"column":40}},{"start":{"line":34,"column":40},"end":{"line":34,"column":63}}]},"11":{"loc":{"start":{"line":34,"column":19},"end":{"line":34,"column":40}},"type":"binary-expr","locations":[{"start":{"line":34,"column":19},"end":{"line":34,"column":40}},{"start":{"line":34,"column":36},"end":{"line":34,"column":40}}]},"12":{"loc":{"start":{"line":35,"column":18},"end":{"line":35,"column":68}},"type":"cond-expr","locations":[{"start":{"line":35,"column":60},"end":{"line":35,"column":64}},{"start":{"line":35,"column":64},"end":{"line":35,"column":68}}]},"13":{"loc":{"start":{"line":35,"column":18},"end":{"line":35,"column":64}},"type":"binary-expr","locations":[{"start":{"line":35,"column":18},"end":{"line":35,"column":64}},{"start":{"line":35,"column":60},"end":{"line":35,"column":64}}]},"14":{"loc":{"start":{"line":35,"column":18},"end":{"line":35,"column":60}},"type":"cond-expr","locations":[{"start":{"line":35,"column":34},"end":{"line":35,"column":38}},{"start":{"line":35,"column":38},"end":{"line":35,"column":60}}]},"15":{"loc":{"start":{"line":35,"column":18},"end":{"line":35,"column":38}},"type":"binary-expr","locations":[{"start":{"line":35,"column":18},"end":{"line":35,"column":38}},{"start":{"line":35,"column":34},"end":{"line":35,"column":38}}]},"16":{"loc":{"start":{"line":36,"column":23},"end":{"line":36,"column":67}},"type":"cond-expr","locations":[{"start":{"line":36,"column":44},"end":{"line":36,"column":48}},{"start":{"line":36,"column":48},"end":{"line":36,"column":67}}]},"17":{"loc":{"start":{"line":36,"column":23},"end":{"line":36,"column":48}},"type":"binary-expr","locations":[{"start":{"line":36,"column":23},"end":{"line":36,"column":48}},{"start":{"line":36,"column":44},"end":{"line":36,"column":48}}]},"18":{"loc":{"start":{"line":37,"column":19},"end":{"line":37,"column":45}},"type":"cond-expr","locations":[{"start":{"line":37,"column":36},"end":{"line":37,"column":40}},{"start":{"line":37,"column":40},"end":{"line":37,"column":45}}]},"19":{"loc":{"start":{"line":37,"column":19},"end":{"line":37,"column":40}},"type":"binary-expr","locations":[{"start":{"line":37,"column":19},"end":{"line":37,"column":40}},{"start":{"line":37,"column":36},"end":{"line":37,"column":40}}]},"20":{"loc":{"start":{"line":38,"column":12},"end":{"line":38,"column":43}},"type":"cond-expr","locations":[{"start":{"line":38,"column":22},"end":{"line":38,"column":26}},{"start":{"line":38,"column":26},"end":{"line":38,"column":43}}]},"21":{"loc":{"start":{"line":38,"column":12},"end":{"line":38,"column":26}},"type":"binary-expr","locations":[{"start":{"line":38,"column":12},"end":{"line":38,"column":26}},{"start":{"line":38,"column":22},"end":{"line":38,"column":26}}]},"22":{"loc":{"start":{"line":41,"column":10},"end":{"line":41,"column":64}},"type":"cond-expr","locations":[{"start":{"line":41,"column":21},"end":{"line":41,"column":40}},{"start":{"line":41,"column":43},"end":{"line":41,"column":64}}]},"23":{"loc":{"start":{"line":42,"column":18},"end":{"line":42,"column":71}},"type":"cond-expr","locations":[{"start":{"line":42,"column":37},"end":{"line":42,"column":64}},{"start":{"line":42,"column":67},"end":{"line":42,"column":71}}]},"24":{"loc":{"start":{"line":43,"column":18},"end":{"line":43,"column":71}},"type":"cond-expr","locations":[{"start":{"line":43,"column":37},"end":{"line":43,"column":64}},{"start":{"line":43,"column":67},"end":{"line":43,"column":71}}]},"25":{"loc":{"start":{"line":44,"column":16},"end":{"line":44,"column":65}},"type":"cond-expr","locations":[{"start":{"line":44,"column":33},"end":{"line":44,"column":58}},{"start":{"line":44,"column":61},"end":{"line":44,"column":65}}]},"26":{"loc":{"start":{"line":45,"column":14},"end":{"line":45,"column":34}},"type":"cond-expr","locations":[{"start":{"line":45,"column":26},"end":{"line":45,"column":30}},{"start":{"line":45,"column":30},"end":{"line":45,"column":34}}]},"27":{"loc":{"start":{"line":45,"column":14},"end":{"line":45,"column":30}},"type":"binary-expr","locations":[{"start":{"line":45,"column":14},"end":{"line":45,"column":30}},{"start":{"line":45,"column":26},"end":{"line":45,"column":30}}]},"28":{"loc":{"start":{"line":98,"column":2},"end":{"line":103,"column":3}},"type":"if","locations":[{"start":{"line":98,"column":2},"end":{"line":103,"column":3}}]},"29":{"loc":{"start":{"line":98,"column":6},"end":{"line":98,"column":28}},"type":"cond-expr","locations":[{"start":{"line":98,"column":19},"end":{"line":98,"column":21}},{"start":{"line":98,"column":6},"end":{"line":98,"column":28}}]},"30":{"loc":{"start":{"line":98,"column":6},"end":{"line":98,"column":21}},"type":"binary-expr","locations":[{"start":{"line":98,"column":6},"end":{"line":98,"column":21}},{"start":{"line":98,"column":6},"end":{"line":98,"column":21}}]}},"s":{"0":6,"1":6,"2":6,"3":6,"4":6,"5":6,"6":52,"7":1,"8":1,"9":52,"10":6,"11":52,"12":34,"13":18,"14":18,"15":15,"16":15,"17":6},"f":{"0":52,"1":52,"2":18},"b":{"0":[1],"1":[52,35],"2":[1,51],"3":[52,52],"4":[5,47],"5":[52,52],"6":[5,47],"7":[52,52],"8":[1,51],"9":[52,1],"10":[1,51],"11":[52,52],"12":[1,51],"13":[52,1],"14":[1,51],"15":[52,52],"16":[35,17],"17":[52,52],"18":[0,52],"19":[52,52],"20":[1,51],"21":[52,52],"22":[22,30],"23":[6,46],"24":[34,18],"25":[13,39],"26":[15,37],"27":[52,52],"28":[34],"29":[18,34],"30":[52,52]}}
,"/Users/saadahmad/Projects/Arvo/core/src/ArvoEvent/index.ts": {"path":"/Users/saadahmad/Projects/Arvo/core/src/ArvoEvent/index.ts","statementMap":{"0":{"start":{"line":1,"column":0},"end":{"line":1,"column":44}},"1":{"start":{"line":3,"column":0},"end":{"line":3,"column":null}},"2":{"start":{"line":24,"column":0},"end":{"line":24,"column":null}},"3":{"start":{"line":121,"column":30},"end":{"line":121,"column":68}},"4":{"start":{"line":122,"column":4},"end":{"line":122,"column":35}},"5":{"start":{"line":123,"column":4},"end":{"line":123,"column":39}},"6":{"start":{"line":124,"column":4},"end":{"line":124,"column":48}},"7":{"start":{"line":125,"column":4},"end":{"line":125,"column":45}},"8":{"start":{"line":126,"column":4},"end":{"line":126,"column":43}},"9":{"start":{"line":127,"column":4},"end":{"line":127,"column":61}},"10":{"start":{"line":128,"column":4},"end":{"line":128,"column":53}},"11":{"start":{"line":129,"column":4},"end":{"line":129,"column":51}},"12":{"start":{"line":130,"column":4},"end":{"line":130,"column":52}},"13":{"start":{"line":132,"column":26},"end":{"line":132,"column":60}},"14":{"start":{"line":133,"column":26},"end":{"line":133,"column":69}},"15":{"start":{"line":135,"column":4},"end":{"line":145,"column":6}},"16":{"start":{"line":147,"column":4},"end":{"line":151,"column":5}},"17":{"start":{"line":148,"column":6},"end":{"line":150,"column":7}},"18":{"start":{"line":149,"column":8},"end":{"line":149,"column":74}},"19":{"start":{"line":152,"column":4},"end":{"line":152,"column":24}},"20":{"start":{"line":153,"column":4},"end":{"line":153,"column":36}},"21":{"start":{"line":173,"column":2},"end":{"line":190,"column":null}},"22":{"start":{"line":174,"column":4},"end":{"line":189,"column":6}},"23":{"start":{"line":210,"column":2},"end":{"line":215,"column":null}},"24":{"start":{"line":211,"column":4},"end":{"line":214,"column":37}},"25":{"start":{"line":229,"column":2},"end":{"line":231,"column":null}},"26":{"start":{"line":229,"column":11},"end":{"line":229,"column":null}},"27":{"start":{"line":230,"column":4},"end":{"line":230,"column":56}},"28":{"start":{"line":246,"column":2},"end":{"line":262,"column":null}},"29":{"start":{"line":247,"column":4},"end":{"line":261,"column":6}},"30":{"start":{"line":267,"column":2},"end":{"line":269,"column":null}},"31":{"start":{"line":268,"column":4},"end":{"line":268,"column":31}},"32":{"start":{"line":279,"column":2},"end":{"line":281,"column":null}},"33":{"start":{"line":280,"column":4},"end":{"line":280,"column":42}},"34":{"start":{"line":287,"column":2},"end":{"line":289,"column":null}},"35":{"start":{"line":288,"column":4},"end":{"line":288,"column":39}},"36":{"start":{"line":296,"column":2},"end":{"line":298,"column":null}},"37":{"start":{"line":297,"column":4},"end":{"line":297,"column":43}},"38":{"start":{"line":305,"column":2},"end":{"line":307,"column":null}},"39":{"start":{"line":306,"column":4},"end":{"line":306,"column":40}},"40":{"start":{"line":314,"column":2},"end":{"line":316,"column":null}},"41":{"start":{"line":315,"column":4},"end":{"line":315,"column":39}},"42":{"start":{"line":324,"column":2},"end":{"line":326,"column":null}},"43":{"start":{"line":325,"column":4},"end":{"line":325,"column":37}},"44":{"start":{"line":331,"column":2},"end":{"line":333,"column":null}},"45":{"start":{"line":332,"column":4},"end":{"line":332,"column":35}},"46":{"start":{"line":346,"column":2},"end":{"line":350,"column":null}},"47":{"start":{"line":347,"column":114},"end":{"line":348,"column":41}},"48":{"start":{"line":347,"column":23},"end":{"line":347,"column":25}},"49":{"start":{"line":347,"column":35},"end":{"line":347,"column":37}},"50":{"start":{"line":347,"column":39},"end":{"line":347,"column":41}},"51":{"start":{"line":347,"column":51},"end":{"line":347,"column":53}},"52":{"start":{"line":347,"column":66},"end":{"line":347,"column":68}},"53":{"start":{"line":347,"column":82},"end":{"line":347,"column":84}},"54":{"start":{"line":347,"column":92},"end":{"line":347,"column":94}},"55":{"start":{"line":347,"column":100},"end":{"line":347,"column":105}},"56":{"start":{"line":347,"column":109},"end":{"line":347,"column":114}},"57":{"start":{"line":349,"column":4},"end":{"line":349,"column":30}},"58":{"start":{"line":351,"column":0},"end":{"line":351,"column":null}}},"fnMap":{"0":{"name":"(anonymous_3)","decl":{"start":{"line":24,"column":0},"end":{"line":24,"column":null}},"loc":{"start":{"line":24,"column":0},"end":{"line":351,"column":null}}},"1":{"name":"ArvoEvent","decl":{"start":{"line":116,"column":2},"end":{"line":116,"column":null}},"loc":{"start":{"line":119,"column":27},"end":{"line":154,"column":3}}},"2":{"name":"(anonymous_5)","decl":{"start":{"line":173,"column":2},"end":{"line":173,"column":6}},"loc":{"start":{"line":173,"column":2},"end":{"line":190,"column":3}}},"3":{"name":"(anonymous_6)","decl":{"start":{"line":210,"column":2},"end":{"line":210,"column":8}},"loc":{"start":{"line":210,"column":2},"end":{"line":215,"column":3}}},"4":{"name":"(anonymous_7)","decl":{"start":{"line":229,"column":2},"end":{"line":229,"column":10}},"loc":{"start":{"line":229,"column":22},"end":{"line":231,"column":3}}},"5":{"name":"(anonymous_8)","decl":{"start":{"line":246,"column":2},"end":{"line":246,"column":6}},"loc":{"start":{"line":246,"column":2},"end":{"line":262,"column":3}}},"6":{"name":"(anonymous_9)","decl":{"start":{"line":267,"column":2},"end":{"line":267,"column":6}},"loc":{"start":{"line":267,"column":2},"end":{"line":269,"column":3}}},"7":{"name":"(anonymous_10)","decl":{"start":{"line":279,"column":2},"end":{"line":279,"column":6}},"loc":{"start":{"line":279,"column":2},"end":{"line":281,"column":3}}},"8":{"name":"(anonymous_11)","decl":{"start":{"line":287,"column":2},"end":{"line":287,"column":6}},"loc":{"start":{"line":287,"column":2},"end":{"line":289,"column":3}}},"9":{"name":"(anonymous_12)","decl":{"start":{"line":296,"column":2},"end":{"line":296,"column":6}},"loc":{"start":{"line":296,"column":2},"end":{"line":298,"column":3}}},"10":{"name":"(anonymous_13)","decl":{"start":{"line":305,"column":2},"end":{"line":305,"column":6}},"loc":{"start":{"line":305,"column":2},"end":{"line":307,"column":3}}},"11":{"name":"(anonymous_14)","decl":{"start":{"line":314,"column":2},"end":{"line":314,"column":6}},"loc":{"start":{"line":314,"column":2},"end":{"line":316,"column":3}}},"12":{"name":"(anonymous_15)","decl":{"start":{"line":324,"column":2},"end":{"line":324,"column":6}},"loc":{"start":{"line":324,"column":2},"end":{"line":326,"column":3}}},"13":{"name":"(anonymous_16)","decl":{"start":{"line":331,"column":2},"end":{"line":331,"column":6}},"loc":{"start":{"line":331,"column":2},"end":{"line":333,"column":3}}},"14":{"name":"(anonymous_17)","decl":{"start":{"line":346,"column":2},"end":{"line":346,"column":6}},"loc":{"start":{"line":346,"column":2},"end":{"line":350,"column":3}}}},"branchMap":{"0":{"loc":{"start":{"line":136,"column":11},"end":{"line":136,"column":72}},"type":"cond-expr","locations":[{"start":{"line":136,"column":24},"end":{"line":136,"column":67}},{"start":{"line":136,"column":70},"end":{"line":136,"column":72}}]},"1":{"loc":{"start":{"line":147,"column":4},"end":{"line":151,"column":5}},"type":"if","locations":[{"start":{"line":147,"column":4},"end":{"line":151,"column":5}}]},"2":{"loc":{"start":{"line":148,"column":6},"end":{"line":150,"column":7}},"type":"if","locations":[{"start":{"line":148,"column":6},"end":{"line":150,"column":7}}]},"3":{"loc":{"start":{"line":229,"column":11},"end":{"line":229,"column":null}},"type":"if","locations":[{"start":{"line":229,"column":11},"end":{"line":229,"column":null}}]},"4":{"loc":{"start":{"line":248,"column":30},"end":{"line":248,"column":49}},"type":"binary-expr","locations":[{"start":{"line":248,"column":30},"end":{"line":248,"column":37}},{"start":{"line":248,"column":41},"end":{"line":248,"column":49}}]},"5":{"loc":{"start":{"line":249,"column":34},"end":{"line":249,"column":57}},"type":"binary-expr","locations":[{"start":{"line":249,"column":34},"end":{"line":249,"column":45}},{"start":{"line":249,"column":49},"end":{"line":249,"column":57}}]},"6":{"loc":{"start":{"line":250,"column":40},"end":{"line":250,"column":68}},"type":"binary-expr","locations":[{"start":{"line":250,"column":40},"end":{"line":250,"column":56}},{"start":{"line":250,"column":60},"end":{"line":250,"column":68}}]},"7":{"loc":{"start":{"line":251,"column":35},"end":{"line":251,"column":59}},"type":"binary-expr","locations":[{"start":{"line":251,"column":35},"end":{"line":251,"column":47}},{"start":{"line":251,"column":51},"end":{"line":251,"column":59}}]},"8":{"loc":{"start":{"line":252,"column":32},"end":{"line":252,"column":53}},"type":"binary-expr","locations":[{"start":{"line":252,"column":32},"end":{"line":252,"column":41}},{"start":{"line":252,"column":45},"end":{"line":252,"column":53}}]},"9":{"loc":{"start":{"line":253,"column":32},"end":{"line":253,"column":53}},"type":"binary-expr","locations":[{"start":{"line":253,"column":32},"end":{"line":253,"column":41}},{"start":{"line":253,"column":45},"end":{"line":253,"column":53}}]},"10":{"loc":{"start":{"line":254,"column":43},"end":{"line":254,"column":75}},"type":"binary-expr","locations":[{"start":{"line":254,"column":43},"end":{"line":254,"column":63}},{"start":{"line":254,"column":67},"end":{"line":254,"column":75}}]},"11":{"loc":{"start":{"line":255,"column":38},"end":{"line":255,"column":65}},"type":"cond-expr","locations":[{"start":{"line":255,"column":53},"end":{"line":255,"column":57}},{"start":{"line":255,"column":57},"end":{"line":255,"column":65}}]},"12":{"loc":{"start":{"line":255,"column":38},"end":{"line":255,"column":57}},"type":"binary-expr","locations":[{"start":{"line":255,"column":38},"end":{"line":255,"column":57}},{"start":{"line":255,"column":53},"end":{"line":255,"column":57}}]},"13":{"loc":{"start":{"line":256,"column":43},"end":{"line":256,"column":82}},"type":"cond-expr","locations":[{"start":{"line":256,"column":70},"end":{"line":256,"column":74}},{"start":{"line":256,"column":74},"end":{"line":256,"column":82}}]},"14":{"loc":{"start":{"line":256,"column":43},"end":{"line":256,"column":74}},"type":"binary-expr","locations":[{"start":{"line":256,"column":43},"end":{"line":256,"column":74}},{"start":{"line":256,"column":70},"end":{"line":256,"column":74}}]},"15":{"loc":{"start":{"line":257,"column":35},"end":{"line":257,"column":66}},"type":"cond-expr","locations":[{"start":{"line":257,"column":54},"end":{"line":257,"column":58}},{"start":{"line":257,"column":58},"end":{"line":257,"column":66}}]},"16":{"loc":{"start":{"line":257,"column":35},"end":{"line":257,"column":58}},"type":"binary-expr","locations":[{"start":{"line":257,"column":35},"end":{"line":257,"column":58}},{"start":{"line":257,"column":54},"end":{"line":257,"column":58}}]},"17":{"loc":{"start":{"line":258,"column":47},"end":{"line":258,"column":90}},"type":"cond-expr","locations":[{"start":{"line":258,"column":78},"end":{"line":258,"column":82}},{"start":{"line":258,"column":82},"end":{"line":258,"column":90}}]},"18":{"loc":{"start":{"line":258,"column":47},"end":{"line":258,"column":82}},"type":"binary-expr","locations":[{"start":{"line":258,"column":47},"end":{"line":258,"column":82}},{"start":{"line":258,"column":78},"end":{"line":258,"column":82}}]},"19":{"loc":{"start":{"line":259,"column":41},"end":{"line":259,"column":78}},"type":"cond-expr","locations":[{"start":{"line":259,"column":66},"end":{"line":259,"column":70}},{"start":{"line":259,"column":70},"end":{"line":259,"column":78}}]},"20":{"loc":{"start":{"line":259,"column":41},"end":{"line":259,"column":70}},"type":"binary-expr","locations":[{"start":{"line":259,"column":41},"end":{"line":259,"column":70}},{"start":{"line":259,"column":66},"end":{"line":259,"column":70}}]},"21":{"loc":{"start":{"line":260,"column":39},"end":{"line":260,"column":74}},"type":"cond-expr","locations":[{"start":{"line":260,"column":62},"end":{"line":260,"column":66}},{"start":{"line":260,"column":66},"end":{"line":260,"column":74}}]},"22":{"loc":{"start":{"line":260,"column":39},"end":{"line":260,"column":66}},"type":"binary-expr","locations":[{"start":{"line":260,"column":39},"end":{"line":260,"column":66}},{"start":{"line":260,"column":62},"end":{"line":260,"column":66}}]}},"s":{"0":6,"1":6,"2":6,"3":52,"4":52,"5":52,"6":52,"7":52,"8":52,"9":52,"10":52,"11":52,"12":52,"13":51,"14":49,"15":49,"16":49,"17":48,"18":0,"19":49,"20":49,"21":6,"22":3,"23":6,"24":1,"25":6,"26":0,"27":0,"28":6,"29":53,"30":6,"31":7,"32":6,"33":3,"34":6,"35":6,"36":6,"37":3,"38":6,"39":1,"40":6,"41":1,"42":6,"43":9,"44":6,"45":23,"46":6,"47":1,"48":1,"49":1,"50":1,"51":1,"52":1,"53":1,"54":1,"55":1,"56":1,"57":1,"58":6},"f":{"0":6,"1":52,"2":3,"3":1,"4":0,"5":53,"6":7,"7":3,"8":6,"9":3,"10":1,"11":1,"12":9,"13":23,"14":1},"b":{"0":[1,48],"1":[48],"2":[0],"3":[0],"4":[53,0],"5":[53,0],"6":[53,0],"7":[53,0],"8":[53,0],"9":[53,0],"10":[53,0],"11":[35,18],"12":[53,35],"13":[5,48],"14":[53,5],"15":[53,0],"16":[53,53],"17":[4,49],"18":[53,4],"19":[15,38],"20":[53,15],"21":[14,39],"22":[53,14]}}
,"/Users/saadahmad/Projects/Arvo/core/src/ArvoEvent/schema.ts": {"path":"/Users/saadahmad/Projects/Arvo/core/src/ArvoEvent/schema.ts","statementMap":{"0":{"start":{"line":1,"column":0},"end":{"line":1,"column":24}},"1":{"start":{"line":2,"column":0},"end":{"line":2,"column":52}},"2":{"start":{"line":3,"column":0},"end":{"line":3,"column":45}},"3":{"start":{"line":9,"column":13},"end":{"line":9,"column":93}},"4":{"start":{"line":16,"column":13},"end":{"line":90,"column":4}},"5":{"start":{"line":38,"column":23},"end":{"line":38,"column":38}},"6":{"start":{"line":69,"column":17},"end":{"line":69,"column":null}},"7":{"start":{"line":97,"column":13},"end":{"line":110,"column":111}},"8":{"start":{"line":116,"column":13},"end":{"line":119,"column":68}},"9":{"start":{"line":126,"column":13},"end":{"line":223,"column":70}},"10":{"start":{"line":230,"column":13},"end":{"line":262,"column":4}}},"fnMap":{"0":{"name":"(anonymous_0)","decl":{"start":{"line":38,"column":14},"end":{"line":38,"column":15}},"loc":{"start":{"line":38,"column":18},"end":{"line":38,"column":26}}},"1":{"name":"(anonymous_1)","decl":{"start":{"line":69,"column":8},"end":{"line":69,"column":9}},"loc":{"start":{"line":69,"column":12},"end":{"line":69,"column":24}}}},"branchMap":{"0":{"loc":{"start":{"line":69,"column":17},"end":{"line":69,"column":117}},"type":"binary-expr","locations":[{"start":{"line":69,"column":17},"end":{"line":69,"column":71}},{"start":{"line":69,"column":75},"end":{"line":69,"column":117}}]},"1":{"loc":{"start":{"line":69,"column":25},"end":{"line":69,"column":70}},"type":"cond-expr","locations":[{"start":{"line":69,"column":28},"end":{"line":69,"column":30}},{"start":{"line":69,"column":25},"end":{"line":69,"column":70}}]},"2":{"loc":{"start":{"line":69,"column":25},"end":{"line":69,"column":30}},"type":"binary-expr","locations":[{"start":{"line":69,"column":25},"end":{"line":69,"column":30}},{"start":{"line":69,"column":25},"end":{"line":69,"column":30}}]},"3":{"loc":{"start":{"line":69,"column":83},"end":{"line":69,"column":116}},"type":"cond-expr","locations":[{"start":{"line":69,"column":86},"end":{"line":69,"column":88}},{"start":{"line":69,"column":83},"end":{"line":69,"column":116}}]},"4":{"loc":{"start":{"line":69,"column":83},"end":{"line":69,"column":88}},"type":"binary-expr","locations":[{"start":{"line":69,"column":83},"end":{"line":69,"column":88}},{"start":{"line":69,"column":83},"end":{"line":69,"column":88}}]}},"s":{"0":6,"1":6,"2":6,"3":6,"4":6,"5":52,"6":52,"7":6,"8":6,"9":6,"10":6},"f":{"0":52,"1":52},"b":{"0":[52,1],"1":[0,52],"2":[52,52],"3":[0,1],"4":[1,1]}}
,"/Users/saadahmad/Projects/Arvo/core/src/ArvoEvent/utils.ts": {"path":"/Users/saadahmad/Projects/Arvo/core/src/ArvoEvent/utils.ts","statementMap":{"0":{"start":{"line":8,"column":34},"end":{"line":19,"column":1}},"1":{"start":{"line":9,"column":2},"end":{"line":18,"column":3}},"2":{"start":{"line":10,"column":23},"end":{"line":10,"column":42}},"3":{"start":{"line":11,"column":4},"end":{"line":13,"column":5}},"4":{"start":{"line":12,"column":6},"end":{"line":12,"column":19}},"5":{"start":{"line":14,"column":19},"end":{"line":14,"column":41}},"6":{"start":{"line":15,"column":4},"end":{"line":15,"column":58}},"7":{"start":{"line":17,"column":4},"end":{"line":17,"column":17}},"8":{"start":{"line":8,"column":13},"end":{"line":8,"column":34}}},"fnMap":{"0":{"name":"(anonymous_0)","decl":{"start":{"line":8,"column":34},"end":{"line":8,"column":35}},"loc":{"start":{"line":8,"column":47},"end":{"line":19,"column":1}}}},"branchMap":{"0":{"loc":{"start":{"line":11,"column":4},"end":{"line":13,"column":5}},"type":"if","locations":[{"start":{"line":11,"column":4},"end":{"line":13,"column":5}}]},"1":{"loc":{"start":{"line":11,"column":8},"end":{"line":11,"column":68}},"type":"binary-expr","locations":[{"start":{"line":11,"column":8},"end":{"line":11,"column":27}},{"start":{"line":11,"column":31},"end":{"line":11,"column":68}}]}},"s":{"0":6,"1":52,"2":52,"3":52,"4":1,"5":51,"6":51,"7":0,"8":6},"f":{"0":52},"b":{"0":[1],"1":[52,1]}}
,"/Users/saadahmad/Projects/Arvo/core/src/ArvoEventFactory/Orchestrator.ts": {"path":"/Users/saadahmad/Projects/Arvo/core/src/ArvoEventFactory/Orchestrator.ts","statementMap":{"0":{"start":{"line":2,"column":0},"end":{"line":2,"column":33}},"1":{"start":{"line":4,"column":0},"end":{"line":4,"column":55}},"2":{"start":{"line":5,"column":0},"end":{"line":5,"column":58}},"3":{"start":{"line":7,"column":0},"end":{"line":7,"column":67}},"4":{"start":{"line":9,"column":0},"end":{"line":9,"column":82}},"5":{"start":{"line":10,"column":0},"end":{"line":10,"column":47}},"6":{"start":{"line":11,"column":0},"end":{"line":11,"column":44}},"7":{"start":{"line":24,"column":0},"end":{"line":26,"column":37}},"8":{"start":{"line":26,"column":10},"end":{"line":26,"column":26}},"9":{"start":{"line":29,"column":2},"end":{"line":29,"column":14}},"10":{"start":{"line":30,"column":4},"end":{"line":32,"column":5}},"11":{"start":{"line":31,"column":6},"end":{"line":31,"column":84}},"12":{"start":{"line":33,"column":4},"end":{"line":33,"column":20}},"13":{"start":{"line":27,"column":21},"end":{"line":27,"column":68}},"14":{"start":{"line":47,"column":2},"end":{"line":111,"column":null}},"15":{"start":{"line":47,"column":2},"end":{"line":47,"column":6}},"16":{"start":{"line":54,"column":4},"end":{"line":110,"column":7}},"17":{"start":{"line":58,"column":28},"end":{"line":58,"column":57}},"18":{"start":{"line":59,"column":33},"end":{"line":59,"column":83}},"19":{"start":{"line":60,"column":8},"end":{"line":62,"column":9}},"20":{"start":{"line":61,"column":10},"end":{"line":61,"column":98}},"21":{"start":{"line":63,"column":45},"end":{"line":63,"column":82}},"22":{"start":{"line":65,"column":10},"end":{"line":87,"column":17}},"23":{"start":{"line":74,"column":38},"end":{"line":74,"column":55}},"24":{"start":{"line":88,"column":31},"end":{"line":105,"column":null}},"25":{"start":{"line":107,"column":8},"end":{"line":107,"column":58}},"26":{"start":{"line":108,"column":8},"end":{"line":108,"column":30}},"27":{"start":{"line":123,"column":2},"end":{"line":186,"column":null}},"28":{"start":{"line":123,"column":2},"end":{"line":123,"column":10}},"29":{"start":{"line":136,"column":4},"end":{"line":185,"column":7}},"30":{"start":{"line":140,"column":28},"end":{"line":140,"column":57}},"31":{"start":{"line":141,"column":33},"end":{"line":141,"column":119}},"32":{"start":{"line":142,"column":8},"end":{"line":146,"column":9}},"33":{"start":{"line":144,"column":12},"end":{"line":144,"column":117}},"34":{"start":{"line":145,"column":10},"end":{"line":145,"column":71}},"35":{"start":{"line":148,"column":26},"end":{"line":148,"column":66}},"36":{"start":{"line":150,"column":10},"end":{"line":161,"column":12}},"37":{"start":{"line":163,"column":31},"end":{"line":180,"column":null}},"38":{"start":{"line":182,"column":8},"end":{"line":182,"column":58}},"39":{"start":{"line":183,"column":8},"end":{"line":183,"column":30}},"40":{"start":{"line":187,"column":0},"end":{"line":187,"column":null}},"41":{"start":{"line":24,"column":13},"end":{"line":24,"column":41}}},"fnMap":{"0":{"name":"(anonymous_9)","decl":{"start":{"line":24,"column":0},"end":{"line":24,"column":13}},"loc":{"start":{"line":24,"column":0},"end":{"line":187,"column":null}}},"1":{"name":"ArvoOrchestratorEventFactory","decl":{"start":{"line":29,"column":2},"end":{"line":29,"column":14}},"loc":{"start":{"line":29,"column":33},"end":{"line":34,"column":3}}},"2":{"name":"(anonymous_11)","decl":{"start":{"line":47,"column":2},"end":{"line":47,"column":6}},"loc":{"start":{"line":52,"column":27},"end":{"line":111,"column":3}}},"3":{"name":"(anonymous_12)","decl":{"start":{"line":57,"column":10},"end":{"line":57,"column":11}},"loc":{"start":{"line":57,"column":15},"end":{"line":109,"column":7}}},"4":{"name":"(anonymous_13)","decl":{"start":{"line":74,"column":28},"end":{"line":74,"column":29}},"loc":{"start":{"line":74,"column":33},"end":{"line":74,"column":45}}},"5":{"name":"(anonymous_14)","decl":{"start":{"line":123,"column":2},"end":{"line":123,"column":10}},"loc":{"start":{"lin
[...]
lumn":30}},"56":{"start":{"line":229,"column":21},"end":{"line":229,"column":52}},"57":{"start":{"line":230,"column":40},"end":{"line":233,"column":4}},"58":{"start":{"line":235,"column":32},"end":{"line":241,"column":4}},"59":{"start":{"line":237,"column":6},"end":{"line":239,"column":7}},"60":{"start":{"line":238,"column":8},"end":{"line":238,"column":29}},"61":{"start":{"line":243,"column":2},"end":{"line":243,"column":55}},"62":{"start":{"line":245,"column":2},"end":{"line":248,"column":4}},"63":{"start":{"line":252,"column":47},"end":{"line":258,"column":1}},"64":{"start":{"line":253,"column":27},"end":{"line":256,"column":4}},"65":{"start":{"line":257,"column":2},"end":{"line":257,"column":26}},"66":{"start":{"line":252,"column":13},"end":{"line":252,"column":47}}},"fnMap":{"0":{"name":"(anonymous_4)","decl":{"start":{"line":20,"column":0},"end":{"line":20,"column":13}},"loc":{"start":{"line":20,"column":0},"end":{"line":20,"column":13}}},"1":{"name":"ArvoOpenTelemetry","decl":{"start":{"line":26,"column":2},"end":{"line":26,"column":22}},"loc":{"start":{"line":26,"column":37},"end":{"line":28,"column":3}}},"2":{"name":"(anonymous_6)","decl":{"start":{"line":53,"column":2},"end":{"line":53,"column":16}},"loc":{"start":{"line":53,"column":56},"end":{"line":58,"column":3}}},"3":{"name":"(anonymous_7)","decl":{"start":{"line":76,"column":2},"end":{"line":76,"column":16}},"loc":{"start":{"line":79,"column":3},"end":{"line":96,"column":3}}},"4":{"name":"(anonymous_8)","decl":{"start":{"line":115,"column":2},"end":{"line":115,"column":9}},"loc":{"start":{"line":129,"column":3},"end":{"line":170,"column":3}}},"5":{"name":"(anonymous_9)","decl":{"start":{"line":152,"column":63},"end":{"line":152,"column":null}},"loc":{"start":{"line":152,"column":63},"end":{"line":169,"column":5}}},"6":{"name":"(anonymous_10)","decl":{"start":{"line":179,"column":25},"end":{"line":179,"column":null}},"loc":{"start":{"line":185,"column":48},"end":{"line":199,"column":1}}},"7":{"name":"(anonymous_11)","decl":{"start":{"line":207,"column":31},"end":{"line":207,"column":32}},"loc":{"start":{"line":207,"column":92},"end":{"line":217,"column":1}}},"8":{"name":"currentOpenTelemetryHeaders","decl":{"start":{"line":228,"column":16},"end":{"line":228,"column":43}},"loc":{"start":{"line":228,"column":43},"end":{"line":249,"column":1}}},"9":{"name":"(anonymous_13)","decl":{"start":{"line":236,"column":9},"end":{"line":236,"column":10}},"loc":{"start":{"line":236,"column":29},"end":{"line":240,"column":5}}},"10":{"name":"(anonymous_14)","decl":{"start":{"line":252,"column":47},"end":{"line":252,"column":48}},"loc":{"start":{"line":252,"column":94},"end":{"line":258,"column":1}}}},"branchMap":{"0":{"loc":{"start":{"line":27,"column":18},"end":{"line":27,"column":76}},"type":"cond-expr","locations":[{"start":{"line":27,"column":18},"end":{"line":27,"column":24}},{"start":{"line":27,"column":28},"end":{"line":27,"column":76}}]},"1":{"loc":{"start":{"line":27,"column":18},"end":{"line":27,"column":28}},"type":"binary-expr","locations":[{"start":{"line":27,"column":18},"end":{"line":27,"column":28}},{"start":{"line":27,"column":18},"end":{"line":27,"column":28}}]},"2":{"loc":{"start":{"line":54,"column":4},"end":{"line":56,"column":5}},"type":"if","locations":[{"start":{"line":54,"column":4},"end":{"line":56,"column":5}}]},"3":{"loc":{"start":{"line":55,"column":57},"end":{"line":55,"column":71}},"type":"cond-expr","locations":[{"start":{"line":55,"column":63},"end":{"line":55,"column":65}},{"start":{"line":55,"column":57},"end":{"line":55,"column":71}}]},"4":{"loc":{"start":{"line":55,"column":57},"end":{"line":55,"column":65}},"type":"binary-expr","locations":[{"start":{"line":55,"column":57},"end":{"line":55,"column":65}},{"start":{"line":55,"column":57},"end":{"line":55,"column":65}}]},"5":{"loc":{"start":{"line":80,"column":4},"end":{"line":82,"column":5}},"type":"if","locations":[{"start":{"line":80,"column":4},"end":{"line":82,"column":5}}]},"6":{"loc":{"start":{"line":85,"column":4},"end":{"line":92,"column":5}},"type":"if","locations":[{"start":{"line":85,"column":4},"end":{"line":92,"column":5}}]},"7":{"loc":{"start":{"line":87,"column":6},"end":{"line":91,"column":7}},"type":"if","locations":[{"start":{"line":87,"column":6},"end":{"line":91,"column":7}}]},"8":{"loc":{"start":{"line":131,"column":4},"end":{"line":140,"column":5}},"type":"if","locations":[{"start":{"line":131,"column":4},"end":{"line":140,"column":5}}]},"9":{"loc":{"start":{"line":132,"column":6},"end":{"line":139,"column":7}},"type":"if","locations":[{"start":{"line":132,"column":6},"end":{"line":139,"column":7}},{"start":{"line":137,"column":13},"end":{"line":139,"column":7}}]},"10":{"loc":{"start":{"line":132,"column":10},"end":{"line":132,"column":97}},"type":"binary-expr","locations":[{"start":{"line":132,"column":10},"end":{"line":132,"column":55}},{"start":{"line":132,"column":59},"end":{"line":132,"column":97}}]},"11":{"loc":{"start":{"line":137,"column":13},"end":{"line":139,"column":7}},"type":"if","locations":[{"start":{"line":137,"column":13},"end":{"line":139,"column":7}}]},"12":{"loc":{"start":{"line":144,"column":12},"end":{"line":144,"column":35}},"type":"cond-expr","locations":[{"start":{"line":144,"column":29},"end":{"line":144,"column":33}},{"start":{"line":144,"column":33},"end":{"line":144,"column":35}}]},"13":{"loc":{"start":{"line":144,"column":12},"end":{"line":144,"column":33}},"type":"binary-expr","locations":[{"start":{"line":144,"column":12},"end":{"line":144,"column":33}},{"start":{"line":144,"column":29},"end":{"line":144,"column":33}}]},"14":{"loc":{"start":{"line":147,"column":14},"end":{"line":147,"column":49}},"type":"cond-expr","locations":[{"start":{"line":147,"column":43},"end":{"line":147,"column":47}},{"start":{"line":147,"column":47},"end":{"line":147,"column":49}}]},"15":{"loc":{"start":{"line":147,"column":14},"end":{"line":147,"column":47}},"type":"binary-expr","locations":[{"start":{"line":147,"column":14},"end":{"line":147,"column":47}},{"start":{"line":147,"column":43},"end":{"line":147,"column":47}}]},"16":{"loc":{"start":{"line":147,"column":14},"end":{"line":147,"column":43}},"type":"cond-expr","locations":[{"start":{"line":147,"column":31},"end":{"line":147,"column":33}},{"start":{"line":147,"column":31},"end":{"line":147,"column":43}}]},"17":{"loc":{"start":{"line":147,"column":14},"end":{"line":147,"column":33}},"type":"binary-expr","locations":[{"start":{"line":147,"column":14},"end":{"line":147,"column":33}},{"start":{"line":147,"column":31},"end":{"line":147,"column":33}}]},"18":{"loc":{"start":{"line":153,"column":6},"end":{"line":155,"column":7}},"type":"if","locations":[{"start":{"line":153,"column":6},"end":{"line":155,"column":7}}]},"19":{"loc":{"start":{"line":185,"column":2},"end":{"line":185,"column":null}},"type":"if","locations":[{"start":{"line":185,"column":2},"end":{"line":185,"column":null}}]},"20":{"loc":{"start":{"line":194,"column":2},"end":{"line":198,"column":3}},"type":"if","locations":[{"start":{"line":194,"column":2},"end":{"line":198,"column":3}},{"start":{"line":196,"column":9},"end":{"line":198,"column":3}}]},"21":{"loc":{"start":{"line":207,"column":46},"end":{"line":207,"column":null}},"type":"if","locations":[{"start":{"line":207,"column":46},"end":{"line":207,"column":null}}]},"22":{"loc":{"start":{"line":208,"column":2},"end":{"line":216,"column":3}},"type":"if","locations":[{"start":{"line":208,"column":2},"end":{"line":216,"column":3}},{"start":{"line":214,"column":9},"end":{"line":216,"column":3}}]},"23":{"loc":{"start":{"line":237,"column":6},"end":{"line":239,"column":7}},"type":"if","locations":[{"start":{"line":237,"column":6},"end":{"line":239,"column":7}}]},"24":{"loc":{"start":{"line":237,"column":10},"end":{"line":237,"column":48}},"type":"binary-expr","locations":[{"start":{"line":237,"column":10},"end":{"line":237,"column":17}},{"start":{"line":237,"column":21},"end":{"line":237,"column":48}}]},"25":{"loc":{"start":{"line":255,"column":16},"end":{"line":255,"column":39}},"type":"cond-expr","locations":[{"start":{"line":255,"column":16},"end":{"line":255,"column":26}},{"start":{"line":255,"column":30},"end":{"line":255,"column":39}}]},"26":{"loc":{"start":{"line":255,"column":16},"end":{"line":255,"column":30}},"type":"binary-expr","locations":[{"start":{"line":255,"column":16},"end":{"line":255,"column":30}},{"start":{"line":255,"column":16},"end":{"line":255,"column":30}}]}},"s":{"0":6,"1":6,"2":6,"3":6,"4":6,"5":6,"6":4,"7":6,"8":60,"9":4,"10":60,"11":6,"12":0,"13":0,"14":0,"15":0,"16":0,"17":0,"18":0,"19":6,"20":57,"21":0,"22":0,"23":0,"24":0,"25":57,"26":57,"27":57,"28":0,"29":57,"30":57,"31":57,"32":8,"33":8,"34":8,"35":57,"36":6,"37":6,"38":6,"39":6,"40":2,"41":2,"42":1,"43":1,"44":1,"45":0,"46":1,"47":6,"48":6,"49":16,"50":8,"51":0,"52":0,"53":8,"54":6,"55":6,"56":57,"57":57,"58":57,"59":0,"60":0,"61":57,"62":57,"63":6,"64":0,"65":0,"66":6},"f":{"0":6,"1":4,"2":60,"3":0,"4":57,"5":57,"6":1,"7":8,"8":57,"9":0,"10":0},"b":{"0":[3,1],"1":[4,4],"2":[4],"3":[1,3],"4":[4,4],"5":[0],"6":[0],"7":[0],"8":[0],"9":[0,0],"10":[0,0],"11":[0],"12":[39,18],"13":[57,57],"14":[39,18],"15":[57,57],"16":[18,39],"17":[57,57],"18":[0],"19":[1],"20":[0,1],"21":[8],"22":[0,8],"23":[0],"24":[0,0],"25":[0,0],"26":[0,0]}}
,"/Users/saadahmad/Projects/Arvo/core/src/OpenTelemetry/ArvoExecution/index.ts": {"path":"/Users/saadahmad/Projects/Arvo/core/src/OpenTelemetry/ArvoExecution/index.ts","statementMap":{"0":{"start":{"line":5,"column":0},"end":{"line":5,"column":21}},"1":{"start":{"line":6,"column":18},"end":{"line":6,"column":52}},"2":{"start":{"line":7,"column":0},"end":{"line":7,"column":null}},"3":{"start":{"line":5,"column":21},"end":{"line":5,"column":null}}},"fnMap":{"0":{"name":"(anonymous_0)","decl":{"start":{"line":5,"column":0},"end":{"line":5,"column":21}},"loc":{"start":{"line":5,"column":0},"end":{"line":5,"column":21}}}},"branchMap":{},"s":{"0":6,"1":6,"2":6,"3":6},"f":{"0":6},"b":{}}
,"/Users/saadahmad/Projects/Arvo/core/src/OpenTelemetry/ArvoExecution/types.ts": {"path":"/Users/saadahmad/Projects/Arvo/core/src/OpenTelemetry/ArvoExecution/types.ts","statementMap":{"0":{"start":{"line":1,"column":0},"end":{"line":1,"column":null}},"1":{"start":{"line":2,"column":2},"end":{"line":2,"column":null}},"2":{"start":{"line":3,"column":2},"end":{"line":3,"column":null}},"3":{"start":{"line":4,"column":2},"end":{"line":4,"column":null}}},"fnMap":{"0":{"name":"(anonymous_0)","decl":{"start":{"line":1,"column":0},"end":{"line":1,"column":12}},"loc":{"start":{"line":1,"column":33},"end":{"line":5,"column":1}}}},"branchMap":{"0":{"loc":{"start":{"line":1,"column":12},"end":{"line":1,"column":null}},"type":"binary-expr","locations":[{"start":{"line":1,"column":12},"end":{"line":1,"column":33}},{"start":{"line":1,"column":33},"end":{"line":1,"column":null}}]}},"s":{"0":6,"1":6,"2":6,"3":6},"f":{"0":6},"b":{"0":[6,6]}}
,"/Users/saadahmad/Projects/Arvo/core/src/OpenTelemetry/OpenInference/index.ts": {"path":"/Users/saadahmad/Projects/Arvo/core/src/OpenTelemetry/OpenInference/index.ts","statementMap":{"0":{"start":{"line":7,"column":0},"end":{"line":7,"column":21}},"1":{"start":{"line":8,"column":18},"end":{"line":8,"column":61}},"2":{"start":{"line":11,"column":18},"end":{"line":11,"column":61}},"3":{"start":{"line":12,"column":18},"end":{"line":12,"column":51}},"4":{"start":{"line":13,"column":18},"end":{"line":13,"column":63}},"5":{"start":{"line":14,"column":18},"end":{"line":14,"column":57}},"6":{"start":{"line":17,"column":18},"end":{"line":17,"column":69}},"7":{"start":{"line":18,"column":18},"end":{"line":18,"column":69}},"8":{"start":{"line":19,"column":18},"end":{"line":19,"column":57}},"9":{"start":{"line":20,"column":18},"end":{"line":20,"column":61}},"10":{"start":{"line":23,"column":18},"end":{"line":23,"column":63}},"11":{"start":{"line":24,"column":18},"end":{"line":24,"column":63}},"12":{"start":{"line":25,"column":18},"end":{"line":25,"column":69}},"13":{"start":{"line":26,"column":18},"end":{"line":26,"column":57}},"14":{"start":{"line":29,"column":18},"end":{"line":29,"column":47}},"15":{"start":{"line":32,"column":18},"end":{"line":32,"column":59}},"16":{"start":{"line":33,"column":18},"end":{"line":33,"column":51}},"17":{"start":{"line":36,"column":18},"end":{"line":36,"column":63}},"18":{"start":{"line":37,"column":18},"end":{"line":37,"column":65}},"19":{"start":{"line":38,"column":18},"end":{"line":38,"column":79}},"20":{"start":{"line":39,"column":18},"end":{"line":39,"column":57}},"21":{"start":{"line":40,"column":18},"end":{"line":40,"column":67}},"22":{"start":{"line":41,"column":18},"end":{"line":41,"column":85}},"23":{"start":{"line":42,"column":18},"end":{"line":42,"column":87}},"24":{"start":{"line":43,"column":18},"end":{"line":43,"column":83}},"25":{"start":{"line":44,"column":18},"end":{"line":44,"column":81}},"26":{"start":{"line":45,"column":18},"end":{"line":45,"column":73}},"27":{"start":{"line":46,"column":18},"end":{"line":46,"column":71}},"28":{"start":{"line":47,"column":18},"end":{"line":47,"column":47}},"29":{"start":{"line":50,"column":18},"end":{"line":50,"column":59}},"30":{"start":{"line":51,"column":18},"end":{"line":51,"column":61}},"31":{"start":{"line":52,"column":18},"end":{"line":52,"column":101}},"32":{"start":{"line":53,"column":18},"end":{"line":53,"column":81}},"33":{"start":{"line":54,"column":18},"end":{"line":54,"column":53}},"34":{"start":{"line":55,"column":18},"end":{"line":55,"column":65}},"35":{"start":{"line":58,"column":18},"end":{"line":58,"column":68}},"36":{"start":{"line":59,"column":18},"end":{"line":59,"column":68}},"37":{"start":{"line":60,"column":18},"end":{"line":60,"column":70}},"38":{"start":{"line":63,"column":18},"end":{"line":63,"column":45}},"39":{"start":{"line":66,"column":18},"end":{"line":66,"column":61}},"40":{"start":{"line":67,"column":18},"end":{"line":67,"column":53}},"41":{"start":{"line":70,"column":18},"end":{"line":70,"column":77}},"42":{"start":{"line":71,"column":18},"end":{"line":71,"column":67}},"43":{"start":{"line":72,"column":18},"end":{"line":72,"column":79}},"44":{"start":{"line":73,"column":18},"end":{"line":73,"column":57}},"45":{"start":{"line":74,"column":18},"end":{"line":74,"column":57}},"46":{"start":{"line":77,"column":18},"end":{"line":77,"column":67}},"47":{"start":{"line":80,"column":18},"end":{"line":80,"column":49}},"48":{"start":{"line":83,"column":18},"end":{"line":83,"column":45}},"49":{"start":{"line":86,"column":18},"end":{"line":86,"column":61}},"50":{"start":{"line":87,"column":18},"end":{"line":87,"column":61}},"51":{"start":{"line":88,"column":18},"end":{"line":88,"column":47}},"52":{"start":{"line":89,"column":18},"end":{"line":89,"column":59}},"53":{"start":{"line":92,"column":18},"end":{"line":92,"column":85}},"54":{"start":{"line":93,"column":18},"end":{"line":93,"column":75}},"55":{"start":{"line":96,"column":18},"end":{"line":96,"column":43}},"56":{"start":{"line":97,"column":0},"end":{"line":97,"column":null}},"57":{"start":{"line":7,"column":21},"end":{"line":7,"column":null}}},"fnMap":{"0":{"name":"(anonymous_0)","decl":{"start":{"line":7,"column":0},"end":{"line":7,"column":21}},"loc":{"start":{"line":7,"column":0},"end":{"line":7,"column":21}}}},"branchMap":{},"s":{"0":6,"1":6,"2":6,"3":6,"4":6,"5":6,"6":6,"7":6,"8":6,"9":6,"10":6,"11":6,"12":6,"13":6,"14":6,"15":6,"16":6,"17":6,"18":6,"19":6,"20":6,"21":6,"22":6,"23":6,"24":6,"25":6,"26":6,"27":6,"28":6,"29":6,"30":6,"31":6,"32":6,"33":6,"34":6,"35":6,"36":6,"37":6,"38":6,"39":6,"40":6,"41":6,"42":6,"43":6,"44":6,"45":6,"46":6,"47":6,"48":6,"49":6,"50":6,"51":6,"52":6,"53":6,"54":6,"55":6,"56":6,"57":6},"f":{"0":6},"b":{}}
,"/Users/saadahmad/Projects/Arvo/core/src/OpenTelemetry/OpenInference/types.ts": {"path":"/Users/saadahmad/Projects/Arvo/core/src/OpenTelemetry/OpenInference/types.ts","statementMap":{"0":{"start":{"line":5,"column":0},"end":{"line":5,"column":null}},"1":{"start":{"line":6,"column":2},"end":{"line":6,"column":null}},"2":{"start":{"line":7,"column":2},"end":{"line":7,"column":null}},"3":{"start":{"line":8,"column":2},"end":{"line":8,"column":null}},"4":{"start":{"line":9,"column":2},"end":{"line":9,"column":null}},"5":{"start":{"line":10,"column":2},"end":{"line":10,"column":null}},"6":{"start":{"line":11,"column":2},"end":{"line":11,"column":null}},"7":{"start":{"line":12,"column":2},"end":{"line":12,"column":null}},"8":{"start":{"line":13,"column":2},"end":{"line":13,"column":null}},"9":{"start":{"line":14,"column":2},"end":{"line":14,"column":null}}},"fnMap":{"0":{"name":"(anonymous_0)","decl":{"start":{"line":5,"column":0},"end":{"line":5,"column":12}},"loc":{"start":{"line":5,"column":33},"end":{"line":15,"column":1}}}},"branchMap":{"0":{"loc":{"start":{"line":5,"column":12},"end":{"line":5,"column":null}},"type":"binary-expr","locations":[{"start":{"line":5,"column":12},"end":{"line":5,"column":33}},{"start":{"line":5,"column":33},"end":{"line":5,"column":null}}]}},"s":{"0":6,"1":6,"2":6,"3":6,"4":6,"5":6,"6":6,"7":6,"8":6,"9":6},"f":{"0":6},"b":{"0":[6,6]}}
,"/Users/saadahmad/Projects/Arvo/core/tests/utils.ts": {"path":"/Users/saadahmad/Projects/Arvo/core/tests/utils.ts","statementMap":{"0":{"start":{"line":1,"column":0},"end":{"line":1,"column":82}},"1":{"start":{"line":2,"column":0},"end":{"line":2,"column":88}},"2":{"start":{"line":3,"column":0},"end":{"line":3,"column":97}},"3":{"start":{"line":4,"column":0},"end":{"line":4,"column":52}},"4":{"start":{"line":5,"column":0},"end":{"line":5,"column":50}},"5":{"start":{"line":6,"column":0},"end":{"line":6,"column":68}},"6":{"start":{"line":7,"column":0},"end":{"line":7,"column":72}},"7":{"start":{"line":8,"column":0},"end":{"line":8,"column":33}},"8":{"start":{"line":9,"column":0},"end":{"line":9,"column":43}},"9":{"start":{"line":10,"column":0},"end":{"line":10,"column":16}},"10":{"start":{"line":12,"column":0},"end":{"line":12,"column":72}},"11":{"start":{"line":14,"column":0},"end":{"line":14,"column":59}},"12":{"start":{"line":17,"column":27},"end":{"line":33,"column":1}},"13":{"start":{"line":18,"column":29},"end":{"line":20,"column":5}},"14":{"start":{"line":21,"column":2},"end":{"line":27,"column":3}},"15":{"start":{"line":22,"column":4},"end":{"line":26,"column":7}},"16":{"start":{"line":28,"column":2},"end":{"line":32,"column":5}},"17":{"start":{"line":36,"column":13},"end":{"line":36,"column":49}},"18":{"start":{"line":38,"column":33},"end":{"line":42,"column":1}},"19":{"start":{"line":39,"column":2},"end":{"line":41,"column":3}},"20":{"start":{"line":40,"column":4},"end":{"line":40,"column":25}},"21":{"start":{"line":38,"column":13},"end":{"line":38,"column":33}},"22":{"start":{"line":44,"column":32},"end":{"line":46,"column":1}},"23":{"start":{"line":45,"column":2},"end":{"line":45,"column":26}},"24":{"start":{"line":44,"column":13},"end":{"line":44,"column":32}}},"fnMap":{"0":{"name":"(anonymous_6)","decl":{"start":{"line":17,"column":27},"end":{"line":17,"column":null}},"loc":{"start":{"line":17,"column":27},"end":{"line":33,"column":1}}},"1":{"name":"(anonymous_7)","decl":{"start":{"line":38,"column":33},"end":{"line":38,"column":null}},"loc":{"start":{"line":38,"column":33},"end":{"line":42,"column":1}}},"2":{"name":"(anonymous_8)","decl":{"start":{"line":44,"column":32},"end":{"line":44,"column":null}},"loc":{"start":{"line":44,"column":32},"end":{"line":46,"column":1}}}},"branchMap":{"0":{"loc":{"start":{"line":21,"column":2},"end":{"line":27,"column":3}},"type":"if","locations":[{"start":{"line":21,"column":2},"end":{"line":27,"column":3}}]},"1":{"loc":{"start":{"line":39,"column":2},"end":{"line":41,"column":3}},"type":"if","locations":[{"start":{"line":39,"column":2},"end":{"line":41,"column":3}}]}},"s":{"0":3,"1":3,"2":3,"3":3,"4":3,"5":3,"6":3,"7":3,"8":3,"9":3,"10":3,"11":3,"12":3,"13":3,"14":3,"15":3,"16":0,"17":3,"18":3,"19":3,"20":0,"21":3,"22":3,"23":3,"24":3},"f":{"0":3,"1":3,"2":3},"b":{"0":[3],"1":[0]}}
}
