TN:
SF:src/errors.ts
FN:25,(anonymous_6)
FN:38,ViolationError
FNF:2
FNH:2
FNDA:6,(anonymous_6)
FNDA:1,ViolationError
DA:25,6
DA:38,1
DA:39,1
DA:40,1
DA:41,1
DA:42,1
DA:44,6
LF:7
LH:7
BRDA:39,0,0,1
BRDA:39,0,1,0
BRDA:42,1,0,0
BRDA:42,1,1,1
BRDA:42,2,0,1
BRDA:42,2,1,1
BRF:6
BRH:4
end_of_record
TN:
SF:src/index.ts
FN:98,(anonymous_1)
FN:81,(anonymous_2)
FN:82,(anonymous_3)
FN:135,(anonymous_4)
FN:94,(anonymous_5)
FN:105,(anonymous_6)
FN:90,(anonymous_7)
FN:91,(anonymous_8)
FN:118,(anonymous_9)
FN:96,(anonymous_10)
FN:123,(anonymous_11)
FN:138,(anonymous_12)
FN:124,(anonymous_13)
FN:95,(anonymous_14)
FN:125,(anonymous_15)
FN:127,(anonymous_16)
FN:130,(anonymous_17)
FN:129,(anonymous_18)
FN:99,(anonymous_19)
FN:133,(anonymous_20)
FN:104,(anonymous_21)
FN:134,(anonymous_22)
FN:119,(anonymous_23)
FN:115,(anonymous_24)
FN:117,(anonymous_25)
FN:109,(anonymous_26)
FN:107,(anonymous_27)
FN:136,(anonymous_28)
FN:121,(anonymous_29)
FN:120,(anonymous_30)
FN:131,(anonymous_31)
FNF:31
FNH:14
FNDA:11,(anonymous_1)
FNDA:18,(anonymous_2)
FNDA:1,(anonymous_3)
FNDA:3,(anonymous_4)
FNDA:1,(anonymous_5)
FNDA:0,(anonymous_6)
FNDA:0,(anonymous_7)
FNDA:0,(anonymous_8)
FNDA:2,(anonymous_9)
FNDA:2,(anonymous_10)
FNDA:0,(anonymous_11)
FNDA:0,(anonymous_12)
FNDA:0,(anonymous_13)
FNDA:0,(anonymous_14)
FNDA:2,(anonymous_15)
FNDA:0,(anonymous_16)
FNDA:2,(anonymous_17)
FNDA:0,(anonymous_18)
FNDA:0,(anonymous_19)
FNDA:0,(anonymous_20)
FNDA:25,(anonymous_21)
FNDA:15,(anonymous_22)
FNDA:0,(anonymous_23)
FNDA:5,(anonymous_24)
FNDA:2,(anonymous_25)
FNDA:0,(anonymous_26)
FNDA:0,(anonymous_27)
FNDA:1,(anonymous_28)
FNDA:0,(anonymous_29)
FNDA:0,(anonymous_30)
FNDA:0,(anonymous_31)
DA:1,6
DA:2,6
DA:3,6
DA:4,6
DA:5,6
DA:21,6
DA:23,6
DA:32,6
DA:34,6
DA:35,6
DA:42,6
DA:43,6
DA:44,6
DA:45,6
DA:46,6
DA:47,6
DA:49,6
DA:50,6
DA:51,6
DA:53,6
DA:54,6
DA:55,6
DA:56,6
DA:57,6
DA:58,6
DA:70,6
DA:80,6
DA:81,24
DA:82,7
DA:85,6
DA:90,6
DA:91,6
DA:94,7
DA:95,6
DA:96,8
DA:97,6
DA:98,17
DA:99,6
DA:103,6
DA:104,31
DA:105,6
DA:106,6
DA:107,6
DA:108,6
DA:109,6
DA:111,6
DA:115,11
DA:117,8
DA:118,8
DA:119,6
DA:120,6
DA:121,6
DA:123,6
DA:124,6
DA:125,8
DA:127,6
DA:129,6
DA:130,8
DA:131,6
DA:133,6
DA:134,21
DA:135,9
DA:136,7
DA:138,6
LF:64
LH:64
BRF:0
BRH:0
end_of_record
TN:
SF:src/schema.ts
FN:22,(anonymous_0)
FNF:1
FNH:1
FNDA:22,(anonymous_0)
DA:1,6
DA:9,6
DA:16,6
DA:22,22
LF:4
LH:4
BRF:0
BRH:0
end_of_record
TN:
SF:src/utils.ts
FN:20,cleanString
FN:23,(anonymous_1)
FN:24,(anonymous_2)
FN:42,(anonymous_3)
FN:71,(anonymous_4)
FN:96,parseSemanticVersion
FN:97,(anonymous_6)
FN:117,compareSemanticVersions
FN:134,(anonymous_8)
FN:135,(anonymous_10)
FN:152,(anonymous_11)
FN:161,(anonymous_12)
FN:183,(anonymous_13)
FN:212,(anonymous_14)
FN:225,(anonymous_15)
FNF:15
FNH:14
FNDA:131,cleanString
FNDA:965,(anonymous_1)
FNDA:965,(anonymous_2)
FNDA:210,(anonymous_3)
FNDA:51,(anonymous_4)
FNDA:6,parseSemanticVersion
FNDA:18,(anonymous_6)
FNDA:3,compareSemanticVersions
FNDA:6,(anonymous_8)
FNDA:44,(anonymous_10)
FNDA:28,(anonymous_11)
FNDA:6,(anonymous_12)
FNDA:2,(anonymous_13)
FNDA:0,(anonymous_14)
FNDA:6,(anonymous_15)
DA:2,6
DA:4,6
DA:5,6
DA:20,6
DA:21,131
DA:23,965
DA:24,965
DA:42,6
DA:43,210
DA:44,210
DA:46,0
DA:71,102
DA:72,51
DA:73,51
DA:74,51
DA:75,51
DA:96,6
DA:97,6
DA:98,18
DA:99,18
DA:100,0
DA:102,18
DA:104,6
DA:105,0
DA:107,6
DA:117,6
DA:118,3
DA:119,3
DA:120,3
DA:121,2
DA:123,1
DA:124,0
DA:126,1
DA:134,6
DA:135,6
DA:136,44
DA:152,6
DA:153,28
DA:161,6
DA:162,6
DA:183,6
DA:187,2
DA:188,2
DA:189,2
DA:190,2
DA:191,2
DA:192,2
DA:194,0
DA:198,0
DA:212,6
DA:213,0
DA:215,6
DA:225,6
LF:53
LH:46
BRDA:71,0,0,51
BRDA:79,1,0,51
BRDA:79,1,1,0
BRDA:99,2,0,0
BRDA:104,3,0,0
BRDA:104,4,0,6
BRDA:104,4,1,6
BRDA:104,4,2,6
BRDA:120,5,0,2
BRDA:123,6,0,0
BRDA:188,7,0,0
BRDA:188,7,1,2
BRDA:188,8,0,2
BRDA:188,8,1,0
BRDA:188,9,0,2
BRDA:188,9,1,2
BRDA:228,10,0,6
BRDA:228,10,1,0
BRDA:228,11,0,6
BRDA:228,11,1,6
BRF:20
BRH:13
end_of_record
TN:
SF:src/ArvoContract/WildCardArvoSemanticVersion.ts
FN:17,(anonymous_0)
FNF:1
FNH:1
FNDA:22,(anonymous_0)
DA:1,6
DA:8,6
DA:17,6
DA:18,22
LF:4
LH:4
BRDA:18,0,0,22
BRDA:18,0,1,22
BRF:2
BRH:2
end_of_record
TN:
SF:src/ArvoContract/helpers.ts
FN:38,(anonymous_1)
FN:57,(anonymous_2)
FNF:2
FNH:2
FNDA:13,(anonymous_1)
FNDA:2,(anonymous_2)
DA:2,6
DA:3,6
DA:5,6
DA:38,6
DA:57,13
DA:58,2
DA:59,2
DA:66,13
DA:67,1
DA:70,19
DA:71,23
DA:72,23
DA:73,1
DA:77,11
LF:14
LH:14
BRDA:58,0,0,1
BRDA:58,0,1,1
BRDA:66,1,0,1
BRDA:72,2,0,1
BRDA:80,3,0,2
BRDA:80,3,1,9
BRDA:80,4,0,11
BRDA:80,4,1,11
BRDA:80,5,0,0
BRDA:80,5,1,11
BRDA:80,6,0,11
BRDA:80,6,1,11
BRDA:81,7,0,1
BRDA:81,7,1,10
BRDA:81,8,0,11
BRDA:81,8,1,11
BRDA:82,9,0,2
BRDA:82,9,1,9
BRDA:82,10,0,11
BRDA:82,10,1,11
BRF:20
BRH:19
end_of_record
TN:
SF:src/ArvoContract/index.ts
FN:42,(anonymous_0)
FN:99,ArvoContract
FN:67,(anonymous_2)
FN:70,(anonymous_3)
FN:73,(anonymous_4)
FN:76,(anonymous_5)
FN:79,(anonymous_6)
FN:82,(anonymous_7)
FN:144,(anonymous_8)
FN:163,(anonymous_9)
FN:191,(anonymous_10)
FN:192,(anonymous_11)
FN:200,(anonymous_12)
FN:216,(anonymous_13)
FN:223,(anonymous_14)
FNF:15
FNH:11
FNDA:6,(anonymous_0)
FNDA:15,ArvoContract
FNDA:87,(anonymous_2)
FNDA:91,(anonymous_3)
FNDA:176,(anonymous_4)
FNDA:0,(anonymous_5)
FNDA:35,(anonymous_6)
FNDA:39,(anonymous_7)
FNDA:11,(anonymous_8)
FNDA:83,(anonymous_9)
FNDA:3,(anonymous_10)
FNDA:3,(anonymous_11)
FNDA:0,(anonymous_12)
FNDA:0,(anonymous_13)
FNDA:0,(anonymous_14)
DA:2,6
DA:3,6
DA:5,6
DA:6,6
DA:7,6
DA:9,6
DA:42,6
DA:67,6
DA:68,87
DA:70,6
DA:71,91
DA:73,6
DA:74,176
DA:76,6
DA:77,0
DA:79,6
DA:80,35
DA:82,6
DA:83,39
DA:100,15
DA:101,14
DA:102,14
DA:104,14
DA:105,14
DA:106,14
DA:107,14
DA:108,14
DA:109,14
DA:111,23
DA:112,23
DA:113,22
DA:114,0
DA:118,27
DA:119,27
DA:123,13
DA:124,0
DA:144,6
DA:145,11
DA:163,6
DA:170,83
DA:171,3
DA:172,80
DA:173,0
DA:175,80
DA:176,1
DA:178,79
DA:181,82
DA:191,6
DA:192,3
DA:193,3
DA:200,6
DA:201,0
DA:216,6
DA:217,0
DA:218,0
DA:224,0
DA:225,0
DA:236,0
DA:237,0
DA:241,0
DA:244,6
LF:61
LH:49
BRDA:107,0,0,1
BRDA:107,0,1,13
BRDA:107,1,0,14
BRDA:107,1,1,1
BRDA:113,2,0,0
BRDA:123,3,0,0
BRDA:170,4,0,3
BRDA:170,4,1,80
BRDA:170,5,0,83
BRDA:170,5,1,82
BRDA:172,6,0,0
BRDA:172,6,1,80
BRDA:175,7,0,1
BRDA:175,7,1,79
BRDA:193,8,0,3
BRDA:193,8,1,0
BRF:16
BRH:12
end_of_record
TN:
SF:src/ArvoContract/validators.ts
FNF:0
FNH:0
DA:1,6
DA:2,6
DA:4,6
LF:3
LH:3
BRF:0
BRH:0
end_of_record
TN:
SF:src/ArvoContract/SimpleArvoContract/index.ts
FN:48,(anonymous_2)
FN:82,(anonymous_3)
FNF:2
FNH:2
FNDA:2,(anonymous_2)
FNDA:3,(anonymous_3)
DA:3,6
DA:48,6
DA:67,2
DA:73,2
DA:75,2
DA:82,3
LF:6
LH:6
BRDA:68,0,0,1
BRDA:68,0,1,1
BRDA:68,1,0,2
BRDA:68,1,1,2
BRF:4
BRH:4
end_of_record
TN:
SF:src/ArvoContract/VersionedArvoContract/index.ts
FN:15,(anonymous_3)
FN:61,VersionedArvoContract
FN:25,(anonymous_5)
FN:28,(anonymous_6)
FN:31,(anonymous_7)
FN:34,(anonymous_8)
FN:37,(anonymous_9)
FN:45,(anonymous_10)
FN:48,(anonymous_11)
FN:51,(anonymous_12)
FN:54,(anonymous_13)
FN:57,(anonymous_14)
FN:76,(anonymous_15)
FN:92,(anonymous_16)
FNF:14
FNH:11
FNDA:6,(anonymous_3)
FNDA:82,VersionedArvoContract
FNDA:83,(anonymous_5)
FNDA:104,(anonymous_6)
FNDA:0,(anonymous_7)
FNDA:32,(anonymous_8)
FNDA:8,(anonymous_9)
FNDA:60,(anonymous_10)
FNDA:105,(anonymous_11)
FNDA:2,(anonymous_12)
FNDA:2,(anonymous_13)
FNDA:36,(anonymous_14)
FNDA:0,(anonymous_15)
FNDA:0,(anonymous_16)
DA:1,6
DA:3,6
DA:5,6
DA:6,6
DA:9,6
DA:15,6
DA:25,6
DA:26,83
DA:28,6
DA:29,104
DA:31,6
DA:32,0
DA:34,6
DA:35,32
DA:37,6
DA:40,8
DA:45,6
DA:46,60
DA:48,6
DA:49,105
DA:51,6
DA:52,2
DA:54,6
DA:55,2
DA:57,6
DA:58,36
DA:62,82
DA:63,82
DA:64,82
DA:68,82
DA:69,82
DA:76,6
DA:77,0
DA:78,0
DA:92,0
DA:98,0
DA:99,0
DA:103,0
DA:106,6
LF:39
LH:32
BRF:0
BRH:0
end_of_record
TN:
SF:src/ArvoContract/VersionedArvoContract/utils.ts
FN:5,(anonymous_0)
FN:8,(anonymous_1)
FNF:2
FNH:2
FNDA:82,(anonymous_0)
FNDA:145,(anonymous_1)
DA:5,6
DA:8,145
LF:2
LH:2
BRF:0
BRH:0
end_of_record
TN:
SF:src/ArvoEvent/helpers.ts
FN:11,(anonymous_1)
FN:87,(anonymous_2)
FN:107,(anonymous_3)
FNF:3
FNH:3
FNDA:52,(anonymous_1)
FNDA:52,(anonymous_2)
FNDA:18,(anonymous_3)
DA:1,6
DA:2,6
DA:3,6
DA:4,6
DA:5,6
DA:11,6
DA:16,52
DA:17,1
DA:22,1
DA:28,52
DA:87,6
DA:98,52
DA:99,34
DA:105,18
DA:108,18
DA:109,15
DA:110,15
LF:17
LH:17
BRDA:16,0,0,1
BRDA:16,1,0,52
BRDA:16,1,1,35
BRDA:30,2,0,1
BRDA:30,2,1,51
BRDA:30,3,0,52
BRDA:30,3,1,52
BRDA:32,4,0,5
BRDA:32,4,1,47
BRDA:32,5,0,52
BRDA:32,5,1,52
BRDA:33,6,0,5
BRDA:33,6,1,47
BRDA:33,7,0,52
BRDA:33,7,1,52
BRDA:34,8,0,1
BRDA:34,8,1,51
BRDA:34,9,0,52
BRDA:34,9,1,1
BRDA:34,10,0,1
BRDA:34,10,1,51
BRDA:34,11,0,52
BRDA:34,11,1,52
BRDA:35,12,0,1
BRDA:35,12,1,51
BRDA:35,13,0,52
BRDA:35,13,1,1
BRDA:35,14,0,1
BRDA:35,14,1,51
BRDA:35,15,0,52
BRDA:35,15,1,52
BRDA:36,16,0,35
BRDA:36,16,1,17
BRDA:36,17,0,52
BRDA:36,17,1,52
BRDA:37,18,0,0
BRDA:37,18,1,52
BRDA:37,19,0,52
BRDA:37,19,1,52
BRDA:38,20,0,1
BRDA:38,20,1,51
BRDA:38,21,0,52
BRDA:38,21,1,52
BRDA:41,22,0,22
BRDA:41,22,1,30
BRDA:42,23,0,6
BRDA:42,23,1,46
BRDA:43,24,0,34
BRDA:43,24,1,18
BRDA:44,25,0,13
BRDA:44,25,1,39
BRDA:45,26,0,15
BRDA:45,26,1,37
BRDA:45,27,0,52
BRDA:45,27,1,52
BRDA:98,28,0,34
BRDA:98,29,0,18
BRDA:98,29,1,34
BRDA:98,30,0,52
BRDA:98,30,1,52
BRF:60
BRH:59
end_of_record
TN:
SF:src/ArvoEvent/index.ts
FN:24,(anonymous_3)
FN:116,ArvoEvent
FN:173,(anonymous_5)
FN:210,(anonymous_6)
FN:229,(anonymous_7)
FN:246,(anonymous_8)
FN:267,(anonymous_9)
FN:279,(anonymous_10)
FN:287,(anonymous_11)
FN:296,(anonymous_12)
FN:305,(anonymous_13)
FN:314,(anonymous_14)
FN:324,(anonymous_15)
FN:331,(anonymous_16)
FN:346,(anonymous_17)
FNF:15
FNH:14
FNDA:6,(anonymous_3)
FNDA:52,ArvoEvent
FNDA:3,(anonymous_5)
FNDA:1,(anonymous_6)
FNDA:0,(anonymous_7)
FNDA:53,(anonymous_8)
FNDA:7,(anonymous_9)
FNDA:3,(anonymous_10)
FNDA:6,(anonymous_11)
FNDA:3,(anonymous_12)
FNDA:1,(anonymous_13)
FNDA:1,(anonymous_14)
FNDA:9,(anonymous_15)
FNDA:23,(anonymous_16)
FNDA:1,(anonymous_17)
DA:1,6
DA:3,6
DA:24,6
DA:121,52
DA:122,52
DA:123,52
DA:124,52
DA:125,52
DA:126,52
DA:127,52
DA:128,52
DA:129,52
DA:130,52
DA:132,51
DA:133,49
DA:135,49
DA:147,49
DA:148,48
DA:149,0
DA:152,49
DA:153,49
DA:173,6
DA:174,3
DA:210,6
DA:211,1
DA:229,6
DA:230,0
DA:246,6
DA:247,53
DA:267,6
DA:268,7
DA:279,6
DA:280,3
DA:287,6
DA:288,6
DA:296,6
DA:297,3
DA:305,6
DA:306,1
DA:314,6
DA:315,1
DA:324,6
DA:325,9
DA:331,6
DA:332,23
DA:346,6
DA:347,1
DA:349,1
DA:351,6
LF:49
LH:47
BRDA:136,0,0,1
BRDA:136,0,1,48
BRDA:147,1,0,48
BRDA:148,2,0,0
BRDA:229,3,0,0
BRDA:248,4,0,53
BRDA:248,4,1,0
BRDA:249,5,0,53
BRDA:249,5,1,0
BRDA:250,6,0,53
BRDA:250,6,1,0
BRDA:251,7,0,53
BRDA:251,7,1,0
BRDA:252,8,0,53
BRDA:252,8,1,0
BRDA:253,9,0,53
BRDA:253,9,1,0
BRDA:254,10,0,53
BRDA:254,10,1,0
BRDA:255,11,0,35
BRDA:255,11,1,18
BRDA:255,12,0,53
BRDA:255,12,1,35
BRDA:256,13,0,5
BRDA:256,13,1,48
BRDA:256,14,0,53
BRDA:256,14,1,5
BRDA:257,15,0,53
BRDA:257,15,1,0
BRDA:257,16,0,53
BRDA:257,16,1,53
BRDA:258,17,0,4
BRDA:258,17,1,49
BRDA:258,18,0,53
BRDA:258,18,1,4
BRDA:259,19,0,15
BRDA:259,19,1,38
BRDA:259,20,0,53
BRDA:259,20,1,15
BRDA:260,21,0,14
BRDA:260,21,1,39
BRDA:260,22,0,53
BRDA:260,22,1,14
BRF:43
BRH:33
end_of_record
TN:
SF:src/ArvoEvent/schema.ts
FN:38,(anonymous_0)
FN:69,(anonymous_1)
FNF:2
FNH:2
FNDA:52,(anonymous_0)
FNDA:52,(anonymous_1)
DA:1,6
DA:2,6
DA:3,6
DA:9,6
DA:16,6
DA:38,52
DA:69,52
DA:97,6
DA:116,6
DA:126,6
DA:230,6
LF:11
LH:11
BRDA:69,0,0,52
BRDA:69,0,1,1
BRDA:69,1,0,0
BRDA:69,1,1,52
BRDA:69,2,0,52
BRDA:69,2,1,52
BRDA:69,3,0,0
BRDA:69,3,1,1
BRDA:69,4,0,1
BRDA:69,4,1,1
BRF:10
BRH:8
end_of_record
TN:
SF:src/ArvoEvent/utils.ts
FN:8,(anonymous_0)
FNF:1
FNH:1
FNDA:52,(anonymous_0)
DA:8,6
DA:9,52
DA:10,52
DA:11,52
DA:12,1
DA:14,51
DA:15,51
DA:17,0
LF:8
LH:7
BRDA:11,0,0,1
BRDA:11,1,0,52
BRDA:11,1,1,1
BRF:3
BRH:3
end_of_record
TN:
SF:src/ArvoEventFactory/Orchestrator.ts
FN:24,(anonymous_9)
FN:29,ArvoOrchestratorEventFactory
FN:47,(anonymous_11)
FN:57,(anonymous_12)
FN:74,(anonymous_13)
FN:123,(anonymous_14)
FN:139,(anonymous_15)
FNF:7
FNH:7
FNDA:6,(anonymous_9)
FNDA:15,ArvoOrchestratorEventFactory
FNDA:8,(anonymous_11)
FNDA:8,(anonymous_12)
FNDA:1,(anonymous_13)
FNDA:6,(anonymous_14)
FNDA:6,(anonymous_15)
DA:2,6
DA:4,6
DA:5,6
DA:7,6
DA:9,6
DA:10,6
DA:11,6
DA:24,6
DA:26,6
DA:27,14
DA:29,15
DA:30,15
DA:31,1
DA:33,14
DA:47,8
DA:54,8
DA:58,8
DA:59,8
DA:60,8
DA:61,1
DA:63,7
DA:65,7
DA:74,1
DA:88,7
DA:107,7
DA:108,7
DA:123,6
DA:136,6
DA:140,6
DA:141,6
DA:142,6
DA:144,1
DA:145,1
DA:148,5
DA:150,5
DA:163,5
DA:182,5
DA:183,5
DA:187,6
LF:39
LH:39
BRDA:30,0,0,1
BRDA:30,1,0,0
BRDA:30,1,1,15
BRDA:30,2,0,15
BRDA:30,2,1,15
BRDA:33,3,0,14
BRDA:33,3,1,14
BRDA:60,4,0,1
BRDA:65,5,0,0
BRDA:65,5,1,7
BRDA:65,6,0,7
BRDA:65,6,1,7
BRDA:66,7,0,1
BRDA:66,7,1,6
BRDA:73,8,0,0
BRDA:73,8,1,1
BRDA:73,9,0,1
BRDA:73,9,1,1
BRDA:81,10,0,1
BRDA:81,10,1,5
BRDA:81,11,0,2
BRDA:81,11,1,3
BRDA:81,12,0,5
BRDA:81,12,1,2
BRDA:81,13,0,1
BRDA:81,13,1,4
BRDA:81,14,0,5
BRDA:81,14,1,5
BRDA:82,15,0,1
BRDA:82,15,1,5
BRDA:96,16,0,0
BRDA:96,16,1,7
BRDA:96,17,0,7
BRDA:96,17,1,0
BRDA:96,18,0,0
BRDA:96,18,1,7
BRDA:96,19,0,7
BRDA:96,19,1,7
BRDA:97,20,0,0
BRDA:97,20,1,7
BRDA:97,21,0,7
BRDA:97,21,1,0
BRDA:97,22,0,0
BRDA:97,22,1,7
BRDA:97,23,0,7
BRDA:97,23,1,7
BRDA:102,24,0,1
BRDA:102,24,1,6
BRDA:102,25,0,2
BRDA:102,25,1,4
BRDA:102,26,0,6
BRDA:102,26,1,2
BRDA:102,27,0,1
BRDA:102,27,1,5
BRDA:102,28,0,6
BRDA:102,28,1,6
BRDA:141,29,0,0
BRDA:141,29,1,6
BRDA:141,30,0,6
BRDA:141,30,1,6
BRDA:141,31,0,0
BRDA:141,31,1,6
BRDA:141,32,0,6
BRDA:141,32,1,6
BRDA:142,33,0,1
BRDA:142,34,0,0
BRDA:142,34,1,6
BRDA:142,35,0,6
BRDA:142,35,1,6
BRDA:144,36,0,1
BRDA:144,36,1,0
BRDA:144,37,0,1
BRDA:144,37,1,1
BRDA:144,38,0,0
BRDA:144,38,1,1
BRDA:144,39,0,1
BRDA:144,39,1,1
BRDA:144,40,0,0
BRDA:144,40,1,1
BRDA:144,41,0,1
BRDA:144,41,1,1
BRDA:150,42,0,1
BRDA:150,42,1,4
BRDA:150,43,0,5
BRDA:150,43,1,5
BRDA:155,44,0,1
BRDA:155,44,1,3
BRDA:155,45,0,2
BRDA:155,45,1,1
BRDA:155,46,0,3
BRDA:155,46,1,2
BRDA:155,47,0,1
BRDA:155,47,1,2
BRDA:155,48,0,3
BRDA:155,48,1,3
BRDA:156,49,0,0
BRDA:156,49,1,4
BRDA:172,50,0,0
BRDA:172,50,1,5
BRDA:172,51,0,5
BRDA:172,51,1,0
BRDA:172,52,0,0
BRDA:172,52,1,5
BRDA:172,53,0,5
BRDA:172,53,1,5
BRDA:173,54,0,0
BRDA:173,54,1,5
BRDA:173,55,0,5
BRDA:173,55,1,0
BRDA:173,56,0,0
BRDA:173,56,1,5
BRDA:173,57,0,5
BRDA:173,57,1,5
BRDA:177,58,0,1
BRDA:177,58,1,4
BRDA:177,59,0,2
BRDA:177,59,1,2
BRDA:177,60,0,4
BRDA:177,60,1,2
BRDA:177,61,0,1
BRDA:177,61,1,3
BRDA:177,62,0,4
BRDA:177,62,1,4
BRF:123
BRH:101
end_of_record
TN:
SF:src/ArvoEventFactory/helpers.ts
FN:18,(anonymous_1)
FN:38,(anonymous_2)
FNF:2
FNH:2
FNDA:25,(anonymous_1)
FNDA:15,(anonymous_2)
DA:1,6
DA:3,6
DA:18,6
DA:19,25
DA:38,6
DA:40,15
LF:6
LH:6
BRF:0
BRH:0
end_of_record
TN:
SF:src/ArvoEventFactory/index.ts
FN:28,(anonymous_4)
FN:37,ArvoEventFactory
FN:59,(anonymous_6)
FN:69,(anonymous_7)
FN:132,(anonymous_8)
FN:145,(anonymous_9)
FN:205,(anonymous_10)
FN:219,(anonymous_11)
FNF:8
FNH:8
FNDA:6,(anonymous_4)
FNDA:39,ArvoEventFactory
FNDA:9,(anonymous_6)
FNDA:9,(anonymous_7)
FNDA:10,(anonymous_8)
FNDA:10,(anonymous_9)
FNDA:6,(anonymous_10)
FNDA:6,(anonymous_11)
DA:3,6
DA:4,6
DA:6,6
DA:7,6
DA:9,6
DA:10,6
DA:28,6
DA:29,39
DA:38,39
DA:59,9
DA:66,9
DA:70,9
DA:71,9
DA:72,9
DA:73,1
DA:75,8
DA:77,8
DA:88,8
DA:107,8
DA:108,8
DA:132,10
DA:142,10
DA:146,10
DA:147,10
DA:148,10
DA:149,2
DA:150,2
DA:154,8
DA:166,8
DA:180,8
DA:181,8
DA:205,6
DA:216,6
DA:220,6
DA:221,6
DA:223,6
DA:225,6
DA:237,6
DA:256,6
DA:257,6
DA:261,6
LF:41
LH:41
BRDA:72,0,0,1
BRDA:77,1,0,1
BRDA:77,1,1,7
BRDA:77,2,0,8
BRDA:77,2,1,8
BRDA:82,3,0,0
BRDA:82,3,1,7
BRDA:96,4,0,0
BRDA:96,4,1,8
BRDA:96,5,0,8
BRDA:96,5,1,0
BRDA:96,6,0,0
BRDA:96,6,1,8
BRDA:96,7,0,8
BRDA:96,7,1,8
BRDA:97,8,0,0
BRDA:97,8,1,8
BRDA:97,9,0,8
BRDA:97,9,1,0
BRDA:97,10,0,0
BRDA:97,10,1,8
BRDA:97,11,0,8
BRDA:97,11,1,8
BRDA:102,12,0,1
BRDA:102,12,1,7
BRDA:102,13,0,3
BRDA:102,13,1,4
BRDA:102,14,0,7
BRDA:102,14,1,3
BRDA:102,15,0,2
BRDA:102,15,1,5
BRDA:102,16,0,7
BRDA:102,16,1,7
BRDA:147,17,0,1
BRDA:147,17,1,9
BRDA:147,18,0,10
BRDA:147,18,1,10
BRDA:147,19,0,0
BRDA:147,19,1,10
BRDA:147,20,0,10
BRDA:147,20,1,10
BRDA:148,21,0,2
BRDA:148,22,0,1
BRDA:148,22,1,9
BRDA:148,23,0,10
BRDA:148,23,1,10
BRDA:149,24,0,1
BRDA:149,24,1,1
BRDA:149,25,0,2
BRDA:149,25,1,2
BRDA:149,26,0,1
BRDA:149,26,1,1
BRDA:149,27,0,2
BRDA:149,27,1,2
BRDA:149,28,0,1
BRDA:149,28,1,1
BRDA:149,29,0,2
BRDA:149,29,1,2
BRDA:154,30,0,2
BRDA:154,30,1,6
BRDA:154,31,0,8
BRDA:154,31,1,8
BRDA:159,32,0,0
BRDA:159,32,1,6
BRDA:170,33,0,0
BRDA:170,33,1,8
BRDA:170,34,0,8
BRDA:170,34,1,0
BRDA:170,35,0,0
BRDA:170,35,1,8
BRDA:170,36,0,8
BRDA:170,36,1,8
BRDA:171,37,0,0
BRDA:171,37,1,8
BRDA:171,38,0,8
BRDA:171,38,1,0
BRDA:171,39,0,0
BRDA:171,39,1,8
BRDA:171,40,0,8
BRDA:171,40,1,8
BRDA:175,41,0,1
BRDA:175,41,1,7
BRDA:175,42,0,2
BRDA:175,42,1,5
BRDA:175,43,0,7
BRDA:175,43,1,2
BRDA:175,44,0,1
BRDA:175,44,1,6
BRDA:175,45,0,7
BRDA:175,45,1,7
BRDA:225,46,0,1
BRDA:225,46,1,5
BRDA:225,47,0,6
BRDA:225,47,1,6
BRDA:230,48,0,0
BRDA:230,48,1,5
BRDA:245,49,0,0
BRDA:245,49,1,6
BRDA:245,50,0,6
BRDA:245,50,1,0
BRDA:245,51,0,0
BRDA:245,51,1,6
BRDA:245,52,0,6
BRDA:245,52,1,6
BRDA:246,53,0,0
BRDA:246,53,1,6
BRDA:246,54,0,6
BRDA:246,54,1,0
BRDA:246,55,0,0
BRDA:246,55,1,6
BRDA:246,56,0,6
BRDA:246,56,1,6
BRDA:251,57,0,1
BRDA:251,57,1,5
BRDA:251,58,0,2
BRDA:251,58,1,3
BRDA:251,59,0,5
BRDA:251,59,1,2
BRDA:251,60,0,1
BRDA:251,60,1,4
BRDA:251,61,0,5
BRDA:251,61,1,5
BRF:122
BRH:100
end_of_record
TN:
SF:src/ArvoEventFactory/utils.ts
FN:8,(anonymous_1)
FNF:1
FNH:1
FNDA:39,(anonymous_1)
DA:1,6
DA:3,6
DA:4,6
DA:5,6
DA:6,6
DA:8,39
LF:6
LH:6
BRF:0
BRH:0
end_of_record
TN:
SF:src/ArvoOrchestrationSubject/index.ts
FN:13,(anonymous_3)
FN:46,(anonymous_5)
FN:100,(anonymous_6)
FN:141,(anonymous_7)
FN:176,(anonymous_8)
FN:212,(anonymous_9)
FNF:6
FNH:5
FNDA:6,(anonymous_3)
FNDA:41,(anonymous_5)
FNDA:6,(anonymous_6)
FNDA:44,(anonymous_7)
FNDA:29,(anonymous_8)
FNDA:0,(anonymous_9)
DA:1,6
DA:2,6
DA:3,6
DA:5,6
DA:6,6
DA:13,6
DA:46,6
DA:53,41
DA:100,6
DA:106,6
DA:107,5
DA:141,6
DA:142,44
DA:143,44
DA:144,44
DA:145,3
DA:147,41
DA:148,41
DA:149,41
DA:151,3
DA:176,6
DA:177,29
DA:178,29
DA:179,29
DA:180,27
DA:181,27
DA:182,27
DA:183,27
DA:184,1
DA:186,26
DA:188,3
DA:212,6
DA:213,0
DA:214,0
DA:215,0
DA:217,0
DA:220,6
LF:37
LH:33
BRDA:56,0,0,41
BRDA:56,0,1,0
BRDA:56,1,0,41
BRDA:56,1,1,41
BRDA:61,2,0,5
BRDA:61,2,1,36
BRDA:61,3,0,41
BRDA:61,3,1,41
BRDA:63,4,0,13
BRDA:63,4,1,28
BRDA:63,5,0,41
BRDA:63,5,1,41
BRDA:109,6,0,4
BRDA:109,6,1,1
BRDA:109,7,0,5
BRDA:109,7,1,4
BRDA:111,8,0,0
BRDA:111,8,1,5
BRDA:111,9,0,5
BRDA:111,9,1,0
BRDA:113,10,0,5
BRDA:113,10,1,0
BRDA:113,11,0,5
BRDA:113,11,1,5
BRDA:114,12,0,2
BRDA:114,12,1,3
BRDA:114,13,0,5
BRDA:114,13,1,5
BRDA:144,14,0,3
BRDA:183,15,0,1
BRF:30
BRH:26
end_of_record
TN:
SF:src/ArvoOrchestrationSubject/schema.ts
FN:13,(anonymous_0)
FN:23,(anonymous_1)
FN:31,(anonymous_2)
FNF:3
FNH:3
FNDA:70,(anonymous_0)
FNDA:70,(anonymous_1)
FNDA:70,(anonymous_2)
DA:1,6
DA:2,6
DA:3,6
DA:6,6
DA:13,70
DA:23,70
DA:31,70
LF:7
LH:7
BRF:0
BRH:0
end_of_record
TN:
SF:src/ArvoOrchestratorContract/index.ts
FN:21,isLowerAlphanumeric
FN:84,(anonymous_4)
FN:119,(anonymous_5)
FNF:3
FNH:3
FNDA:5,isLowerAlphanumeric
FNDA:5,(anonymous_4)
FNDA:7,(anonymous_5)
DA:2,6
DA:4,6
DA:5,6
DA:22,5
DA:23,5
DA:84,6
DA:98,5
DA:99,1
DA:104,4
DA:112,4
DA:119,7
LF:11
LH:11
BRDA:98,0,0,1
BRDA:105,1,0,1
BRDA:105,1,1,3
BRDA:105,2,0,4
BRDA:105,2,1,4
BRDA:114,3,0,1
BRDA:114,3,1,3
BRDA:114,4,0,4
BRDA:114,4,1,4
BRDA:116,5,0,0
BRDA:116,5,1,4
BRDA:116,6,0,4
BRDA:116,6,1,4
BRF:13
BRH:12
end_of_record
TN:
SF:src/ArvoOrchestratorContract/schema.ts
FNF:0
FNH:0
DA:1,6
DA:2,6
DA:9,6
LF:3
LH:3
BRF:0
BRH:0
end_of_record
TN:
SF:src/ArvoOrchestratorContract/typegen.ts
FN:15,(anonymous_0)
FN:29,(anonymous_2)
FN:45,(anonymous_3)
FN:62,(anonymous_4)
FN:79,(anonymous_5)
FNF:5
FNH:4
FNDA:6,(anonymous_0)
FNDA:36,(anonymous_2)
FNDA:21,(anonymous_3)
FNDA:12,(anonymous_4)
FNDA:0,(anonymous_5)
DA:15,6
DA:20,6
DA:29,6
DA:30,36
DA:45,6
DA:46,21
DA:62,6
DA:63,12
DA:79,6
DA:82,0
DA:84,6
LF:11
LH:10
BRF:0
BRH:0
end_of_record
TN:
SF:src/OpenTelemetry/index.ts
FN:20,(anonymous_4)
FN:26,ArvoOpenTelemetry
FN:53,(anonymous_6)
FN:76,(anonymous_7)
FN:115,(anonymous_8)
FN:152,(anonymous_9)
FN:179,(anonymous_10)
FN:207,(anonymous_11)
FN:228,currentOpenTelemetryHeaders
FN:236,(anonymous_13)
FN:252,(anonymous_14)
FNF:11
FNH:8
FNDA:6,(anonymous_4)
FNDA:4,ArvoOpenTelemetry
FNDA:60,(anonymous_6)
FNDA:0,(anonymous_7)
FNDA:57,(anonymous_8)
FNDA:57,(anonymous_9)
FNDA:1,(anonymous_10)
FNDA:8,(anonymous_11)
FNDA:57,currentOpenTelemetryHeaders
FNDA:0,(anonymous_13)
FNDA:0,(anonymous_14)
DA:1,6
DA:12,6
DA:13,6
DA:14,6
DA:20,6
DA:24,6
DA:27,4
DA:53,6
DA:54,60
DA:55,4
DA:57,60
DA:76,6
DA:80,0
DA:81,0
DA:85,0
DA:86,0
DA:87,0
DA:88,0
DA:95,0
DA:115,6
DA:131,57
DA:132,0
DA:133,0
DA:137,0
DA:138,0
DA:141,57
DA:152,57
DA:153,57
DA:154,0
DA:156,57
DA:157,57
DA:158,57
DA:160,8
DA:161,8
DA:165,8
DA:167,57
DA:171,6
DA:179,6
DA:185,2
DA:187,2
DA:188,1
DA:194,1
DA:195,0
DA:197,1
DA:207,16
DA:208,8
DA:209,0
DA:213,0
DA:215,8
DA:222,6
DA:228,6
DA:229,57
DA:230,57
DA:235,57
DA:237,0
DA:238,0
DA:243,57
DA:245,57
DA:252,6
DA:253,0
DA:257,0
LF:61
LH:42
BRDA:27,0,0,3
BRDA:27,0,1,1
BRDA:27,1,0,4
BRDA:27,1,1,4
BRDA:54,2,0,4
BRDA:55,3,0,1
BRDA:55,3,1,3
BRDA:55,4,0,4
BRDA:55,4,1,4
BRDA:80,5,0,0
BRDA:85,6,0,0
BRDA:87,7,0,0
BRDA:131,8,0,0
BRDA:132,9,0,0
BRDA:132,9,1,0
BRDA:132,10,0,0
BRDA:132,10,1,0
BRDA:137,11,0,0
BRDA:144,12,0,39
BRDA:144,12,1,18
BRDA:144,13,0,57
BRDA:144,13,1,57
BRDA:147,14,0,39
BRDA:147,14,1,18
BRDA:147,15,0,57
BRDA:147,15,1,57
BRDA:147,16,0,18
BRDA:147,16,1,39
BRDA:147,17,0,57
BRDA:147,17,1,57
BRDA:153,18,0,0
BRDA:185,19,0,1
BRDA:194,20,0,0
BRDA:194,20,1,1
BRDA:207,21,0,8
BRDA:208,22,0,0
BRDA:208,22,1,8
BRDA:237,23,0,0
BRDA:237,24,0,0
BRDA:237,24,1,0
BRDA:255,25,0,0
BRDA:255,25,1,0
BRDA:255,26,0,0
BRDA:255,26,1,0
BRF:44
BRH:25
end_of_record
TN:
SF:src/OpenTelemetry/ArvoExecution/index.ts
FN:5,(anonymous_0)
FNF:1
FNH:1
FNDA:6,(anonymous_0)
DA:5,6
DA:6,6
DA:7,6
LF:3
LH:3
BRF:0
BRH:0
end_of_record
TN:
SF:src/OpenTelemetry/ArvoExecution/types.ts
FN:1,(anonymous_0)
FNF:1
FNH:1
FNDA:6,(anonymous_0)
DA:1,6
DA:2,6
DA:3,6
DA:4,6
LF:4
LH:4
BRDA:1,0,0,6
BRDA:1,0,1,6
BRF:2
BRH:2
end_of_record
TN:
SF:src/OpenTelemetry/OpenInference/index.ts
FN:7,(anonymous_0)
FNF:1
FNH:1
FNDA:6,(anonymous_0)
DA:7,6
DA:8,6
DA:11,6
DA:12,6
DA:13,6
DA:14,6
DA:17,6
DA:18,6
DA:19,6
DA:20,6
DA:23,6
DA:24,6
DA:25,6
DA:26,6
DA:29,6
DA:32,6
DA:33,6
DA:36,6
DA:37,6
DA:38,6
DA:39,6
DA:40,6
DA:41,6
DA:42,6
DA:43,6
DA:44,6
DA:45,6
DA:46,6
DA:47,6
DA:50,6
DA:51,6
DA:52,6
DA:53,6
DA:54,6
DA:55,6
DA:58,6
DA:59,6
DA:60,6
DA:63,6
DA:66,6
DA:67,6
DA:70,6
DA:71,6
DA:72,6
DA:73,6
DA:74,6
DA:77,6
DA:80,6
DA:83,6
DA:86,6
DA:87,6
DA:88,6
DA:89,6
DA:92,6
DA:93,6
DA:96,6
DA:97,6
LF:57
LH:57
BRF:0
BRH:0
end_of_record
TN:
SF:src/OpenTelemetry/OpenInference/types.ts
FN:5,(anonymous_0)
FNF:1
FNH:1
FNDA:6,(anonymous_0)
DA:5,6
DA:6,6
DA:7,6
DA:8,6
DA:9,6
DA:10,6
DA:11,6
DA:12,6
DA:13,6
DA:14,6
LF:10
LH:10
BRDA:5,0,0,6
BRDA:5,0,1,6
BRF:2
BRH:2
end_of_record
TN:
SF:tests/utils.ts
FN:17,(anonymous_6)
FN:38,(anonymous_7)
FN:44,(anonymous_8)
FNF:3
FNH:3
FNDA:3,(anonymous_6)
FNDA:3,(anonymous_7)
FNDA:3,(anonymous_8)
DA:1,3
DA:2,3
DA:3,3
DA:4,3
DA:5,3
DA:6,3
DA:7,3
DA:8,3
DA:9,3
DA:10,3
DA:12,3
DA:14,3
DA:17,3
DA:18,3
DA:21,3
DA:22,3
DA:28,0
DA:36,3
DA:38,3
DA:39,3
DA:40,0
DA:44,3
DA:45,3
LF:23
LH:21
BRDA:21,0,0,3
BRDA:39,1,0,0
BRF:2
BRH:1
end_of_record
