TN:
SF:src/errors.ts
FN:25,(anonymous_6)
FN:38,ViolationError
FNF:2
FNH:2
FNDA:6,(anonymous_6)
FNDA:1,ViolationError
DA:25,6
DA:38,1
DA:39,1
DA:40,1
DA:41,1
DA:42,1
DA:44,6
LF:7
LH:7
BRDA:39,0,0,1
BRDA:39,0,1,0
BRDA:42,1,0,0
BRDA:42,1,1,1
BRDA:42,2,0,1
BRDA:42,2,1,1
BRF:6
BRH:4
end_of_record
TN:
SF:src/index.ts
FN:105,(anonymous_1)
FN:104,(anonymous_2)
FN:113,(anonymous_3)
FN:114,(anonymous_4)
FN:117,(anonymous_5)
FN:128,(anonymous_6)
FN:158,(anonymous_7)
FN:118,(anonymous_8)
FN:119,(anonymous_9)
FN:146,(anonymous_10)
FN:147,(anonymous_11)
FN:141,(anonymous_12)
FN:121,(anonymous_13)
FN:122,(anonymous_14)
FN:127,(anonymous_15)
FN:157,(anonymous_16)
FN:144,(anonymous_17)
FN:143,(anonymous_18)
FN:154,(anonymous_19)
FN:132,(anonymous_20)
FN:130,(anonymous_21)
FN:142,(anonymous_22)
FN:138,(anonymous_23)
FN:140,(anonymous_24)
FN:150,(anonymous_25)
FN:152,(anonymous_26)
FN:153,(anonymous_27)
FN:148,(anonymous_28)
FN:156,(anonymous_29)
FN:159,(anonymous_30)
FNF:30
FNH:13
FNDA:1,(anonymous_1)
FNDA:9,(anonymous_2)
FNDA:0,(anonymous_3)
FNDA:0,(anonymous_4)
FNDA:0,(anonymous_5)
FNDA:0,(anonymous_6)
FNDA:3,(anonymous_7)
FNDA:0,(anonymous_8)
FNDA:2,(anonymous_9)
FNDA:0,(anonymous_10)
FNDA:0,(anonymous_11)
FNDA:2,(anonymous_12)
FNDA:10,(anonymous_13)
FNDA:0,(anonymous_14)
FNDA:7,(anonymous_15)
FNDA:7,(anonymous_16)
FNDA:0,(anonymous_17)
FNDA:0,(anonymous_18)
FNDA:0,(anonymous_19)
FNDA:0,(anonymous_20)
FNDA:0,(anonymous_21)
FNDA:0,(anonymous_22)
FNDA:4,(anonymous_23)
FNDA:2,(anonymous_24)
FNDA:0,(anonymous_25)
FNDA:0,(anonymous_26)
FNDA:2,(anonymous_27)
FNDA:2,(anonymous_28)
FNDA:0,(anonymous_29)
FNDA:1,(anonymous_30)
DA:1,6
DA:2,6
DA:10,6
DA:19,6
DA:27,6
DA:34,6
DA:35,6
DA:37,6
DA:44,6
DA:45,6
DA:49,6
DA:54,6
DA:55,6
DA:56,6
DA:57,6
DA:58,6
DA:59,6
DA:67,6
DA:72,6
DA:73,6
DA:74,6
DA:75,6
DA:79,6
DA:81,6
DA:82,6
DA:93,6
DA:103,6
DA:104,15
DA:105,7
DA:108,6
DA:113,6
DA:114,6
DA:117,6
DA:118,6
DA:119,8
DA:120,6
DA:121,16
DA:122,6
DA:126,6
DA:127,13
DA:128,6
DA:129,6
DA:130,6
DA:131,6
DA:132,6
DA:134,6
DA:138,10
DA:140,8
DA:141,8
DA:142,6
DA:143,6
DA:144,6
DA:146,6
DA:147,6
DA:148,8
DA:150,6
DA:152,6
DA:153,8
DA:154,6
DA:156,6
DA:157,13
DA:158,9
DA:159,7
LF:63
LH:63
BRF:0
BRH:0
end_of_record
TN:
SF:src/schema.ts
FN:22,(anonymous_0)
FNF:1
FNH:1
FNDA:18,(anonymous_0)
DA:1,6
DA:9,6
DA:16,6
DA:22,6
DA:23,18
LF:5
LH:5
BRF:0
BRH:0
end_of_record
TN:
SF:src/utils.ts
FN:20,cleanString
FN:23,(anonymous_1)
FN:24,(anonymous_2)
FN:42,(anonymous_3)
FN:71,(anonymous_4)
FN:96,parseSemanticVersion
FN:99,(anonymous_6)
FN:119,compareSemanticVersions
FN:138,(anonymous_8)
FN:139,(anonymous_10)
FN:159,(anonymous_11)
FN:171,(anonymous_12)
FN:195,(anonymous_13)
FNF:13
FNH:13
FNDA:119,cleanString
FNDA:866,(anonymous_1)
FNDA:866,(anonymous_2)
FNDA:74,(anonymous_3)
FNDA:16,(anonymous_4)
FNDA:4,parseSemanticVersion
FNDA:12,(anonymous_6)
FNDA:2,compareSemanticVersions
FNDA:6,(anonymous_8)
FNDA:13,(anonymous_10)
FNDA:7,(anonymous_11)
FNDA:1,(anonymous_12)
FNDA:2,(anonymous_13)
DA:2,6
DA:4,6
DA:5,6
DA:20,6
DA:21,119
DA:23,866
DA:24,866
DA:42,6
DA:43,74
DA:44,74
DA:46,0
DA:71,32
DA:72,16
DA:73,16
DA:74,16
DA:75,16
DA:96,6
DA:99,4
DA:100,12
DA:101,12
DA:102,0
DA:104,12
DA:106,4
DA:107,0
DA:109,4
DA:119,6
DA:123,2
DA:124,2
DA:125,2
DA:126,2
DA:128,0
DA:129,0
DA:131,0
DA:138,6
DA:139,6
DA:143,13
DA:159,6
DA:160,7
DA:171,6
DA:174,1
DA:195,6
DA:199,2
DA:201,2
DA:202,2
DA:203,2
DA:206,2
DA:207,2
DA:209,0
DA:213,0
DA:216,6
LF:50
LH:42
BRDA:71,0,0,16
BRDA:79,1,0,16
BRDA:79,1,1,0
BRDA:101,2,0,0
BRDA:106,3,0,0
BRDA:106,4,0,4
BRDA:106,4,1,4
BRDA:106,4,2,4
BRDA:125,5,0,2
BRDA:128,6,0,0
BRDA:201,7,0,0
BRDA:201,7,1,2
BRDA:201,8,0,2
BRDA:201,8,1,0
BRDA:201,9,0,2
BRDA:201,9,1,2
BRF:16
BRH:10
end_of_record
TN:
SF:src/ArvoContract/WildCardArvoSemanticVersion.ts
FN:18,(anonymous_0)
FNF:1
FNH:1
FNDA:18,(anonymous_0)
DA:1,6
DA:8,6
DA:18,6
DA:19,18
LF:4
LH:4
BRDA:19,0,0,18
BRDA:19,0,1,18
BRF:2
BRH:2
end_of_record
TN:
SF:src/ArvoContract/helpers.ts
FN:38,(anonymous_1)
FN:56,(anonymous_2)
FNF:2
FNH:2
FNDA:12,(anonymous_1)
FNDA:2,(anonymous_2)
DA:1,6
DA:2,6
DA:3,6
DA:38,6
DA:56,12
DA:61,2
DA:62,2
DA:69,12
DA:70,1
DA:73,17
DA:74,19
DA:75,19
DA:76,1
DA:80,10
LF:14
LH:14
BRDA:61,0,0,1
BRDA:61,0,1,1
BRDA:69,1,0,1
BRDA:75,2,0,1
BRDA:83,3,0,1
BRDA:83,3,1,9
BRDA:83,4,0,10
BRDA:83,4,1,10
BRDA:84,5,0,2
BRDA:84,5,1,8
BRDA:84,6,0,10
BRDA:84,6,1,10
BRF:12
BRH:12
end_of_record
TN:
SF:src/ArvoContract/index.ts
FN:49,(anonymous_0)
FN:101,ArvoContract
FN:73,(anonymous_2)
FN:76,(anonymous_3)
FN:79,(anonymous_4)
FN:82,(anonymous_5)
FN:85,(anonymous_6)
FN:146,(anonymous_7)
FN:168,(anonymous_8)
FN:204,(anonymous_9)
FN:206,(anonymous_10)
FN:215,(anonymous_11)
FN:230,(anonymous_12)
FN:236,(anonymous_13)
FNF:14
FNH:10
FNDA:6,(anonymous_0)
FNDA:13,ArvoContract
FNDA:30,(anonymous_2)
FNDA:52,(anonymous_3)
FNDA:100,(anonymous_4)
FNDA:0,(anonymous_5)
FNDA:17,(anonymous_6)
FNDA:5,(anonymous_7)
FNDA:45,(anonymous_8)
FNDA:2,(anonymous_9)
FNDA:2,(anonymous_10)
FNDA:0,(anonymous_11)
FNDA:0,(anonymous_12)
FNDA:0,(anonymous_13)
DA:7,6
DA:9,6
DA:10,6
DA:11,6
DA:12,6
DA:16,6
DA:49,6
DA:73,6
DA:74,30
DA:76,6
DA:77,52
DA:79,6
DA:80,100
DA:82,6
DA:83,0
DA:85,6
DA:86,17
DA:102,13
DA:103,13
DA:104,13
DA:105,13
DA:106,13
DA:108,13
DA:109,12
DA:111,19
DA:112,19
DA:113,18
DA:114,0
DA:118,21
DA:119,21
DA:123,11
DA:124,0
DA:146,6
DA:150,5
DA:168,6
DA:181,45
DA:182,2
DA:183,43
DA:184,0
DA:186,43
DA:187,1
DA:191,42
DA:194,44
DA:204,6
DA:205,2
DA:206,2
DA:208,2
DA:215,6
DA:216,0
DA:230,6
DA:231,0
DA:232,0
DA:237,0
DA:240,0
DA:250,0
DA:251,0
DA:255,0
DA:258,6
LF:58
LH:46
BRDA:105,0,0,1
BRDA:105,0,1,12
BRDA:105,1,0,13
BRDA:105,1,1,1
BRDA:113,2,0,0
BRDA:123,3,0,0
BRDA:181,4,0,2
BRDA:181,4,1,43
BRDA:181,5,0,45
BRDA:181,5,1,45
BRDA:183,6,0,0
BRDA:183,6,1,43
BRDA:186,7,0,1
BRDA:186,7,1,42
BRDA:208,8,0,2
BRDA:208,8,1,0
BRF:16
BRH:12
end_of_record
TN:
SF:src/ArvoContract/validators.ts
FNF:0
FNH:0
DA:1,6
DA:2,6
DA:4,6
LF:3
LH:3
BRF:0
BRH:0
end_of_record
TN:
SF:src/ArvoContract/SimpleArvoContract/index.ts
FN:49,(anonymous_2)
FN:81,(anonymous_3)
FNF:2
FNH:2
FNDA:2,(anonymous_2)
FNDA:3,(anonymous_3)
DA:4,6
DA:49,6
DA:67,2
DA:73,2
DA:75,2
DA:81,3
LF:6
LH:6
BRDA:68,0,0,1
BRDA:68,0,1,1
BRDA:68,1,0,2
BRDA:68,1,1,2
BRF:4
BRH:4
end_of_record
TN:
SF:src/ArvoContract/VersionedArvoContract/index.ts
FN:18,(anonymous_3)
FN:77,VersionedArvoContract
FN:33,(anonymous_5)
FN:36,(anonymous_6)
FN:39,(anonymous_7)
FN:42,(anonymous_8)
FN:45,(anonymous_9)
FN:61,(anonymous_10)
FN:64,(anonymous_11)
FN:67,(anonymous_12)
FN:70,(anonymous_13)
FN:92,(anonymous_14)
FN:107,(anonymous_15)
FNF:13
FNH:10
FNDA:6,(anonymous_3)
FNDA:44,VersionedArvoContract
FNDA:26,(anonymous_5)
FNDA:27,(anonymous_6)
FNDA:0,(anonymous_7)
FNDA:14,(anonymous_8)
FNDA:3,(anonymous_9)
FNDA:27,(anonymous_10)
FNDA:57,(anonymous_11)
FNDA:2,(anonymous_12)
FNDA:2,(anonymous_13)
FNDA:0,(anonymous_14)
FNDA:0,(anonymous_15)
DA:1,6
DA:9,6
DA:10,6
DA:11,6
DA:12,6
DA:18,6
DA:33,6
DA:34,26
DA:36,6
DA:37,27
DA:39,6
DA:40,0
DA:42,6
DA:43,14
DA:45,6
DA:53,3
DA:61,6
DA:62,27
DA:64,6
DA:65,57
DA:67,6
DA:68,2
DA:70,6
DA:71,2
DA:78,44
DA:79,44
DA:80,44
DA:84,44
DA:85,44
DA:92,6
DA:93,0
DA:94,0
DA:107,0
DA:113,0
DA:114,0
DA:118,0
DA:121,6
LF:37
LH:30
BRF:0
BRH:0
end_of_record
TN:
SF:src/ArvoContract/VersionedArvoContract/utils.ts
FN:5,(anonymous_0)
FN:11,(anonymous_1)
FNF:2
FNH:2
FNDA:44,(anonymous_0)
FNDA:83,(anonymous_1)
DA:5,6
DA:11,83
LF:2
LH:2
BRF:0
BRH:0
end_of_record
TN:
SF:src/ArvoEvent/helpers.ts
FN:15,(anonymous_1)
FN:89,(anonymous_2)
FN:109,(anonymous_3)
FNF:3
FNH:3
FNDA:17,(anonymous_1)
FNDA:17,(anonymous_2)
FNDA:9,(anonymous_3)
DA:1,6
DA:2,6
DA:7,6
DA:8,6
DA:10,6
DA:15,6
DA:20,17
DA:21,1
DA:26,1
DA:32,17
DA:89,6
DA:100,17
DA:101,8
DA:107,9
DA:110,9
DA:115,8
DA:116,8
LF:17
LH:17
BRDA:20,0,0,1
BRDA:20,1,0,17
BRDA:20,1,1,9
BRDA:34,2,0,1
BRDA:34,2,1,16
BRDA:34,3,0,17
BRDA:34,3,1,17
BRDA:36,4,0,2
BRDA:36,4,1,15
BRDA:36,5,0,17
BRDA:36,5,1,17
BRDA:37,6,0,2
BRDA:37,6,1,15
BRDA:37,7,0,17
BRDA:37,7,1,17
BRDA:38,8,0,13
BRDA:38,8,1,4
BRDA:38,9,0,17
BRDA:38,9,1,13
BRDA:38,10,0,5
BRDA:38,10,1,12
BRDA:38,11,0,17
BRDA:38,11,1,17
BRDA:39,12,0,1
BRDA:39,12,1,16
BRDA:39,13,0,17
BRDA:39,13,1,1
BRDA:39,14,0,1
BRDA:39,14,1,16
BRDA:39,15,0,17
BRDA:39,15,1,17
BRDA:40,16,0,9
BRDA:40,16,1,8
BRDA:40,17,0,17
BRDA:40,17,1,17
BRDA:41,18,0,0
BRDA:41,18,1,17
BRDA:41,19,0,17
BRDA:41,19,1,17
BRDA:42,20,0,1
BRDA:42,20,1,16
BRDA:42,21,0,17
BRDA:42,21,1,17
BRDA:45,22,0,12
BRDA:45,22,1,5
BRDA:46,23,0,3
BRDA:46,23,1,14
BRDA:47,24,0,8
BRDA:47,24,1,9
BRDA:100,25,0,8
BRDA:100,26,0,9
BRDA:100,26,1,8
BRDA:100,27,0,17
BRDA:100,27,1,17
BRF:54
BRH:53
end_of_record
TN:
SF:src/ArvoEvent/index.ts
FN:22,(anonymous_3)
FN:49,ArvoEvent
FN:98,(anonymous_5)
FN:128,(anonymous_6)
FN:140,(anonymous_7)
FN:152,(anonymous_8)
FN:170,(anonymous_9)
FN:174,(anonymous_10)
FN:178,(anonymous_11)
FN:182,(anonymous_12)
FN:186,(anonymous_13)
FN:190,(anonymous_14)
FN:204,(anonymous_15)
FNF:13
FNH:11
FNDA:6,(anonymous_3)
FNDA:17,ArvoEvent
FNDA:1,(anonymous_5)
FNDA:0,(anonymous_6)
FNDA:0,(anonymous_7)
FNDA:16,(anonymous_8)
FNDA:5,(anonymous_9)
FNDA:2,(anonymous_10)
FNDA:5,(anonymous_11)
FNDA:2,(anonymous_12)
FNDA:1,(anonymous_13)
FNDA:1,(anonymous_14)
FNDA:1,(anonymous_15)
DA:8,6
DA:16,6
DA:22,6
DA:54,17
DA:55,17
DA:56,17
DA:57,17
DA:58,17
DA:59,17
DA:60,17
DA:61,17
DA:62,17
DA:63,17
DA:65,16
DA:66,16
DA:68,16
DA:80,16
DA:81,15
DA:82,0
DA:85,16
DA:86,16
DA:98,6
DA:99,1
DA:128,6
DA:129,0
DA:140,6
DA:141,0
DA:152,6
DA:153,16
DA:170,6
DA:171,5
DA:174,6
DA:175,2
DA:178,6
DA:179,5
DA:182,6
DA:183,2
DA:186,6
DA:187,1
DA:190,6
DA:191,1
DA:204,6
DA:206,1
DA:207,1
DA:208,1
DA:209,1
DA:210,1
DA:211,1
DA:212,1
DA:213,1
DA:214,1
DA:216,6
LF:52
LH:49
BRDA:69,0,0,1
BRDA:69,0,1,15
BRDA:80,1,0,15
BRDA:81,2,0,0
BRDA:140,3,0,0
BRDA:154,4,0,16
BRDA:154,4,1,0
BRDA:155,5,0,16
BRDA:155,5,1,0
BRDA:156,6,0,16
BRDA:156,6,1,0
BRDA:157,7,0,16
BRDA:157,7,1,0
BRDA:158,8,0,16
BRDA:158,8,1,0
BRDA:159,9,0,16
BRDA:159,9,1,0
BRDA:160,10,0,16
BRDA:160,10,1,0
BRDA:161,11,0,8
BRDA:161,11,1,8
BRDA:161,12,0,16
BRDA:161,12,1,8
BRDA:163,13,0,3
BRDA:163,13,1,13
BRDA:163,14,0,16
BRDA:163,14,1,3
BRDA:164,15,0,16
BRDA:164,15,1,0
BRDA:164,16,0,16
BRDA:164,16,1,16
BRDA:166,17,0,2
BRDA:166,17,1,14
BRDA:166,18,0,16
BRDA:166,18,1,2
BRF:35
BRH:25
end_of_record
TN:
SF:src/ArvoEvent/schema.ts
FN:46,(anonymous_0)
FN:82,(anonymous_1)
FNF:2
FNH:2
FNDA:17,(anonymous_0)
FNDA:17,(anonymous_1)
DA:1,6
DA:2,6
DA:3,6
DA:9,6
DA:17,6
DA:46,17
DA:83,17
DA:114,6
DA:137,6
DA:150,6
DA:225,6
LF:11
LH:11
BRDA:83,0,0,17
BRDA:83,0,1,1
BRDA:83,1,0,0
BRDA:83,1,1,17
BRDA:83,2,0,17
BRDA:83,2,1,17
BRDA:84,3,0,0
BRDA:84,3,1,1
BRDA:84,4,0,1
BRDA:84,4,1,1
BRF:10
BRH:8
end_of_record
TN:
SF:src/ArvoEvent/utils.ts
FN:8,(anonymous_0)
FNF:1
FNH:1
FNDA:17,(anonymous_0)
DA:8,6
DA:9,17
DA:10,17
DA:11,17
DA:12,1
DA:14,16
DA:15,16
DA:17,0
LF:8
LH:7
BRDA:11,0,0,1
BRDA:11,1,0,17
BRDA:11,1,1,1
BRF:3
BRH:3
end_of_record
TN:
SF:src/ArvoEventFactory/Orchestrator.ts
FN:27,(anonymous_9)
FN:32,ArvoOrchestratorEventFactory
FN:55,(anonymous_11)
FN:68,(anonymous_12)
FN:91,(anonymous_13)
FN:139,(anonymous_14)
FN:152,(anonymous_15)
FNF:7
FNH:7
FNDA:6,(anonymous_9)
FNDA:7,ArvoOrchestratorEventFactory
FNDA:4,(anonymous_11)
FNDA:4,(anonymous_12)
FNDA:1,(anonymous_13)
FNDA:2,(anonymous_14)
FNDA:2,(anonymous_15)
DA:1,6
DA:4,6
DA:6,6
DA:7,6
DA:12,6
DA:13,6
DA:14,6
DA:27,6
DA:29,6
DA:30,6
DA:32,7
DA:33,7
DA:37,1
DA:41,6
DA:55,6
DA:65,4
DA:69,4
DA:70,4
DA:73,4
DA:74,1
DA:79,3
DA:80,3
DA:91,1
DA:104,3
DA:123,3
DA:124,3
DA:139,6
DA:149,2
DA:153,2
DA:154,2
DA:157,2
DA:159,1
DA:161,1
DA:163,1
DA:183,1
DA:184,1
DA:188,6
LF:37
LH:37
BRDA:33,0,0,1
BRDA:34,1,0,0
BRDA:34,1,1,7
BRDA:34,2,0,7
BRDA:34,2,1,7
BRDA:41,3,0,6
BRDA:41,3,1,6
BRDA:73,4,0,1
BRDA:80,5,0,1
BRDA:80,5,1,2
BRDA:88,6,0,0
BRDA:88,6,1,1
BRDA:88,7,0,1
BRDA:88,7,1,1
BRDA:98,8,0,1
BRDA:98,8,1,1
BRDA:113,9,0,0
BRDA:113,9,1,3
BRDA:113,10,0,3
BRDA:113,10,1,0
BRDA:113,11,0,0
BRDA:113,11,1,3
BRDA:113,12,0,3
BRDA:113,12,1,3
BRDA:114,13,0,0
BRDA:114,13,1,3
BRDA:114,14,0,3
BRDA:114,14,1,0
BRDA:114,15,0,0
BRDA:114,15,1,3
BRDA:114,16,0,3
BRDA:114,16,1,3
BRDA:154,17,0,0
BRDA:154,17,1,2
BRDA:154,18,0,2
BRDA:154,18,1,2
BRDA:154,19,0,0
BRDA:154,19,1,2
BRDA:154,20,0,2
BRDA:154,20,1,2
BRDA:157,21,0,1
BRDA:157,22,0,0
BRDA:157,22,1,2
BRDA:157,23,0,2
BRDA:157,23,1,2
BRDA:159,24,0,1
BRDA:159,24,1,0
BRDA:159,25,0,1
BRDA:159,25,1,1
BRDA:159,26,0,0
BRDA:159,26,1,1
BRDA:159,27,0,1
BRDA:159,27,1,1
BRDA:159,28,0,0
BRDA:159,28,1,1
BRDA:159,29,0,1
BRDA:159,29,1,1
BRDA:174,30,0,0
BRDA:174,30,1,1
BRDA:174,31,0,1
BRDA:174,31,1,0
BRDA:174,32,0,0
BRDA:174,32,1,1
BRDA:174,33,0,1
BRDA:174,33,1,1
BRDA:175,34,0,0
BRDA:175,34,1,1
BRDA:175,35,0,1
BRDA:175,35,1,0
BRDA:175,36,0,0
BRDA:175,36,1,1
BRDA:175,37,0,1
BRDA:175,37,1,1
BRF:73
BRH:53
end_of_record
TN:
SF:src/ArvoEventFactory/helpers.ts
FN:19,(anonymous_1)
FN:42,(anonymous_2)
FNF:2
FNH:2
FNDA:7,(anonymous_1)
FNDA:7,(anonymous_2)
DA:1,6
DA:4,6
DA:19,6
DA:23,7
DA:42,6
DA:46,7
LF:6
LH:6
BRF:0
BRH:0
end_of_record
TN:
SF:src/ArvoEventFactory/index.ts
FN:30,(anonymous_3)
FN:41,ArvoEventFactory
FN:63,(anonymous_5)
FN:76,(anonymous_6)
FN:129,(anonymous_7)
FN:142,(anonymous_8)
FN:195,(anonymous_9)
FN:207,(anonymous_10)
FNF:8
FNH:8
FNDA:6,(anonymous_3)
FNDA:13,ArvoEventFactory
FNDA:2,(anonymous_5)
FNDA:2,(anonymous_6)
FNDA:4,(anonymous_7)
FNDA:4,(anonymous_8)
FNDA:1,(anonymous_9)
FNDA:1,(anonymous_10)
DA:2,6
DA:4,6
DA:6,6
DA:11,6
DA:12,6
DA:30,6
DA:33,13
DA:42,13
DA:63,6
DA:73,2
DA:77,2
DA:78,2
DA:81,2
DA:82,1
DA:86,1
DA:104,1
DA:105,1
DA:129,6
DA:139,4
DA:143,4
DA:144,4
DA:147,4
DA:149,2
DA:151,2
DA:153,2
DA:170,2
DA:171,2
DA:195,6
DA:204,1
DA:208,1
DA:209,1
DA:210,1
DA:234,1
DA:235,1
DA:239,6
LF:35
LH:35
BRDA:81,0,0,1
BRDA:94,1,0,1
BRDA:94,1,1,0
BRDA:94,2,0,1
BRDA:94,2,1,1
BRDA:94,3,0,0
BRDA:94,3,1,1
BRDA:94,4,0,1
BRDA:94,4,1,1
BRDA:95,5,0,0
BRDA:95,5,1,1
BRDA:95,6,0,1
BRDA:95,6,1,0
BRDA:95,7,0,0
BRDA:95,7,1,1
BRDA:95,8,0,1
BRDA:95,8,1,1
BRDA:144,9,0,1
BRDA:144,9,1,3
BRDA:144,10,0,4
BRDA:144,10,1,4
BRDA:144,11,0,0
BRDA:144,11,1,4
BRDA:144,12,0,4
BRDA:144,12,1,4
BRDA:147,13,0,2
BRDA:147,14,0,1
BRDA:147,14,1,3
BRDA:147,15,0,4
BRDA:147,15,1,4
BRDA:149,16,0,1
BRDA:149,16,1,1
BRDA:149,17,0,2
BRDA:149,17,1,2
BRDA:149,18,0,1
BRDA:149,18,1,1
BRDA:149,19,0,2
BRDA:149,19,1,2
BRDA:149,20,0,1
BRDA:149,20,1,1
BRDA:149,21,0,2
BRDA:149,21,1,2
BRDA:161,22,0,2
BRDA:161,22,1,0
BRDA:161,23,0,2
BRDA:161,23,1,2
BRDA:161,24,0,0
BRDA:161,24,1,2
BRDA:161,25,0,2
BRDA:161,25,1,2
BRDA:162,26,0,0
BRDA:162,26,1,2
BRDA:162,27,0,2
BRDA:162,27,1,0
BRDA:162,28,0,0
BRDA:162,28,1,2
BRDA:162,29,0,2
BRDA:162,29,1,2
BRDA:218,30,0,1
BRDA:218,30,1,0
BRDA:218,31,0,1
BRDA:218,31,1,1
BRDA:218,32,0,0
BRDA:218,32,1,1
BRDA:218,33,0,1
BRDA:218,33,1,1
BRDA:219,34,0,0
BRDA:219,34,1,1
BRDA:219,35,0,1
BRDA:219,35,1,0
BRDA:219,36,0,0
BRDA:219,36,1,1
BRDA:219,37,0,1
BRDA:219,37,1,1
BRDA:224,38,0,1
BRDA:224,38,1,0
BRDA:224,39,0,1
BRDA:224,39,1,1
BRF:78
BRH:61
end_of_record
TN:
SF:src/ArvoEventFactory/utils.ts
FN:8,(anonymous_1)
FNF:1
FNH:1
FNDA:13,(anonymous_1)
DA:1,6
DA:3,6
DA:4,6
DA:5,6
DA:6,6
DA:8,6
DA:10,13
LF:7
LH:7
BRF:0
BRH:0
end_of_record
TN:
SF:src/ArvoOrchestrationSubject/index.ts
FN:12,(anonymous_8)
FN:45,(anonymous_10)
FN:97,(anonymous_11)
FN:137,(anonymous_12)
FN:175,(anonymous_13)
FNF:5
FNH:5
FNDA:6,(anonymous_8)
FNDA:14,(anonymous_10)
FNDA:6,(anonymous_11)
FNDA:17,(anonymous_12)
FNDA:17,(anonymous_13)
DA:3,6
DA:4,6
DA:5,6
DA:6,6
DA:7,6
DA:12,6
DA:45,6
DA:51,14
DA:97,6
DA:103,6
DA:104,5
DA:137,6
DA:138,17
DA:140,17
DA:141,17
DA:142,3
DA:146,14
DA:147,14
DA:148,14
DA:150,3
DA:175,6
DA:176,17
DA:177,17
DA:178,17
DA:179,15
DA:181,15
DA:182,15
DA:183,1
DA:187,14
DA:189,3
DA:198,6
LF:31
LH:31
BRDA:54,0,0,14
BRDA:54,0,1,0
BRDA:54,1,0,14
BRDA:54,1,1,14
BRDA:60,2,0,12
BRDA:60,2,1,2
BRDA:60,3,0,14
BRDA:60,3,1,14
BRDA:106,4,0,4
BRDA:106,4,1,1
BRDA:106,5,0,5
BRDA:106,5,1,4
BRDA:109,6,0,5
BRDA:109,6,1,0
BRDA:109,7,0,5
BRDA:109,7,1,5
BRDA:110,8,0,2
BRDA:110,8,1,3
BRDA:110,9,0,5
BRDA:110,9,1,5
BRDA:141,10,0,3
BRDA:182,11,0,1
BRF:22
BRH:20
end_of_record
TN:
SF:src/ArvoOrchestrationSubject/schema.ts
FN:17,(anonymous_0)
FN:30,(anonymous_1)
FN:41,(anonymous_2)
FNF:3
FNH:3
FNDA:31,(anonymous_0)
FNDA:31,(anonymous_1)
FNDA:31,(anonymous_2)
DA:1,6
DA:2,6
DA:3,6
DA:6,6
DA:17,31
DA:30,31
DA:41,31
LF:7
LH:7
BRF:0
BRH:0
end_of_record
TN:
SF:src/ArvoOrchestratorContract/index.ts
FN:24,isLowerAlphanumeric
FN:87,(anonymous_4)
FN:121,(anonymous_5)
FNF:3
FNH:3
FNDA:4,isLowerAlphanumeric
FNDA:4,(anonymous_4)
FNDA:5,(anonymous_5)
DA:6,6
DA:7,6
DA:9,6
DA:25,4
DA:26,4
DA:87,6
DA:101,4
DA:102,1
DA:107,3
DA:115,3
DA:121,5
LF:11
LH:11
BRDA:101,0,0,1
BRDA:108,1,0,1
BRDA:108,1,1,2
BRDA:108,2,0,3
BRDA:108,2,1,3
BRDA:118,3,0,0
BRDA:118,3,1,3
BRDA:118,4,0,3
BRDA:118,4,1,3
BRF:9
BRH:8
end_of_record
TN:
SF:src/ArvoOrchestratorContract/schema.ts
FNF:0
FNH:0
DA:1,6
DA:2,6
DA:9,6
LF:3
LH:3
BRF:0
BRH:0
end_of_record
TN:
SF:src/ArvoOrchestratorContract/typegen.ts
FN:14,(anonymous_0)
FN:28,(anonymous_2)
FN:44,(anonymous_3)
FN:63,(anonymous_4)
FN:82,(anonymous_5)
FNF:5
FNH:4
FNDA:6,(anonymous_0)
FNDA:31,(anonymous_2)
FNDA:16,(anonymous_3)
FNDA:9,(anonymous_4)
FNDA:0,(anonymous_5)
DA:14,6
DA:19,6
DA:28,6
DA:29,31
DA:44,6
DA:47,16
DA:63,6
DA:66,9
DA:82,6
DA:85,0
DA:87,6
LF:11
LH:10
BRF:0
BRH:0
end_of_record
TN:
SF:src/OpenTelemetry/index.ts
FN:20,(anonymous_4)
FN:26,ArvoOpenTelemetry
FN:53,(anonymous_6)
FN:76,(anonymous_7)
FN:118,(anonymous_8)
FN:158,(anonymous_9)
FN:185,(anonymous_10)
FN:213,(anonymous_11)
FN:237,currentOpenTelemetryHeaders
FN:245,(anonymous_13)
FN:261,(anonymous_14)
FNF:11
FNH:9
FNDA:6,(anonymous_4)
FNDA:4,ArvoOpenTelemetry
FNDA:25,(anonymous_6)
FNDA:0,(anonymous_7)
FNDA:22,(anonymous_8)
FNDA:22,(anonymous_9)
FNDA:1,(anonymous_10)
FNDA:6,(anonymous_11)
FNDA:22,currentOpenTelemetryHeaders
FNDA:16,(anonymous_13)
FNDA:0,(anonymous_14)
DA:1,6
DA:13,6
DA:14,6
DA:15,6
DA:20,6
DA:24,6
DA:27,4
DA:53,6
DA:54,25
DA:55,4
DA:57,25
DA:76,6
DA:80,0
DA:81,0
DA:87,0
DA:88,0
DA:89,0
DA:90,0
DA:98,0
DA:118,6
DA:134,22
DA:135,0
DA:139,0
DA:143,0
DA:144,0
DA:147,22
DA:158,22
DA:159,22
DA:160,0
DA:162,22
DA:163,22
DA:164,22
DA:166,6
DA:167,6
DA:171,6
DA:173,22
DA:177,6
DA:185,6
DA:191,2
DA:193,2
DA:194,1
DA:200,1
DA:201,1
DA:203,0
DA:213,6
DA:215,12
DA:217,6
DA:218,4
DA:222,4
DA:224,2
DA:231,6
DA:237,6
DA:238,22
DA:239,22
DA:244,22
DA:246,16
DA:247,16
DA:252,22
DA:254,22
DA:261,6
DA:265,0
DA:269,0
LF:62
LH:47
BRDA:27,0,0,3
BRDA:27,0,1,1
BRDA:27,1,0,4
BRDA:27,1,1,4
BRDA:54,2,0,4
BRDA:55,3,0,1
BRDA:55,3,1,3
BRDA:55,4,0,4
BRDA:55,4,1,4
BRDA:80,5,0,0
BRDA:87,6,0,0
BRDA:89,7,0,0
BRDA:134,8,0,0
BRDA:135,9,0,0
BRDA:135,9,1,0
BRDA:136,10,0,0
BRDA:136,10,1,0
BRDA:143,11,0,0
BRDA:150,12,0,13
BRDA:150,12,1,9
BRDA:150,13,0,22
BRDA:150,13,1,22
BRDA:153,14,0,13
BRDA:153,14,1,9
BRDA:153,15,0,22
BRDA:153,15,1,22
BRDA:153,16,0,9
BRDA:153,16,1,13
BRDA:153,17,0,22
BRDA:153,17,1,22
BRDA:159,18,0,0
BRDA:191,19,0,1
BRDA:200,20,0,1
BRDA:200,20,1,0
BRDA:215,21,0,6
BRDA:217,22,0,4
BRDA:217,22,1,2
BRDA:246,23,0,16
BRDA:246,24,0,16
BRDA:246,24,1,16
BRDA:267,25,0,0
BRDA:267,25,1,0
BRDA:267,26,0,0
BRDA:267,26,1,0
BRF:44
BRH:29
end_of_record
TN:
SF:src/OpenTelemetry/ArvoExecution/index.ts
FN:4,(anonymous_0)
FNF:1
FNH:1
FNDA:6,(anonymous_0)
DA:4,6
DA:5,6
DA:6,6
LF:3
LH:3
BRF:0
BRH:0
end_of_record
TN:
SF:src/OpenTelemetry/ArvoExecution/types.ts
FN:1,(anonymous_0)
FNF:1
FNH:1
FNDA:6,(anonymous_0)
DA:1,6
DA:2,6
DA:3,6
DA:4,6
LF:4
LH:4
BRDA:1,0,0,6
BRDA:1,0,1,6
BRF:2
BRH:2
end_of_record
TN:
SF:src/OpenTelemetry/OpenInference/index.ts
FN:6,(anonymous_0)
FNF:1
FNH:1
FNDA:6,(anonymous_0)
DA:6,6
DA:7,6
DA:10,6
DA:11,6
DA:12,6
DA:13,6
DA:16,6
DA:17,6
DA:18,6
DA:19,6
DA:22,6
DA:23,6
DA:24,6
DA:25,6
DA:28,6
DA:31,6
DA:32,6
DA:35,6
DA:36,6
DA:37,6
DA:38,6
DA:39,6
DA:40,6
DA:42,6
DA:44,6
DA:46,6
DA:48,6
DA:49,6
DA:50,6
DA:53,6
DA:54,6
DA:55,6
DA:57,6
DA:59,6
DA:60,6
DA:63,6
DA:64,6
DA:65,6
DA:68,6
DA:71,6
DA:72,6
DA:75,6
DA:76,6
DA:77,6
DA:78,6
DA:79,6
DA:82,6
DA:85,6
DA:88,6
DA:91,6
DA:92,6
DA:93,6
DA:94,6
DA:97,6
DA:99,6
DA:102,6
DA:103,6
LF:57
LH:57
BRF:0
BRH:0
end_of_record
TN:
SF:src/OpenTelemetry/OpenInference/types.ts
FN:5,(anonymous_0)
FNF:1
FNH:1
FNDA:6,(anonymous_0)
DA:5,6
DA:6,6
DA:7,6
DA:8,6
DA:9,6
DA:10,6
DA:11,6
DA:12,6
DA:13,6
DA:14,6
LF:10
LH:10
BRDA:5,0,0,6
BRDA:5,0,1,6
BRF:2
BRH:2
end_of_record
TN:
SF:tests/utils.ts
FN:22,(anonymous_6)
FN:43,(anonymous_7)
FN:49,(anonymous_8)
FNF:3
FNH:3
FNDA:3,(anonymous_6)
FNDA:3,(anonymous_7)
FNDA:3,(anonymous_8)
DA:1,3
DA:2,3
DA:3,3
DA:4,3
DA:5,3
DA:6,3
DA:7,3
DA:13,3
DA:14,3
DA:15,3
DA:17,3
DA:19,3
DA:22,3
DA:23,3
DA:26,3
DA:27,3
DA:33,0
DA:41,3
DA:43,3
DA:44,3
DA:45,3
DA:49,3
DA:50,3
LF:23
LH:22
BRDA:26,0,0,3
BRDA:44,1,0,3
BRF:2
BRH:2
end_of_record
